#
# A fatal error has been detected by the Java Runtime Environment:
#
#  EXCEPTION_ACCESS_VIOLATION (0xc0000005) at pc=0x00000000, pid=10272, tid=0x00002480
#
# JRE version: Java(TM) SE Runtime Environment (8.0_171-b11) (build 1.8.0_171-b11)
# Java VM: Java HotSpot(TM) Client VM (25.171-b11 mixed mode, sharing windows-x86 )
# Problematic frame:
# C  0x00000000
#
# Failed to write core dump. Minidumps are not enabled by default on client versions of Windows
#
# If you would like to submit a bug report, please visit:
#   http://bugreport.java.com/bugreport/crash.jsp
# The crash happened outside the Java Virtual Machine in native code.
# See problematic frame for where to report the bug.
#

---------------  T H R E A D  ---------------

Current thread (0x0336d000):  JavaThread "main" [_thread_in_native, id=9344, stack(0x02df0000,0x02e40000)]

siginfo: ExceptionCode=0xc0000005, ExceptionInformation=0x00000008 0x00000000

Registers:
EAX=0x00000000, EBX=0x15749240, ECX=0x01512d40, EDX=0x1574cc50
ESP=0x02e3df24, EBP=0x02e3df28, ESI=0x15749240, EDI=0x0336d000
EIP=0x00000000, EFLAGS=0x00010287

Top of Stack: (sp=0x02e3df24)
0x02e3df24:   6e6a3910 02e3df64 0337daf1 0336d140
0x02e3df34:   02e3df7c 01512d40 0336d000 02e3dfa0
0x02e3df44:   02e3df44 00000000 02e3df7c 1574cc50
0x02e3df54:   00000000 15749240 00000000 02e3df74
0x02e3df64:   02e3dfa0 03374310 00000000 0337a1b0
0x02e3df74:   01512d40 0336d000 0af2f4d0 02e3df80
0x02e3df84:   15743555 02e3dfa8 1574cc50 00000000
0x02e3df94:   15743560 02e3df74 02e3dfa8 02e3dfcc 

Instructions: (pc=0x00000000)
0xffffffe0:   


Register to memory mapping:

EAX=0x00000000 is an unknown value
EBX={method} {0x15749244} 'isReplay_native' '(J)Z' in 'bwapi/Game'
ECX=0x01512d40 is an unknown value
EDX=0x1574cc50 is pointing into metadata
ESP=0x02e3df24 is pointing into the stack for thread: 0x0336d000
EBP=0x02e3df28 is pointing into the stack for thread: 0x0336d000
ESI={method} {0x15749244} 'isReplay_native' '(J)Z' in 'bwapi/Game'
EDI=0x0336d000 is a thread


Stack: [0x02df0000,0x02e40000],  sp=0x02e3df24,  free space=311k
Java frames: (J=compiled Java code, j=interpreted, Vv=VM code)
j  bwapi.Game.isReplay_native(J)Z+0
j  bwapi.Game.isReplay()Z+5
j  MyBotModule.onStart()V+24
j  bwapi.AIModule.onStart()V+11
v  ~StubRoutines::call_stub
j  bwapi.Mirror.startGame()V+0
j  MyBotModule.run()V+15
j  Main.main([Ljava/lang/String;)V+7
v  ~StubRoutines::call_stub

---------------  P R O C E S S  ---------------

Java Threads: ( => current thread )
  0x032b8000 JavaThread "Service Thread" daemon [_thread_blocked, id=2832, stack(0x15d40000,0x15d90000)]
  0x032b1800 JavaThread "C1 CompilerThread0" daemon [_thread_blocked, id=8664, stack(0x15cb0000,0x15d00000)]
  0x032ae400 JavaThread "Attach Listener" daemon [_thread_blocked, id=9564, stack(0x15c20000,0x15c70000)]
  0x0329e000 JavaThread "Signal Dispatcher" daemon [_thread_blocked, id=2120, stack(0x15b90000,0x15be0000)]
  0x03294c00 JavaThread "Finalizer" daemon [_thread_blocked, id=14300, stack(0x15a70000,0x15ac0000)]
  0x03236c00 JavaThread "Reference Handler" daemon [_thread_blocked, id=12348, stack(0x159e0000,0x15a30000)]
=>0x0336d000 JavaThread "main" [_thread_in_native, id=9344, stack(0x02df0000,0x02e40000)]

Other Threads:
  0x03234000 VMThread [stack: 0x15950000,0x159a0000] [id=8840]
  0x032bc000 WatcherThread [stack: 0x15dd0000,0x15e20000] [id=7840]

VM state:not at safepoint (normal execution)

VM Mutex/Monitor currently owned by a thread: None

Heap:
 def new generation   total 4928K, used 4250K [0x05400000, 0x05950000, 0x0a950000)
  eden space 4416K,  95% used [0x05400000, 0x0581cb98, 0x05850000)
  from space 512K,   7% used [0x058d0000, 0x058da048, 0x05950000)
  to   space 512K,   0% used [0x05850000, 0x05850000, 0x058d0000)
 tenured generation   total 10944K, used 6499K [0x0a950000, 0x0b400000, 0x15400000)
   the space 10944K,  59% used [0x0a950000, 0x0afa8cb0, 0x0afa8e00, 0x0b400000)
 Metaspace       used 659K, capacity 2818K, committed 2880K, reserved 4480K

Card table byte_map: [0x15400000,0x15490000] byte_map_base: 0x153d6000

Polling page: 0x015f0000

CodeCache: size=32768Kb used=842Kb max_used=842Kb free=31925Kb
 bounds [0x03370000, 0x03448000, 0x05370000]
 total_blobs=258 nmethods=111 adapters=78
 compilation: enabled

Compilation events (10 events):
Event: 59.506 Thread 0x032b1800  105             java.util.ArrayList::get (11 bytes)
Event: 59.506 Thread 0x032b1800 nmethod 105 0x034414c8 code [0x034415e0, 0x034416f8]
Event: 59.506 Thread 0x032b1800  106             java.util.ArrayList::rangeCheck (22 bytes)
Event: 59.506 Thread 0x032b1800 nmethod 106 0x03441888 code [0x034419e0, 0x03441c78]
Event: 59.506 Thread 0x032b1800  107             java.util.ArrayList::elementData (7 bytes)
Event: 59.506 Thread 0x032b1800 nmethod 107 0x03441f48 code [0x03442040, 0x034420e0]
Event: 59.551 Thread 0x032b1800  108             bwta.Polygon::getPoints (9 bytes)
Event: 59.551 Thread 0x032b1800 nmethod 108 0x03442408 code [0x03442500, 0x0344259c]
Event: 59.823 Thread 0x032b1800  110             bwapi.Game::drawLineMap (12 bytes)
Event: 59.823 Thread 0x032b1800 nmethod 110 0x034428c8 code [0x034429c0, 0x03442a6c]

GC Heap History (10 events):
Event: 0.321 GC heap before
{Heap before GC invocations=2 (full 0):
 def new generation   total 4928K, used 4038K [0x05400000, 0x05950000, 0x0a950000)
  eden space 4416K,  79% used [0x05400000, 0x057718b8, 0x05850000)
  from space 512K, 100% used [0x05850000, 0x058d0000, 0x058d0000)
  to   space 512K,   0% used [0x058d0000, 0x058d0000, 0x05950000)
 tenured generation   total 10944K, used 2322K [0x0a950000, 0x0b400000, 0x15400000)
   the space 10944K,  21% used [0x0a950000, 0x0ab94a18, 0x0ab94c00, 0x0b400000)
 Metaspace       used 118K, capacity 2274K, committed 2368K, reserved 4480K
Event: 0.321 GC heap after
Heap after GC invocations=3 (full 0):
 def new generation   total 4928K, used 512K [0x05400000, 0x05950000, 0x0a950000)
  eden space 4416K,   0% used [0x05400000, 0x05400000, 0x05850000)
  from space 512K, 100% used [0x058d0000, 0x05950000, 0x05950000)
  to   space 512K,   0% used [0x05850000, 0x05850000, 0x058d0000)
 tenured generation   total 10944K, used 2998K [0x0a950000, 0x0b400000, 0x15400000)
   the space 10944K,  27% used [0x0a950000, 0x0ac3d9f0, 0x0ac3da00, 0x0b400000)
 Metaspace       used 118K, capacity 2274K, committed 2368K, reserved 4480K
}
Event: 0.408 GC heap before
{Heap before GC invocations=3 (full 0):
 def new generation   total 4928K, used 4902K [0x05400000, 0x05950000, 0x0a950000)
  eden space 4416K,  99% used [0x05400000, 0x058498f0, 0x05850000)
  from space 512K, 100% used [0x058d0000, 0x05950000, 0x05950000)
  to   space 512K,   0% used [0x05850000, 0x05850000, 0x058d0000)
 tenured generation   total 10944K, used 2998K [0x0a950000, 0x0b400000, 0x15400000)
   the space 10944K,  27% used [0x0a950000, 0x0ac3d9f0, 0x0ac3da00, 0x0b400000)
 Metaspace       used 277K, capacity 2434K, committed 2496K, reserved 4480K
Event: 0.409 GC heap after
Heap after GC invocations=4 (full 0):
 def new generation   total 4928K, used 167K [0x05400000, 0x05950000, 0x0a950000)
  eden space 4416K,   0% used [0x05400000, 0x05400000, 0x05850000)
  from space 512K,  32% used [0x05850000, 0x05879f18, 0x058d0000)
  to   space 512K,   0% used [0x058d0000, 0x058d0000, 0x05950000)
 tenured generation   total 10944K, used 4561K [0x0a950000, 0x0b400000, 0x15400000)
   the space 10944K,  41% used [0x0a950000, 0x0adc4520, 0x0adc4600, 0x0b400000)
 Metaspace       used 277K, capacity 2434K, committed 2496K, reserved 4480K
}
Event: 59.507 GC heap before
{Heap before GC invocations=4 (full 0):
 def new generation   total 4928K, used 4583K [0x05400000, 0x05950000, 0x0a950000)
  eden space 4416K, 100% used [0x05400000, 0x05850000, 0x05850000)
  from space 512K,  32% used [0x05850000, 0x05879f18, 0x058d0000)
  to   space 512K,   0% used [0x058d0000, 0x058d0000, 0x05950000)
 tenured generation   total 10944K, used 4561K [0x0a950000, 0x0b400000, 0x15400000)
   the space 10944K,  41% used [0x0a950000, 0x0adc4520, 0x0adc4600, 0x0b400000)
 Metaspace       used 653K, capacity 2818K, committed 2880K, reserved 4480K
Event: 59.511 GC heap after
Heap after GC invocations=5 (full 0):
 def new generation   total 4928K, used 512K [0x05400000, 0x05950000, 0x0a950000)
  eden space 4416K,   0% used [0x05400000, 0x05400000, 0x05850000)
  from space 512K, 100% used [0x058d0000, 0x05950000, 0x05950000)
  to   space 512K,   0% used [0x05850000, 0x05850000, 0x058d0000)
 tenured generation   total 10944K, used 5990K [0x0a950000, 0x0b400000, 0x15400000)
   the space 10944K,  54% used [0x0a950000, 0x0af29bd8, 0x0af29c00, 0x0b400000)
 Metaspace       used 653K, capacity 2818K, committed 2880K, reserved 4480K
}
Event: 59.566 GC heap before
{Heap before GC invocations=5 (full 0):
 def new generation   total 4928K, used 4928K [0x05400000, 0x05950000, 0x0a950000)
  eden space 4416K, 100% used [0x05400000, 0x05850000, 0x05850000)
  from space 512K, 100% used [0x058d0000, 0x05950000, 0x05950000)
  to   space 512K,   0% used [0x05850000, 0x05850000, 0x058d0000)
 tenured generation   total 10944K, used 5990K [0x0a950000, 0x0b400000, 0x15400000)
   the space 10944K,  54% used [0x0a950000, 0x0af29bd8, 0x0af29c00, 0x0b400000)
 Metaspace       used 653K, capacity 2818K, committed 2880K, reserved 4480K
Event: 59.567 GC heap after
Heap after GC invocations=6 (full 0):
 def new generation   total 4928K, used 23K [0x05400000, 0x05950000, 0x0a950000)
  eden space 4416K,   0% used [0x05400000, 0x05400000, 0x05850000)
  from space 512K,   4% used [0x05850000, 0x05855f78, 0x058d0000)
  to   space 512K,   0% used [0x058d0000, 0x058d0000, 0x05950000)
 tenured generation   total 10944K, used 6499K [0x0a950000, 0x0b400000, 0x15400000)
   the space 10944K,  59% used [0x0a950000, 0x0afa8cb0, 0x0afa8e00, 0x0b400000)
 Metaspace       used 653K, capacity 2818K, committed 2880K, reserved 4480K
}
Event: 59.644 GC heap before
{Heap before GC invocations=6 (full 0):
 def new generation   total 4928K, used 4439K [0x05400000, 0x05950000, 0x0a950000)
  eden space 4416K, 100% used [0x05400000, 0x05850000, 0x05850000)
  from space 512K,   4% used [0x05850000, 0x05855f78, 0x058d0000)
  to   space 512K,   0% used [0x058d0000, 0x058d0000, 0x05950000)
 tenured generation   total 10944K, used 6499K [0x0a950000, 0x0b400000, 0x15400000)
   the space 10944K,  59% used [0x0a950000, 0x0afa8cb0, 0x0afa8e00, 0x0b400000)
 Metaspace       used 653K, capacity 2818K, committed 2880K, reserved 4480K
Event: 59.645 GC heap after
Heap after GC invocations=7 (full 0):
 def new generation   total 4928K, used 40K [0x05400000, 0x05950000, 0x0a950000)
  eden space 4416K,   0% used [0x05400000, 0x05400000, 0x05850000)
  from space 512K,   7% used [0x058d0000, 0x058da048, 0x05950000)
  to   space 512K,   0% used [0x05850000, 0x05850000, 0x058d0000)
 tenured generation   total 10944K, used 6499K [0x0a950000, 0x0b400000, 0x15400000)
   the space 10944K,  59% used [0x0a950000, 0x0afa8cb0, 0x0afa8e00, 0x0b400000)
 Metaspace       used 653K, capacity 2818K, committed 2880K, reserved 4480K
}

Deoptimization events (0 events):
No events

Classes redefined (0 events):
No events

Internal exceptions (3 events):
Event: 0.025 Thread 0x0336d000 Exception <a 'java/lang/NoSuchMethodError': Method sun.misc.Unsafe.defineClass(Ljava/lang/String;[BII)Ljava/lang/Class; name or signature does not match> (0x054079d0) thrown at [C:\re\workspace\8-2-build-windows-i586-cygwin\jdk8u171\10807\hotspot\src\shar
Event: 0.025 Thread 0x0336d000 Exception <a 'java/lang/NoSuchMethodError': Method sun.misc.Unsafe.prefetchRead(Ljava/lang/Object;J)V name or signature does not match> (0x05407ca0) thrown at [C:\re\workspace\8-2-build-windows-i586-cygwin\jdk8u171\10807\hotspot\src\share\vm\prims\jni.cpp
Event: 59.136 Thread 0x0336d000 Exception <a 'java/io/FileNotFoundException'> (0x05452b38) thrown at [C:\re\workspace\8-2-build-windows-i586-cygwin\jdk8u171\10807\hotspot\src\share\vm\prims\jni.cpp, line 709]

Events (10 events):
Event: 59.507 Executing VM operation: GenCollectForAllocation
Event: 59.511 Executing VM operation: GenCollectForAllocation done
Event: 59.511 Executing VM operation: RevokeBias
Event: 59.511 Executing VM operation: RevokeBias done
Event: 59.566 Executing VM operation: GenCollectForAllocation
Event: 59.567 Executing VM operation: GenCollectForAllocation done
Event: 59.644 Executing VM operation: GenCollectForAllocation
Event: 59.645 Executing VM operation: GenCollectForAllocation done
Event: 59.830 loading class bwapi/Bullet
Event: 59.830 loading class bwapi/Bullet done


Dynamic libraries:
0x009d0000 - 0x00a03000 	C:\Program Files (x86)\Java\jre1.8.0_171\bin\javaw.exe
0x77290000 - 0x77420000 	C:\WINDOWS\SYSTEM32\ntdll.dll
0x73b70000 - 0x73c50000 	C:\WINDOWS\System32\KERNEL32.DLL
0x764d0000 - 0x766b4000 	C:\WINDOWS\System32\KERNELBASE.dll
0x76b20000 - 0x76b98000 	C:\WINDOWS\System32\ADVAPI32.dll
0x75160000 - 0x7521f000 	C:\WINDOWS\System32\msvcrt.dll
0x77150000 - 0x77194000 	C:\WINDOWS\System32\sechost.dll
0x77090000 - 0x77150000 	C:\WINDOWS\System32\RPCRT4.dll
0x73b50000 - 0x73b70000 	C:\WINDOWS\System32\SspiCli.dll
0x73b40000 - 0x73b4a000 	C:\WINDOWS\System32\CRYPTBASE.dll
0x77030000 - 0x77088000 	C:\WINDOWS\System32\bcryptPrimitives.dll
0x75990000 - 0x75b1d000 	C:\WINDOWS\System32\USER32.dll
0x76cf0000 - 0x76d07000 	C:\WINDOWS\System32\win32u.dll
0x76ae0000 - 0x76b02000 	C:\WINDOWS\System32\GDI32.dll
0x75c40000 - 0x75da4000 	C:\WINDOWS\System32\gdi32full.dll
0x73d90000 - 0x73e0d000 	C:\WINDOWS\System32\msvcp_win.dll
0x73c50000 - 0x73d6e000 	C:\WINDOWS\System32\ucrtbase.dll
0x71b90000 - 0x71d94000 	C:\WINDOWS\WinSxS\x86_microsoft.windows.common-controls_6595b64144ccf1df_6.0.17134.112_none_42ecccf244e44518\COMCTL32.dll
0x76d70000 - 0x76fcc000 	C:\WINDOWS\System32\combase.dll
0x75b70000 - 0x75b96000 	C:\WINDOWS\System32\IMM32.DLL
0x6eba0000 - 0x6ec5f000 	C:\Program Files (x86)\Java\jre1.8.0_171\bin\msvcr100.dll
0x6fb80000 - 0x6ff51000 	C:\Program Files (x86)\Java\jre1.8.0_171\bin\client\jvm.dll
0x75e10000 - 0x75e16000 	C:\WINDOWS\System32\PSAPI.DLL
0x72e90000 - 0x72e98000 	C:\WINDOWS\SYSTEM32\WSOCK32.dll
0x73a90000 - 0x73a98000 	C:\WINDOWS\SYSTEM32\VERSION.dll
0x73090000 - 0x730b4000 	C:\WINDOWS\SYSTEM32\WINMM.dll
0x766c0000 - 0x76727000 	C:\WINDOWS\System32\WS2_32.dll
0x73060000 - 0x73083000 	C:\WINDOWS\SYSTEM32\winmmbase.dll
0x76730000 - 0x76769000 	C:\WINDOWS\System32\cfgmgr32.dll
0x72480000 - 0x7248c000 	C:\Program Files (x86)\Java\jre1.8.0_171\bin\verify.dll
0x709c0000 - 0x709e2000 	C:\Program Files (x86)\Java\jre1.8.0_171\bin\java.dll
0x72460000 - 0x72474000 	C:\Program Files (x86)\Java\jre1.8.0_171\bin\zip.dll
0x73e10000 - 0x7515a000 	C:\WINDOWS\System32\SHELL32.dll
0x76440000 - 0x764c8000 	C:\WINDOWS\System32\shcore.dll
0x75e70000 - 0x7642a000 	C:\WINDOWS\System32\windows.storage.dll
0x76860000 - 0x768a5000 	C:\WINDOWS\System32\shlwapi.dll
0x76850000 - 0x7685f000 	C:\WINDOWS\System32\kernel.appcore.dll
0x73d70000 - 0x73d88000 	C:\WINDOWS\System32\profapi.dll
0x75e20000 - 0x75e65000 	C:\WINDOWS\System32\powrprof.dll
0x76430000 - 0x76438000 	C:\WINDOWS\System32\FLTLIB.DLL
0x6e680000 - 0x6e906000 	C:\Algorithm2018\Guide-master\Guide-master\JAVA\BasicBot\bwapi_bridge2_5.dll
0x6ee30000 - 0x6ef1e000 	C:\WINDOWS\SYSTEM32\MSVCR120.dll
0x70050000 - 0x700c1000 	C:\WINDOWS\SYSTEM32\MSVCP120.dll
0x6f540000 - 0x6f59e000 	C:\WINDOWS\libmpfr-4.dll
0x6acc0000 - 0x6ad27000 	C:\WINDOWS\libgmp-10.dll
0x71160000 - 0x712e2000 	C:\WINDOWS\SYSTEM32\dbghelp.dll

VM Arguments:
jvm_args: -Dfile.encoding=UTF-8 
java_command: Main
java_class_path (initial): C:\Program Files (x86)\Java\jre1.8.0_171\lib\resources.jar;C:\Program Files (x86)\Java\jre1.8.0_171\lib\rt.jar;C:\Program Files (x86)\Java\jre1.8.0_171\lib\jsse.jar;C:\Program Files (x86)\Java\jre1.8.0_171\lib\jce.jar;C:\Program Files (x86)\Java\jre1.8.0_171\lib\charsets.jar;C:\Program Files (x86)\Java\jre1.8.0_171\lib\jfr.jar;C:\Program Files (x86)\Java\jre1.8.0_171\lib\ext\access-bridge-32.jar;C:\Program Files (x86)\Java\jre1.8.0_171\lib\ext\cldrdata.jar;C:\Program Files (x86)\Java\jre1.8.0_171\lib\ext\dnsns.jar;C:\Program Files (x86)\Java\jre1.8.0_171\lib\ext\jaccess.jar;C:\Program Files (x86)\Java\jre1.8.0_171\lib\ext\jfxrt.jar;C:\Program Files (x86)\Java\jre1.8.0_171\lib\ext\localedata.jar;C:\Program Files (x86)\Java\jre1.8.0_171\lib\ext\nashorn.jar;C:\Program Files (x86)\Java\jre1.8.0_171\lib\ext\sunec.jar;C:\Program Files (x86)\Java\jre1.8.0_171\lib\ext\sunjce_provider.jar;C:\Program Files (x86)\Java\jre1.8.0_171\lib\ext\sunmscapi.jar;C:\Program Files (x86)\Java\jre1.8.0_171\lib\ext\sunpkcs11.jar;C:\Program Files (x86)\Java\jre1.8.0_171\lib\ext\zipfs.jar;C:\Algorithm2018\Guide-master\Guide-master\JAVA\BasicBot\bin;C:\Algorithm2018\Guide-master\Guide-master\JAVA\BasicBot\lib\bwmirror_v2_5.jar
Launcher Type: SUN_STANDARD

Environment Variables:
PATH=C:/Program Files (x86)/Java/jre1.8.0_171/bin/client;C:/Program Files (x86)/Java/jre1.8.0_171/bin;C:/Program Files (x86)/Java/jre1.8.0_171/lib/i386;C:\Program Files (x86)\Common Files\Oracle\Java\javapath;C:\Python27\;C:\Python27\Scripts;C:\ProgramData\Oracle\Java\javapath;C:\Windows\system32;C:\Windows;C:\Windows\System32\Wbem;C:\Windows\System32\WindowsPowerShell\v1.0\;C:\Program Files (x86)\NVIDIA Corporation\PhysX\Common;C:\WINDOWS\system32;C:\WINDOWS;C:\WINDOWS\System32\Wbem;C:\WINDOWS\System32\WindowsPowerShell\v1.0\;C:\WINDOWS\System32\OpenSSH\;C:\Users\권순우\AppData\Local\Microsoft\WindowsApps;;C:\Users\권순우\Desktop\스타 개발\eclipse-java-oxygen-R-win32\eclipse;
USERNAME=권순우
OS=Windows_NT
PROCESSOR_IDENTIFIER=Intel64 Family 6 Model 94 Stepping 3, GenuineIntel



---------------  S Y S T E M  ---------------

OS: Windows 10.0 , 64 bit Build 17134 (10.0.17134.1)

CPU:total 8 (initial active 8) (4 cores per cpu, 2 threads per core) family 6 model 94 stepping 3, cmov, cx8, fxsr, mmx, sse, sse2, sse3, ssse3, sse4.1, sse4.2, popcnt, avx, avx2, aes, clmul, erms, rtm, 3dnowpref, lzcnt, ht, tsc, tscinvbit, bmi1, bmi2, adx

Memory: 4k page, physical 16709136k(12755456k free), swap 19199504k(13053044k free)

vm_info: Java HotSpot(TM) Client VM (25.171-b11) for windows-x86 JRE (1.8.0_171-b11), built on Mar 28 2018 14:51:22 by "java_re" with MS VC++ 10.0 (VS2010)

time: Sat Jun 16 07:24:29 2018
elapsed time: 250 seconds (0d 0h 4m 10s)

