#
# A fatal error has been detected by the Java Runtime Environment:
#
#  EXCEPTION_UNCAUGHT_CXX_EXCEPTION (0xe06d7363) at pc=0x7456db52, pid=3728, tid=0x000028a0
#
# JRE version: Java(TM) SE Runtime Environment (8.0_171-b11) (build 1.8.0_171-b11)
# Java VM: Java HotSpot(TM) Client VM (25.171-b11 mixed mode, sharing windows-x86 )
# Problematic frame:
# C  [KERNELBASE.dll+0x10db52]
#
# Failed to write core dump. Minidumps are not enabled by default on client versions of Windows
#
# If you would like to submit a bug report, please visit:
#   http://bugreport.java.com/bugreport/crash.jsp
# The crash happened outside the Java Virtual Machine in native code.
# See problematic frame for where to report the bug.
#

---------------  T H R E A D  ---------------

Current thread (0x0308d400):  JavaThread "main" [_thread_in_native, id=10400, stack(0x01160000,0x011b0000)]

siginfo: ExceptionCode=0xe06d7363, ExceptionInformation=0x19930520 0x011adbac 0x6ba10d38 

Registers:
EAX=0x011adb00, EBX=0x164385d8, ECX=0x00000003, EDX=0x00000000
ESP=0x011adb00, EBP=0x011adb5c, ESI=0x6ba10d38, EDI=0x011adbac
EIP=0x7456db52, EFLAGS=0x00000216

Top of Stack: (sp=0x011adb00)
0x011adb00:   e06d7363 00000001 00000000 7456db52
0x011adb10:   00000003 19930520 011adbac 6ba10d38
0x011adb20:   00ce0890 00000000 011adb68 776c48da
0x011adb30:   00000010 00000000 0000009b 01060000
0x011adb40:   00000000 00000018 00000003 00000000
0x011adb50:   00000002 20eb2bfe 00000010 011adb9c
0x011adb60:   6ba69339 e06d7363 00000001 00000003
0x011adb70:   011adb90 000000ba 161baf34 e06d7363 

Instructions: (pc=0x7456db52)
0x7456db32:   89 44 24 10 c1 e0 02 50 51 8d 44 24 1c 50 e8 6f
0x7456db42:   84 00 00 83 c4 0c 8d 04 24 50 ff 15 9c 33 61 74
0x7456db52:   8b 4c 24 54 33 cc e8 f3 43 00 00 8b e5 5d c2 10
0x7456db62:   00 83 64 24 10 00 eb de 6a 0f 58 eb c3 cc cc cc 


Register to memory mapping:

EAX=0x011adb00 is pointing into the stack for thread: 0x0308d400
EBX=0x164385d8 is an unknown value
ECX=0x00000003 is an unknown value
EDX=0x00000000 is an unknown value
ESP=0x011adb00 is pointing into the stack for thread: 0x0308d400
EBP=0x011adb5c is pointing into the stack for thread: 0x0308d400
ESI=0x6ba10d38 is an unknown value
EDI=0x011adbac is pointing into the stack for thread: 0x0308d400


Stack: [0x01160000,0x011b0000],  sp=0x011adb00,  free space=310k
Native frames: (J=compiled Java code, j=interpreted, Vv=VM code, C=native code)
C  [KERNELBASE.dll+0x10db52]
C  [MSVCR120.dll+0x19339]
C  [MSVCP120.dll+0x139ad]
C  [bwapi_bridge2_5.dll+0x88d85]
C  [bwapi_bridge2_5.dll+0x8df0e]
C  [bwapi_bridge2_5.dll+0x92ab7]

Java frames: (J=compiled Java code, j=interpreted, Vv=VM code)
j  bwapi.Unit.getUnitsInWeaponRange_native(JLbwapi/WeaponType;)Ljava/util/List;+0
j  bwapi.Unit.getUnitsInWeaponRange(Lbwapi/WeaponType;)Ljava/util/List;+6
j  Mutalisk.getNextTargetOf(Lbwapi/Unit;)Lbwapi/Unit;+157
J 357 C1 Mutalisk.myMutal()V (533 bytes) @ 0x031e3b14 [0x031e3770+0x3a4]
J 297 C1 StrategyManager.update()V (144 bytes) @ 0x031bba5c [0x031bb840+0x21c]
J 354 C1 GameCommander.onFrame()V (239 bytes) @ 0x031e14ac [0x031e10e0+0x3cc]
J 349 C1 MyBotModule.onFrame()V (277 bytes) @ 0x031dc30c [0x031dc110+0x1fc]
J 365 C1 bwapi.AIModule.onFrame()V (17 bytes) @ 0x031eed44 [0x031eed10+0x34]
v  ~StubRoutines::call_stub
j  bwapi.Mirror.startGame()V+0
j  MyBotModule.run()V+15
j  Main.main([Ljava/lang/String;)V+7
v  ~StubRoutines::call_stub

---------------  P R O C E S S  ---------------

Java Threads: ( => current thread )
  0x02aea400 JavaThread "Service Thread" daemon [_thread_blocked, id=15028, stack(0x15850000,0x158a0000)]
  0x02ae4400 JavaThread "C1 CompilerThread0" daemon [_thread_blocked, id=12780, stack(0x157c0000,0x15810000)]
  0x02ae1000 JavaThread "Attach Listener" daemon [_thread_blocked, id=4352, stack(0x15730000,0x15780000)]
  0x02afb800 JavaThread "Signal Dispatcher" daemon [_thread_blocked, id=4940, stack(0x156a0000,0x156f0000)]
  0x02ac4c00 JavaThread "Finalizer" daemon [_thread_blocked, id=7344, stack(0x05120000,0x05170000)]
  0x02a66c00 JavaThread "Reference Handler" daemon [_thread_blocked, id=5716, stack(0x05090000,0x050e0000)]
=>0x0308d400 JavaThread "main" [_thread_in_native, id=10400, stack(0x01160000,0x011b0000)]

Other Threads:
  0x02a64000 VMThread [stack: 0x02fe0000,0x03030000] [id=10380]
  0x02b27000 WatcherThread [stack: 0x158e0000,0x15930000] [id=7860]

VM state:not at safepoint (normal execution)

VM Mutex/Monitor currently owned by a thread: None

Heap:
 def new generation   total 4992K, used 3289K [0x05200000, 0x05760000, 0x0a750000)
  eden space 4480K,  62% used [0x05200000, 0x054b66b0, 0x05660000)
  from space 512K,  99% used [0x056e0000, 0x0575fff8, 0x05760000)
  to   space 512K,   0% used [0x05660000, 0x05660000, 0x056e0000)
 tenured generation   total 10944K, used 10091K [0x0a750000, 0x0b200000, 0x15200000)
   the space 10944K,  92% used [0x0a750000, 0x0b12ac88, 0x0b12ae00, 0x0b200000)
 Metaspace       used 739K, capacity 2882K, committed 3008K, reserved 4480K

Card table byte_map: [0x02f50000,0x02fe0000] byte_map_base: 0x02f27000

Polling page: 0x011b0000

CodeCache: size=32768Kb used=1483Kb max_used=1483Kb free=31284Kb
 bounds [0x03090000, 0x03208000, 0x05090000]
 total_blobs=562 nmethods=414 adapters=79
 compilation: enabled

Compilation events (10 events):
Event: 143.308 Thread 0x02ae4400  409             WorkerManager::getClosestEnemyUnitFromWorker (90 bytes)
Event: 143.308 Thread 0x02ae4400 nmethod 409 0x031fc148 code [0x031fc2c0, 0x031fc4e8]
Event: 149.308 Thread 0x02ae4400  410             ConstructionManager::checkForDeadlockConstruction (570 bytes)
Event: 149.310 Thread 0x02ae4400 nmethod 410 0x031fc788 code [0x031fcbe0, 0x031fe1b4]
Event: 160.230 Thread 0x02ae4400  411             ConstructionPlaceFinder::canBuildHereWithSpace (553 bytes)
Event: 160.232 Thread 0x02ae4400 nmethod 411 0x032000c8 code [0x03200340, 0x03200c30]
Event: 160.513 Thread 0x02ae4400  412             MetaType::getUnitType (5 bytes)
Event: 160.513 Thread 0x02ae4400 nmethod 412 0x03201a88 code [0x03201b80, 0x03201c00]
Event: 160.793 Thread 0x02ae4400  413             BuildOrderQueue::getItemCount (277 bytes)
Event: 160.793 Thread 0x02ae4400 nmethod 413 0x03201c48 code [0x03201e10, 0x032023d0]

GC Heap History (10 events):
Event: 162.622 GC heap before
{Heap before GC invocations=1464 (full 54):
 def new generation   total 4992K, used 4991K [0x05200000, 0x05760000, 0x0a750000)
  eden space 4480K, 100% used [0x05200000, 0x05660000, 0x05660000)
  from space 512K,  99% used [0x05660000, 0x056dfff8, 0x056e0000)
  to   space 512K,   0% used [0x056e0000, 0x056e0000, 0x05760000)
 tenured generation   total 10944K, used 8795K [0x0a750000, 0x0b200000, 0x15200000)
   the space 10944K,  80% used [0x0a750000, 0x0afe6cb8, 0x0afe6e00, 0x0b200000)
 Metaspace       used 739K, capacity 2882K, committed 3008K, reserved 4480K
Event: 162.625 GC heap after
Heap after GC invocations=1465 (full 54):
 def new generation   total 4992K, used 512K [0x05200000, 0x05760000, 0x0a750000)
  eden space 4480K,   0% used [0x05200000, 0x05200000, 0x05660000)
  from space 512K, 100% used [0x056e0000, 0x05760000, 0x05760000)
  to   space 512K,   0% used [0x05660000, 0x05660000, 0x056e0000)
 tenured generation   total 10944K, used 9054K [0x0a750000, 0x0b200000, 0x15200000)
   the space 10944K,  82% used [0x0a750000, 0x0b0278a8, 0x0b027a00, 0x0b200000)
 Metaspace       used 739K, capacity 2882K, committed 3008K, reserved 4480K
}
Event: 162.714 GC heap before
{Heap before GC invocations=1465 (full 54):
 def new generation   total 4992K, used 4992K [0x05200000, 0x05760000, 0x0a750000)
  eden space 4480K, 100% used [0x05200000, 0x05660000, 0x05660000)
  from space 512K, 100% used [0x056e0000, 0x05760000, 0x05760000)
  to   space 512K,   0% used [0x05660000, 0x05660000, 0x056e0000)
 tenured generation   total 10944K, used 9054K [0x0a750000, 0x0b200000, 0x15200000)
   the space 10944K,  82% used [0x0a750000, 0x0b0278a8, 0x0b027a00, 0x0b200000)
 Metaspace       used 739K, capacity 2882K, committed 3008K, reserved 4480K
Event: 162.715 GC heap after
Heap after GC invocations=1466 (full 54):
 def new generation   total 4992K, used 512K [0x05200000, 0x05760000, 0x0a750000)
  eden space 4480K,   0% used [0x05200000, 0x05200000, 0x05660000)
  from space 512K, 100% used [0x05660000, 0x056e0000, 0x056e0000)
  to   space 512K,   0% used [0x056e0000, 0x056e0000, 0x05760000)
 tenured generation   total 10944K, used 9313K [0x0a750000, 0x0b200000, 0x15200000)
   the space 10944K,  85% used [0x0a750000, 0x0b068628, 0x0b068800, 0x0b200000)
 Metaspace       used 739K, capacity 2882K, committed 3008K, reserved 4480K
}
Event: 162.799 GC heap before
{Heap before GC invocations=1466 (full 54):
 def new generation   total 4992K, used 4992K [0x05200000, 0x05760000, 0x0a750000)
  eden space 4480K, 100% used [0x05200000, 0x05660000, 0x05660000)
  from space 512K, 100% used [0x05660000, 0x056e0000, 0x056e0000)
  to   space 512K,   0% used [0x056e0000, 0x056e0000, 0x05760000)
 tenured generation   total 10944K, used 9313K [0x0a750000, 0x0b200000, 0x15200000)
   the space 10944K,  85% used [0x0a750000, 0x0b068628, 0x0b068800, 0x0b200000)
 Metaspace       used 739K, capacity 2882K, committed 3008K, reserved 4480K
Event: 162.800 GC heap after
Heap after GC invocations=1467 (full 54):
 def new generation   total 4992K, used 512K [0x05200000, 0x05760000, 0x0a750000)
  eden space 4480K,   0% used [0x05200000, 0x05200000, 0x05660000)
  from space 512K, 100% used [0x056e0000, 0x05760000, 0x05760000)
  to   space 512K,   0% used [0x05660000, 0x05660000, 0x056e0000)
 tenured generation   total 10944K, used 9572K [0x0a750000, 0x0b200000, 0x15200000)
   the space 10944K,  87% used [0x0a750000, 0x0b0a9308, 0x0b0a9400, 0x0b200000)
 Metaspace       used 739K, capacity 2882K, committed 3008K, reserved 4480K
}
Event: 162.892 GC heap before
{Heap before GC invocations=1467 (full 54):
 def new generation   total 4992K, used 4992K [0x05200000, 0x05760000, 0x0a750000)
  eden space 4480K, 100% used [0x05200000, 0x05660000, 0x05660000)
  from space 512K, 100% used [0x056e0000, 0x05760000, 0x05760000)
  to   space 512K,   0% used [0x05660000, 0x05660000, 0x056e0000)
 tenured generation   total 10944K, used 9572K [0x0a750000, 0x0b200000, 0x15200000)
   the space 10944K,  87% used [0x0a750000, 0x0b0a9308, 0x0b0a9400, 0x0b200000)
 Metaspace       used 739K, capacity 2882K, committed 3008K, reserved 4480K
Event: 162.894 GC heap after
Heap after GC invocations=1468 (full 54):
 def new generation   total 4992K, used 511K [0x05200000, 0x05760000, 0x0a750000)
  eden space 4480K,   0% used [0x05200000, 0x05200000, 0x05660000)
  from space 512K,  99% used [0x05660000, 0x056dfff8, 0x056e0000)
  to   space 512K,   0% used [0x056e0000, 0x056e0000, 0x05760000)
 tenured generation   total 10944K, used 9831K [0x0a750000, 0x0b200000, 0x15200000)
   the space 10944K,  89% used [0x0a750000, 0x0b0e9ff8, 0x0b0ea000, 0x0b200000)
 Metaspace       used 739K, capacity 2882K, committed 3008K, reserved 4480K
}
Event: 163.001 GC heap before
{Heap before GC invocations=1468 (full 54):
 def new generation   total 4992K, used 4991K [0x05200000, 0x05760000, 0x0a750000)
  eden space 4480K, 100% used [0x05200000, 0x05660000, 0x05660000)
  from space 512K,  99% used [0x05660000, 0x056dfff8, 0x056e0000)
  to   space 512K,   0% used [0x056e0000, 0x056e0000, 0x05760000)
 tenured generation   total 10944K, used 9831K [0x0a750000, 0x0b200000, 0x15200000)
   the space 10944K,  89% used [0x0a750000, 0x0b0e9ff8, 0x0b0ea000, 0x0b200000)
 Metaspace       used 739K, capacity 2882K, committed 3008K, reserved 4480K
Event: 163.003 GC heap after
Heap after GC invocations=1469 (full 54):
 def new generation   total 4992K, used 511K [0x05200000, 0x05760000, 0x0a750000)
  eden space 4480K,   0% used [0x05200000, 0x05200000, 0x05660000)
  from space 512K,  99% used [0x056e0000, 0x0575fff8, 0x05760000)
  to   space 512K,   0% used [0x05660000, 0x05660000, 0x056e0000)
 tenured generation   total 10944K, used 10091K [0x0a750000, 0x0b200000, 0x15200000)
   the space 10944K,  92% used [0x0a750000, 0x0b12ac88, 0x0b12ae00, 0x0b200000)
 Metaspace       used 739K, capacity 2882K, committed 3008K, reserved 4480K
}

Deoptimization events (0 events):
No events

Classes redefined (0 events):
No events

Internal exceptions (2 events):
Event: 0.022 Thread 0x0308d400 Exception <a 'java/lang/NoSuchMethodError': Method sun.misc.Unsafe.defineClass(Ljava/lang/String;[BII)Ljava/lang/Class; name or signature does not match> (0x052079d0) thrown at [C:\re\workspace\8-2-build-windows-i586-cygwin\jdk8u171\10807\hotspot\src\shar
Event: 0.022 Thread 0x0308d400 Exception <a 'java/lang/NoSuchMethodError': Method sun.misc.Unsafe.prefetchRead(Ljava/lang/Object;J)V name or signature does not match> (0x05207ca0) thrown at [C:\re\workspace\8-2-build-windows-i586-cygwin\jdk8u171\10807\hotspot\src\share\vm\prims\jni.cpp

Events (10 events):
Event: 162.621 Executing VM operation: GenCollectForAllocation
Event: 162.625 Executing VM operation: GenCollectForAllocation done
Event: 162.714 Executing VM operation: GenCollectForAllocation
Event: 162.715 Executing VM operation: GenCollectForAllocation done
Event: 162.799 Executing VM operation: GenCollectForAllocation
Event: 162.800 Executing VM operation: GenCollectForAllocation done
Event: 162.892 Executing VM operation: GenCollectForAllocation
Event: 162.894 Executing VM operation: GenCollectForAllocation done
Event: 163.001 Executing VM operation: GenCollectForAllocation
Event: 163.003 Executing VM operation: GenCollectForAllocation done


Dynamic libraries:
0x00e30000 - 0x00e63000 	C:\Program Files (x86)\Java\jre1.8.0_171\bin\javaw.exe
0x77680000 - 0x77810000 	C:\WINDOWS\SYSTEM32\ntdll.dll
0x74650000 - 0x74730000 	C:\WINDOWS\System32\KERNEL32.DLL
0x74460000 - 0x74644000 	C:\WINDOWS\System32\KERNELBASE.dll
0x73e90000 - 0x73f2d000 	C:\WINDOWS\SYSTEM32\apphelp.dll
0x75aa0000 - 0x75b18000 	C:\WINDOWS\System32\ADVAPI32.dll
0x75b20000 - 0x75bdf000 	C:\WINDOWS\System32\msvcrt.dll
0x75440000 - 0x75484000 	C:\WINDOWS\System32\sechost.dll
0x742c0000 - 0x74380000 	C:\WINDOWS\System32\RPCRT4.dll
0x73f40000 - 0x73f60000 	C:\WINDOWS\System32\SspiCli.dll
0x73f30000 - 0x73f3a000 	C:\WINDOWS\System32\CRYPTBASE.dll
0x75490000 - 0x754e8000 	C:\WINDOWS\System32\bcryptPrimitives.dll
0x75080000 - 0x7520d000 	C:\WINDOWS\System32\USER32.dll
0x75060000 - 0x75077000 	C:\WINDOWS\System32\win32u.dll
0x74290000 - 0x742b2000 	C:\WINDOWS\System32\GDI32.dll
0x75ca0000 - 0x75e04000 	C:\WINDOWS\System32\gdi32full.dll
0x73f60000 - 0x73fdd000 	C:\WINDOWS\System32\msvcp_win.dll
0x73fe0000 - 0x740fe000 	C:\WINDOWS\System32\ucrtbase.dll
0x72710000 - 0x72914000 	C:\WINDOWS\WinSxS\x86_microsoft.windows.common-controls_6595b64144ccf1df_6.0.17134.112_none_42ecccf244e44518\COMCTL32.dll
0x77310000 - 0x7756c000 	C:\WINDOWS\System32\combase.dll
0x75550000 - 0x75576000 	C:\WINDOWS\System32\IMM32.DLL
0x6b060000 - 0x6b11f000 	C:\Program Files (x86)\Java\jre1.8.0_171\bin\msvcr100.dll
0x6ca00000 - 0x6cdd1000 	C:\Program Files (x86)\Java\jre1.8.0_171\bin\client\jvm.dll
0x77300000 - 0x77306000 	C:\WINDOWS\System32\PSAPI.DLL
0x72eb0000 - 0x72eb8000 	C:\WINDOWS\SYSTEM32\WSOCK32.dll
0x73480000 - 0x734a4000 	C:\WINDOWS\SYSTEM32\WINMM.dll
0x74100000 - 0x74167000 	C:\WINDOWS\System32\WS2_32.dll
0x73e80000 - 0x73e88000 	C:\WINDOWS\SYSTEM32\VERSION.dll
0x73450000 - 0x73473000 	C:\WINDOWS\SYSTEM32\winmmbase.dll
0x75a50000 - 0x75a89000 	C:\WINDOWS\System32\cfgmgr32.dll
0x6d470000 - 0x6d47c000 	C:\Program Files (x86)\Java\jre1.8.0_171\bin\verify.dll
0x6ce40000 - 0x6ce62000 	C:\Program Files (x86)\Java\jre1.8.0_171\bin\java.dll
0x6ce20000 - 0x6ce34000 	C:\Program Files (x86)\Java\jre1.8.0_171\bin\zip.dll
0x75e10000 - 0x7715a000 	C:\WINDOWS\System32\SHELL32.dll
0x75210000 - 0x75298000 	C:\WINDOWS\System32\shcore.dll
0x747d0000 - 0x74d8a000 	C:\WINDOWS\System32\windows.storage.dll
0x74d90000 - 0x74dd5000 	C:\WINDOWS\System32\shlwapi.dll
0x75580000 - 0x7558f000 	C:\WINDOWS\System32\kernel.appcore.dll
0x77570000 - 0x77588000 	C:\WINDOWS\System32\profapi.dll
0x74380000 - 0x743c5000 	C:\WINDOWS\System32\powrprof.dll
0x75a90000 - 0x75a98000 	C:\WINDOWS\System32\FLTLIB.DLL
0x6add0000 - 0x6b056000 	C:\Algorithm2018\Guide-master\Guide-master\JAVA\BasicBot\bwapi_bridge2_5.dll
0x6f540000 - 0x6f59e000 	C:\WINDOWS\libmpfr-4.dll
0x6b9d0000 - 0x6ba41000 	C:\WINDOWS\SYSTEM32\MSVCP120.dll
0x6ba50000 - 0x6bb3e000 	C:\WINDOWS\SYSTEM32\MSVCR120.dll
0x6acc0000 - 0x6ad27000 	C:\WINDOWS\libgmp-10.dll
0x71280000 - 0x71402000 	C:\WINDOWS\SYSTEM32\dbghelp.dll

VM Arguments:
jvm_args: -Dfile.encoding=UTF-8 
java_command: Main
java_class_path (initial): C:\Program Files (x86)\Java\jre1.8.0_171\lib\resources.jar;C:\Program Files (x86)\Java\jre1.8.0_171\lib\rt.jar;C:\Program Files (x86)\Java\jre1.8.0_171\lib\jsse.jar;C:\Program Files (x86)\Java\jre1.8.0_171\lib\jce.jar;C:\Program Files (x86)\Java\jre1.8.0_171\lib\charsets.jar;C:\Program Files (x86)\Java\jre1.8.0_171\lib\jfr.jar;C:\Program Files (x86)\Java\jre1.8.0_171\lib\ext\access-bridge-32.jar;C:\Program Files (x86)\Java\jre1.8.0_171\lib\ext\cldrdata.jar;C:\Program Files (x86)\Java\jre1.8.0_171\lib\ext\dnsns.jar;C:\Program Files (x86)\Java\jre1.8.0_171\lib\ext\jaccess.jar;C:\Program Files (x86)\Java\jre1.8.0_171\lib\ext\jfxrt.jar;C:\Program Files (x86)\Java\jre1.8.0_171\lib\ext\localedata.jar;C:\Program Files (x86)\Java\jre1.8.0_171\lib\ext\nashorn.jar;C:\Program Files (x86)\Java\jre1.8.0_171\lib\ext\sunec.jar;C:\Program Files (x86)\Java\jre1.8.0_171\lib\ext\sunjce_provider.jar;C:\Program Files (x86)\Java\jre1.8.0_171\lib\ext\sunmscapi.jar;C:\Program Files (x86)\Java\jre1.8.0_171\lib\ext\sunpkcs11.jar;C:\Program Files (x86)\Java\jre1.8.0_171\lib\ext\zipfs.jar;C:\Algorithm2018\Guide-master\Guide-master\JAVA\BasicBot\bin;C:\Algorithm2018\Guide-master\Guide-master\JAVA\BasicBot\lib\bwmirror_v2_5.jar
Launcher Type: SUN_STANDARD

Environment Variables:
PATH=C:/Program Files (x86)/Java/jre1.8.0_171/bin/client;C:/Program Files (x86)/Java/jre1.8.0_171/bin;C:/Program Files (x86)/Java/jre1.8.0_171/lib/i386;C:\Program Files (x86)\Common Files\Oracle\Java\javapath;C:\Python27\;C:\Python27\Scripts;C:\ProgramData\Oracle\Java\javapath;C:\Windows\system32;C:\Windows;C:\Windows\System32\Wbem;C:\Windows\System32\WindowsPowerShell\v1.0\;C:\Program Files (x86)\NVIDIA Corporation\PhysX\Common;C:\WINDOWS\system32;C:\WINDOWS;C:\WINDOWS\System32\Wbem;C:\WINDOWS\System32\WindowsPowerShell\v1.0\;C:\WINDOWS\System32\OpenSSH\;C:\Users\권순우\AppData\Local\Microsoft\WindowsApps;C:\Users\권순우\Desktop\스타 개발\eclipse-java-oxygen-R-win32\eclipse;
USERNAME=권순우
OS=Windows_NT
PROCESSOR_IDENTIFIER=Intel64 Family 6 Model 94 Stepping 3, GenuineIntel



---------------  S Y S T E M  ---------------

OS: Windows 10.0 , 64 bit Build 17134 (10.0.17134.1)

CPU:total 8 (initial active 8) (4 cores per cpu, 2 threads per core) family 6 model 94 stepping 3, cmov, cx8, fxsr, mmx, sse, sse2, sse3, ssse3, sse4.1, sse4.2, popcnt, avx, avx2, aes, clmul, erms, rtm, 3dnowpref, lzcnt, ht, tsc, tscinvbit, bmi1, bmi2, adx

Memory: 4k page, physical 16709136k(12250316k free), swap 19199504k(12725572k free)

vm_info: Java HotSpot(TM) Client VM (25.171-b11) for windows-x86 JRE (1.8.0_171-b11), built on Mar 28 2018 14:51:22 by "java_re" with MS VC++ 10.0 (VS2010)

time: Mon Jul 02 01:23:35 2018
elapsed time: 163 seconds (0d 0h 2m 43s)

