#
# A fatal error has been detected by the Java Runtime Environment:
#
#  EXCEPTION_ACCESS_VIOLATION (0xc0000005) at pc=0x5c41767b, pid=6276, tid=0x0000148c
#
# JRE version: Java(TM) SE Runtime Environment (8.0_171-b11) (build 1.8.0_171-b11)
# Java VM: Java HotSpot(TM) Client VM (25.171-b11 mixed mode, sharing windows-x86 )
# Problematic frame:
# V  [jvm.dll+0xd767b]
#
# Failed to write core dump. Minidumps are not enabled by default on client versions of Windows
#
# If you would like to submit a bug report, please visit:
#   http://bugreport.java.com/bugreport/crash.jsp
#

---------------  T H R E A D  ---------------

Current thread (0x00bbd400):  JavaThread "main" [_thread_in_vm, id=5260, stack(0x009a0000,0x009f0000)]

siginfo: ExceptionCode=0xc0000005, reading address 0x00000000

Registers:
EAX=0x00000000, EBX=0x00bbd400, ECX=0x00000000, EDX=0x00000007
ESP=0x009ed8b4, EBP=0x009ed8d0, ESI=0x00bbd540, EDI=0x00bbd540
EIP=0x5c41767b, EFLAGS=0x00010246

Top of Stack: (sp=0x009ed8b4)
0x009ed8b4:   00bbd540 14c81d68 14c81d68 00bbd400
0x009ed8c4:   00000000 14c81d68 14c81d68 009ed918
0x009ed8d4:   5b571d97 00bbd540 00000000 6e696f70
0x009ed8e4:   00726574 009ed918 5b571d67 00000007
0x009ed8f4:   0000000f 0000004a 027e3160 15349230
0x009ed904:   009ed91c 00000001 0000000f 00bbd400
0x009ed914:   00bbd540 009ed958 028cdaf1 00bbd540
0x009ed924:   009ed974 00a9d200 00000000 00000000 

Instructions: (pc=0x5c41767b)
0x5c41765b:   f2 ff 83 c4 08 83 7b 04 00 89 5d f0 c7 45 f4 00
0x5c41766b:   00 00 00 74 08 8d 4d f0 e8 d8 1c 0d 00 8b 45 0c
0x5c41767b:   8b 08 8b 51 04 8b 42 38 50 56 e8 46 52 08 00 83
0x5c41768b:   c4 08 83 7d f4 00 89 45 08 74 08 8d 4d f0 e8 f2 


Register to memory mapping:

EAX=0x00000000 is an unknown value
EBX=0x00bbd400 is a thread
ECX=0x00000000 is an unknown value
EDX=0x00000007 is an unknown value
ESP=0x009ed8b4 is pointing into the stack for thread: 0x00bbd400
EBP=0x009ed8d0 is pointing into the stack for thread: 0x00bbd400
ESI=0x00bbd540 is an unknown value
EDI=0x00bbd540 is an unknown value


Stack: [0x009a0000,0x009f0000],  sp=0x009ed8b4,  free space=310k
Native frames: (J=compiled Java code, j=interpreted, Vv=VM code, C=native code)
V  [jvm.dll+0xd767b]
C  [bwapi_bridge2_5.dll+0x31d97]
j  bwapi.Player.allUnitCount_native(JLbwapi/UnitType;)I+0
j  bwapi.Player.allUnitCount(Lbwapi/UnitType;)I+6
j  StrategyManager.executeBuildingConstruction()V+198
j  StrategyManager.update()V+13
j  GameCommander.onFrame()V+220
j  MyBotModule.onFrame()V+127
j  bwapi.AIModule.onFrame()V+11
v  ~StubRoutines::call_stub
V  [jvm.dll+0x15b985]
V  [jvm.dll+0x22262e]
V  [jvm.dll+0x15ba1e]
V  [jvm.dll+0xdd5db]
V  [jvm.dll+0xe056c]
C  [bwapi_bridge2_5.dll+0x1b20d]
C  [bwapi_bridge2_5.dll+0x75101]
j  bwapi.Mirror.startGame()V+0
j  MyBotModule.run()V+15
j  Main.main([Ljava/lang/String;)V+7
v  ~StubRoutines::call_stub
V  [jvm.dll+0x15b985]
V  [jvm.dll+0x22262e]
V  [jvm.dll+0x15ba1e]
V  [jvm.dll+0xdd3a7]
V  [jvm.dll+0xe593f]
C  [javaw.exe+0x233a]
C  [javaw.exe+0xb020]
C  [javaw.exe+0xb0aa]
C  [KERNEL32.DLL+0x18484]
C  [ntdll.dll+0x62fea]
C  [ntdll.dll+0x62fba]
C  0x00000000

Java frames: (J=compiled Java code, j=interpreted, Vv=VM code)
j  bwapi.Player.allUnitCount_native(JLbwapi/UnitType;)I+0
j  bwapi.Player.allUnitCount(Lbwapi/UnitType;)I+6
j  StrategyManager.executeBuildingConstruction()V+198
j  StrategyManager.update()V+13
j  GameCommander.onFrame()V+220
j  MyBotModule.onFrame()V+127
j  bwapi.AIModule.onFrame()V+11
v  ~StubRoutines::call_stub
j  bwapi.Mirror.startGame()V+0
j  MyBotModule.run()V+15
j  Main.main([Ljava/lang/String;)V+7
v  ~StubRoutines::call_stub

---------------  P R O C E S S  ---------------

Java Threads: ( => current thread )
  0x02869800 JavaThread "Service Thread" daemon [_thread_blocked, id=10288, stack(0x15250000,0x152a0000)]
  0x02863800 JavaThread "C1 CompilerThread0" daemon [_thread_blocked, id=6156, stack(0x151c0000,0x15210000)]
  0x02860400 JavaThread "Attach Listener" daemon [_thread_blocked, id=13700, stack(0x15130000,0x15180000)]
  0x0284dc00 JavaThread "Signal Dispatcher" daemon [_thread_blocked, id=16156, stack(0x150a0000,0x150f0000)]
  0x02844c00 JavaThread "Finalizer" daemon [_thread_blocked, id=13628, stack(0x14f80000,0x14fd0000)]
  0x027e6c00 JavaThread "Reference Handler" daemon [_thread_blocked, id=9232, stack(0x14ef0000,0x14f40000)]
=>0x00bbd400 JavaThread "main" [_thread_in_vm, id=5260, stack(0x009a0000,0x009f0000)]

Other Threads:
  0x027e4000 VMThread [stack: 0x14e60000,0x14eb0000] [id=13356]
  0x028a7000 WatcherThread [stack: 0x152e0000,0x15330000] [id=9032]

VM state:not at safepoint (normal execution)

VM Mutex/Monitor currently owned by a thread: None

Heap:
 def new generation   total 4928K, used 2620K [0x04a00000, 0x04f50000, 0x09f50000)
  eden space 4416K,  47% used [0x04a00000, 0x04c0f078, 0x04e50000)
  from space 512K, 100% used [0x04e50000, 0x04ed0000, 0x04ed0000)
  to   space 512K,   0% used [0x04ed0000, 0x04ed0000, 0x04f50000)
 tenured generation   total 10944K, used 2546K [0x09f50000, 0x0aa00000, 0x14a00000)
   the space 10944K,  23% used [0x09f50000, 0x0a1cc8b0, 0x0a1cca00, 0x0aa00000)
 Metaspace       used 680K, capacity 2850K, committed 2880K, reserved 4480K

Card table byte_map: [0x048c0000,0x04950000] byte_map_base: 0x0489b000

Polling page: 0x00a10000

CodeCache: size=32768Kb used=857Kb max_used=857Kb free=31910Kb
 bounds [0x028c0000, 0x02998000, 0x048c0000]
 total_blobs=277 nmethods=130 adapters=78
 compilation: enabled

Compilation events (10 events):
Event: 7.567 Thread 0x02863800  126             MapGrid$GridCell::access$2 (6 bytes)
Event: 7.567 Thread 0x02863800 nmethod 126 0x02995688 code [0x02995780, 0x02995800]
Event: 7.568 Thread 0x02863800  127 %           MapGrid::calculateCellCenters @ 10 (185 bytes)
Event: 7.569 Thread 0x02863800 nmethod 127% 0x02995888 code [0x029959a0, 0x02995c4c]
Event: 7.569 Thread 0x02863800  128             MapGrid$GridCell::access$3 (6 bytes)
Event: 7.569 Thread 0x02863800 nmethod 128 0x02995e88 code [0x02995f80, 0x02996000]
Event: 7.569 Thread 0x02863800  129             MapGrid$GridCell::access$4 (6 bytes)
Event: 7.569 Thread 0x02863800 nmethod 129 0x02996088 code [0x02996180, 0x02996200]
Event: 7.570 Thread 0x02863800  130 %           MapGrid::clearGrid @ 5 (50 bytes)
Event: 7.570 Thread 0x02863800 nmethod 130% 0x02996288 code [0x029963a0, 0x02996590]

GC Heap History (10 events):
Event: 5.918 GC heap before
{Heap before GC invocations=5 (full 0):
 def new generation   total 4928K, used 4492K [0x04a00000, 0x04f50000, 0x09f50000)
  eden space 4416K, 100% used [0x04a00000, 0x04e50000, 0x04e50000)
  from space 512K,  15% used [0x04ed0000, 0x04ee3350, 0x04f50000)
  to   space 512K,   0% used [0x04e50000, 0x04e50000, 0x04ed0000)
 tenured generation   total 10944K, used 2405K [0x09f50000, 0x0aa00000, 0x14a00000)
   the space 10944K,  21% used [0x09f50000, 0x0a1a9638, 0x0a1a9800, 0x0aa00000)
 Metaspace       used 657K, capacity 2818K, committed 2880K, reserved 4480K
Event: 5.918 GC heap after
Heap after GC invocations=6 (full 0):
 def new generation   total 4928K, used 93K [0x04a00000, 0x04f50000, 0x09f50000)
  eden space 4416K,   0% used [0x04a00000, 0x04a00000, 0x04e50000)
  from space 512K,  18% used [0x04e50000, 0x04e67638, 0x04ed0000)
  to   space 512K,   0% used [0x04ed0000, 0x04ed0000, 0x04f50000)
 tenured generation   total 10944K, used 2405K [0x09f50000, 0x0aa00000, 0x14a00000)
   the space 10944K,  21% used [0x09f50000, 0x0a1a9638, 0x0a1a9800, 0x0aa00000)
 Metaspace       used 657K, capacity 2818K, committed 2880K, reserved 4480K
}
Event: 6.358 GC heap before
{Heap before GC invocations=6 (full 0):
 def new generation   total 4928K, used 4509K [0x04a00000, 0x04f50000, 0x09f50000)
  eden space 4416K, 100% used [0x04a00000, 0x04e50000, 0x04e50000)
  from space 512K,  18% used [0x04e50000, 0x04e67638, 0x04ed0000)
  to   space 512K,   0% used [0x04ed0000, 0x04ed0000, 0x04f50000)
 tenured generation   total 10944K, used 2405K [0x09f50000, 0x0aa00000, 0x14a00000)
   the space 10944K,  21% used [0x09f50000, 0x0a1a9638, 0x0a1a9800, 0x0aa00000)
 Metaspace       used 657K, capacity 2818K, committed 2880K, reserved 4480K
Event: 6.359 GC heap after
Heap after GC invocations=7 (full 0):
 def new generation   total 4928K, used 87K [0x04a00000, 0x04f50000, 0x09f50000)
  eden space 4416K,   0% used [0x04a00000, 0x04a00000, 0x04e50000)
  from space 512K,  16% used [0x04ed0000, 0x04ee5c28, 0x04f50000)
  to   space 512K,   0% used [0x04e50000, 0x04e50000, 0x04ed0000)
 tenured generation   total 10944K, used 2405K [0x09f50000, 0x0aa00000, 0x14a00000)
   the space 10944K,  21% used [0x09f50000, 0x0a1a9638, 0x0a1a9800, 0x0aa00000)
 Metaspace       used 657K, capacity 2818K, committed 2880K, reserved 4480K
}
Event: 6.774 GC heap before
{Heap before GC invocations=7 (full 0):
 def new generation   total 4928K, used 4503K [0x04a00000, 0x04f50000, 0x09f50000)
  eden space 4416K, 100% used [0x04a00000, 0x04e50000, 0x04e50000)
  from space 512K,  16% used [0x04ed0000, 0x04ee5c28, 0x04f50000)
  to   space 512K,   0% used [0x04e50000, 0x04e50000, 0x04ed0000)
 tenured generation   total 10944K, used 2405K [0x09f50000, 0x0aa00000, 0x14a00000)
   the space 10944K,  21% used [0x09f50000, 0x0a1a9638, 0x0a1a9800, 0x0aa00000)
 Metaspace       used 657K, capacity 2818K, committed 2880K, reserved 4480K
Event: 6.774 GC heap after
Heap after GC invocations=8 (full 0):
 def new generation   total 4928K, used 87K [0x04a00000, 0x04f50000, 0x09f50000)
  eden space 4416K,   0% used [0x04a00000, 0x04a00000, 0x04e50000)
  from space 512K,  16% used [0x04e50000, 0x04e65c10, 0x04ed0000)
  to   space 512K,   0% used [0x04ed0000, 0x04ed0000, 0x04f50000)
 tenured generation   total 10944K, used 2405K [0x09f50000, 0x0aa00000, 0x14a00000)
   the space 10944K,  21% used [0x09f50000, 0x0a1a9638, 0x0a1a9800, 0x0aa00000)
 Metaspace       used 657K, capacity 2818K, committed 2880K, reserved 4480K
}
Event: 7.195 GC heap before
{Heap before GC invocations=8 (full 0):
 def new generation   total 4928K, used 4503K [0x04a00000, 0x04f50000, 0x09f50000)
  eden space 4416K, 100% used [0x04a00000, 0x04e50000, 0x04e50000)
  from space 512K,  16% used [0x04e50000, 0x04e65c10, 0x04ed0000)
  to   space 512K,   0% used [0x04ed0000, 0x04ed0000, 0x04f50000)
 tenured generation   total 10944K, used 2405K [0x09f50000, 0x0aa00000, 0x14a00000)
   the space 10944K,  21% used [0x09f50000, 0x0a1a9638, 0x0a1a9800, 0x0aa00000)
 Metaspace       used 657K, capacity 2818K, committed 2880K, reserved 4480K
Event: 7.196 GC heap after
Heap after GC invocations=9 (full 0):
 def new generation   total 4928K, used 87K [0x04a00000, 0x04f50000, 0x09f50000)
  eden space 4416K,   0% used [0x04a00000, 0x04a00000, 0x04e50000)
  from space 512K,  16% used [0x04ed0000, 0x04ee5c28, 0x04f50000)
  to   space 512K,   0% used [0x04e50000, 0x04e50000, 0x04ed0000)
 tenured generation   total 10944K, used 2405K [0x09f50000, 0x0aa00000, 0x14a00000)
   the space 10944K,  21% used [0x09f50000, 0x0a1a9638, 0x0a1a9800, 0x0aa00000)
 Metaspace       used 657K, capacity 2818K, committed 2880K, reserved 4480K
}
Event: 7.565 GC heap before
{Heap before GC invocations=9 (full 0):
 def new generation   total 4928K, used 4503K [0x04a00000, 0x04f50000, 0x09f50000)
  eden space 4416K, 100% used [0x04a00000, 0x04e50000, 0x04e50000)
  from space 512K,  16% used [0x04ed0000, 0x04ee5c28, 0x04f50000)
  to   space 512K,   0% used [0x04e50000, 0x04e50000, 0x04ed0000)
 tenured generation   total 10944K, used 2405K [0x09f50000, 0x0aa00000, 0x14a00000)
   the space 10944K,  21% used [0x09f50000, 0x0a1a9638, 0x0a1a9800, 0x0aa00000)
 Metaspace       used 667K, capacity 2818K, committed 2880K, reserved 4480K
Event: 7.566 GC heap after
Heap after GC invocations=10 (full 0):
 def new generation   total 4928K, used 512K [0x04a00000, 0x04f50000, 0x09f50000)
  eden space 4416K,   0% used [0x04a00000, 0x04a00000, 0x04e50000)
  from space 512K, 100% used [0x04e50000, 0x04ed0000, 0x04ed0000)
  to   space 512K,   0% used [0x04ed0000, 0x04ed0000, 0x04f50000)
 tenured generation   total 10944K, used 2546K [0x09f50000, 0x0aa00000, 0x14a00000)
   the space 10944K,  23% used [0x09f50000, 0x0a1cc8b0, 0x0a1cca00, 0x0aa00000)
 Metaspace       used 667K, capacity 2818K, committed 2880K, reserved 4480K
}

Deoptimization events (0 events):
No events

Classes redefined (0 events):
No events

Internal exceptions (2 events):
Event: 0.025 Thread 0x00bbd400 Exception <a 'java/lang/NoSuchMethodError': Method sun.misc.Unsafe.defineClass(Ljava/lang/String;[BII)Ljava/lang/Class; name or signature does not match> (0x04a079d0) thrown at [C:\re\workspace\8-2-build-windows-i586-cygwin\jdk8u171\10807\hotspot\src\shar
Event: 0.025 Thread 0x00bbd400 Exception <a 'java/lang/NoSuchMethodError': Method sun.misc.Unsafe.prefetchRead(Ljava/lang/Object;J)V name or signature does not match> (0x04a07ca0) thrown at [C:\re\workspace\8-2-build-windows-i586-cygwin\jdk8u171\10807\hotspot\src\share\vm\prims\jni.cpp

Events (10 events):
Event: 7.567 Executing VM operation: RevokeBias
Event: 7.567 Executing VM operation: RevokeBias done
Event: 7.572 loading class MetaType
Event: 7.572 loading class MetaType done
Event: 7.573 loading class MetaType$MetaTypes
Event: 7.573 loading class MetaType$MetaTypes done
Event: 7.573 loading class BuildOrderItem
Event: 7.573 loading class BuildOrderItem done
Event: 7.574 loading class BuildOrderItem$SeedPositionStrategy
Event: 7.574 loading class BuildOrderItem$SeedPositionStrategy done


Dynamic libraries:
0x00e30000 - 0x00e63000 	C:\Program Files (x86)\Java\jre1.8.0_171\bin\javaw.exe
0x77680000 - 0x77810000 	C:\WINDOWS\SYSTEM32\ntdll.dll
0x74650000 - 0x74730000 	C:\WINDOWS\System32\KERNEL32.DLL
0x74460000 - 0x74644000 	C:\WINDOWS\System32\KERNELBASE.dll
0x73e90000 - 0x73f2d000 	C:\WINDOWS\SYSTEM32\apphelp.dll
0x75aa0000 - 0x75b18000 	C:\WINDOWS\System32\ADVAPI32.dll
0x75b20000 - 0x75bdf000 	C:\WINDOWS\System32\msvcrt.dll
0x75440000 - 0x75484000 	C:\WINDOWS\System32\sechost.dll
0x742c0000 - 0x74380000 	C:\WINDOWS\System32\RPCRT4.dll
0x73f40000 - 0x73f60000 	C:\WINDOWS\System32\SspiCli.dll
0x73f30000 - 0x73f3a000 	C:\WINDOWS\System32\CRYPTBASE.dll
0x75490000 - 0x754e8000 	C:\WINDOWS\System32\bcryptPrimitives.dll
0x75080000 - 0x7520d000 	C:\WINDOWS\System32\USER32.dll
0x75060000 - 0x75077000 	C:\WINDOWS\System32\win32u.dll
0x74290000 - 0x742b2000 	C:\WINDOWS\System32\GDI32.dll
0x75ca0000 - 0x75e04000 	C:\WINDOWS\System32\gdi32full.dll
0x73f60000 - 0x73fdd000 	C:\WINDOWS\System32\msvcp_win.dll
0x73fe0000 - 0x740fe000 	C:\WINDOWS\System32\ucrtbase.dll
0x72710000 - 0x72914000 	C:\WINDOWS\WinSxS\x86_microsoft.windows.common-controls_6595b64144ccf1df_6.0.17134.112_none_42ecccf244e44518\COMCTL32.dll
0x77310000 - 0x7756c000 	C:\WINDOWS\System32\combase.dll
0x75550000 - 0x75576000 	C:\WINDOWS\System32\IMM32.DLL
0x5e2d0000 - 0x5e38f000 	C:\Program Files (x86)\Java\jre1.8.0_171\bin\msvcr100.dll
0x5c340000 - 0x5c711000 	C:\Program Files (x86)\Java\jre1.8.0_171\bin\client\jvm.dll
0x77300000 - 0x77306000 	C:\WINDOWS\System32\PSAPI.DLL
0x73e80000 - 0x73e88000 	C:\WINDOWS\SYSTEM32\VERSION.dll
0x72eb0000 - 0x72eb8000 	C:\WINDOWS\SYSTEM32\WSOCK32.dll
0x74100000 - 0x74167000 	C:\WINDOWS\System32\WS2_32.dll
0x73480000 - 0x734a4000 	C:\WINDOWS\SYSTEM32\WINMM.dll
0x73450000 - 0x73473000 	C:\WINDOWS\SYSTEM32\WINMMBASE.dll
0x75a50000 - 0x75a89000 	C:\WINDOWS\System32\cfgmgr32.dll
0x72940000 - 0x7294c000 	C:\Program Files (x86)\Java\jre1.8.0_171\bin\verify.dll
0x6dd00000 - 0x6dd22000 	C:\Program Files (x86)\Java\jre1.8.0_171\bin\java.dll
0x6dce0000 - 0x6dcf4000 	C:\Program Files (x86)\Java\jre1.8.0_171\bin\zip.dll
0x75e10000 - 0x7715a000 	C:\WINDOWS\System32\SHELL32.dll
0x75210000 - 0x75298000 	C:\WINDOWS\System32\shcore.dll
0x747d0000 - 0x74d8a000 	C:\WINDOWS\System32\windows.storage.dll
0x74d90000 - 0x74dd5000 	C:\WINDOWS\System32\shlwapi.dll
0x75580000 - 0x7558f000 	C:\WINDOWS\System32\kernel.appcore.dll
0x77570000 - 0x77588000 	C:\WINDOWS\System32\profapi.dll
0x74380000 - 0x743c5000 	C:\WINDOWS\System32\powrprof.dll
0x75a90000 - 0x75a98000 	C:\WINDOWS\System32\FLTLIB.DLL
0x5b540000 - 0x5b7c6000 	C:\Algorithm2018\Guide-master\Guide-master\JAVA\BasicBot\bwapi_bridge2_5.dll
0x6f540000 - 0x6f59e000 	C:\WINDOWS\libmpfr-4.dll
0x6bc80000 - 0x6bd6e000 	C:\WINDOWS\SYSTEM32\MSVCR120.dll
0x6bd70000 - 0x6bde1000 	C:\WINDOWS\SYSTEM32\MSVCP120.dll
0x6acc0000 - 0x6ad27000 	C:\WINDOWS\libgmp-10.dll
0x71280000 - 0x71402000 	C:\WINDOWS\SYSTEM32\dbghelp.dll

VM Arguments:
jvm_args: -Dfile.encoding=UTF-8 
java_command: Main
java_class_path (initial): C:\Program Files (x86)\Java\jre1.8.0_171\lib\resources.jar;C:\Program Files (x86)\Java\jre1.8.0_171\lib\rt.jar;C:\Program Files (x86)\Java\jre1.8.0_171\lib\jsse.jar;C:\Program Files (x86)\Java\jre1.8.0_171\lib\jce.jar;C:\Program Files (x86)\Java\jre1.8.0_171\lib\charsets.jar;C:\Program Files (x86)\Java\jre1.8.0_171\lib\jfr.jar;C:\Program Files (x86)\Java\jre1.8.0_171\lib\ext\access-bridge-32.jar;C:\Program Files (x86)\Java\jre1.8.0_171\lib\ext\cldrdata.jar;C:\Program Files (x86)\Java\jre1.8.0_171\lib\ext\dnsns.jar;C:\Program Files (x86)\Java\jre1.8.0_171\lib\ext\jaccess.jar;C:\Program Files (x86)\Java\jre1.8.0_171\lib\ext\jfxrt.jar;C:\Program Files (x86)\Java\jre1.8.0_171\lib\ext\localedata.jar;C:\Program Files (x86)\Java\jre1.8.0_171\lib\ext\nashorn.jar;C:\Program Files (x86)\Java\jre1.8.0_171\lib\ext\sunec.jar;C:\Program Files (x86)\Java\jre1.8.0_171\lib\ext\sunjce_provider.jar;C:\Program Files (x86)\Java\jre1.8.0_171\lib\ext\sunmscapi.jar;C:\Program Files (x86)\Java\jre1.8.0_171\lib\ext\sunpkcs11.jar;C:\Program Files (x86)\Java\jre1.8.0_171\lib\ext\zipfs.jar;C:\Algorithm2018\Guide-master\Guide-master\JAVA\BasicBot\bin;C:\Algorithm2018\Guide-master\Guide-master\JAVA\BasicBot\lib\bwmirror_v2_5.jar
Launcher Type: SUN_STANDARD

Environment Variables:
PATH=C:/Program Files (x86)/Java/jre1.8.0_171/bin/client;C:/Program Files (x86)/Java/jre1.8.0_171/bin;C:/Program Files (x86)/Java/jre1.8.0_171/lib/i386;C:\Program Files (x86)\Common Files\Oracle\Java\javapath;C:\Python27\;C:\Python27\Scripts;C:\ProgramData\Oracle\Java\javapath;C:\Windows\system32;C:\Windows;C:\Windows\System32\Wbem;C:\Windows\System32\WindowsPowerShell\v1.0\;C:\Program Files (x86)\NVIDIA Corporation\PhysX\Common;C:\WINDOWS\system32;C:\WINDOWS;C:\WINDOWS\System32\Wbem;C:\WINDOWS\System32\WindowsPowerShell\v1.0\;C:\WINDOWS\System32\OpenSSH\;C:\Users\권순우\AppData\Local\Microsoft\WindowsApps;C:\Users\권순우\Desktop\스타 개발\eclipse-java-oxygen-R-win32\eclipse;
USERNAME=권순우
OS=Windows_NT
PROCESSOR_IDENTIFIER=Intel64 Family 6 Model 94 Stepping 3, GenuineIntel



---------------  S Y S T E M  ---------------

OS: Windows 10.0 , 64 bit Build 17134 (10.0.17134.1)

CPU:total 8 (initial active 8) (4 cores per cpu, 2 threads per core) family 6 model 94 stepping 3, cmov, cx8, fxsr, mmx, sse, sse2, sse3, ssse3, sse4.1, sse4.2, popcnt, avx, avx2, aes, clmul, erms, rtm, 3dnowpref, lzcnt, ht, tsc, tscinvbit, bmi1, bmi2, adx

Memory: 4k page, physical 16709136k(12701204k free), swap 19199504k(12579584k free)

vm_info: Java HotSpot(TM) Client VM (25.171-b11) for windows-x86 JRE (1.8.0_171-b11), built on Mar 28 2018 14:51:22 by "java_re" with MS VC++ 10.0 (VS2010)

time: Sat Jun 23 18:24:17 2018
elapsed time: 7 seconds (0d 0h 0m 7s)

