#
# A fatal error has been detected by the Java Runtime Environment:
#
#  EXCEPTION_ACCESS_VIOLATION (0xc0000005) at pc=0x67f47c5b, pid=13700, tid=0x00003a14
#
# JRE version: Java(TM) SE Runtime Environment (8.0_181-b13) (build 1.8.0_181-b13)
# Java VM: Java HotSpot(TM) Client VM (25.181-b13 mixed mode, sharing windows-x86 )
# Problematic frame:
# V  [jvm.dll+0xd7c5b]
#
# Failed to write core dump. Minidumps are not enabled by default on client versions of Windows
#
# If you would like to submit a bug report, please visit:
#   http://bugreport.java.com/bugreport/crash.jsp
#

---------------  T H R E A D  ---------------

Current thread (0x00f6d400):  JavaThread "main" [_thread_in_vm, id=14868, stack(0x00ee0000,0x00f30000)]

siginfo: ExceptionCode=0xc0000005, reading address 0x00000000

Registers:
EAX=0x00000000, EBX=0x00f6d400, ECX=0x00000000, EDX=0x00000001
ESP=0x00f2d85c, EBP=0x00f2d878, ESI=0x00f6d540, EDI=0x00000000
EIP=0x67f47c5b, EFLAGS=0x00010246

Top of Stack: (sp=0x00f2d85c)
0x00f2d85c:   00000000 15832828 00f6d540 00f6d400
0x00f2d86c:   00000000 15832828 15832828 00f2d8c8
0x00f2d87c:   63f4554d 00f6d540 00000000 15830079
0x00f2d88c:   15832828 00f2d8c8 63f4551c 00000001
0x00f2d89c:   0000000f 00000049 41252000 00000000
0x00f2d8ac:   00000000 00000001 0000000f 00f6d400
0x00f2d8bc:   15832828 15832828 00f6d540 00f2d910
0x00f2d8cc:   02c1daf1 00f6d540 00f2d92c 18ac15d8 

Instructions: (pc=0x67f47c5b)
0x67f47c3b:   f2 ff 83 c4 08 83 7b 04 00 89 5d f0 c7 45 f4 00
0x67f47c4b:   00 00 00 74 08 8d 4d f0 e8 08 2b 0d 00 8b 45 0c
0x67f47c5b:   8b 08 8b 51 04 8b 42 38 50 56 e8 46 53 08 00 83
0x67f47c6b:   c4 08 83 7d f4 00 89 45 08 74 08 8d 4d f0 e8 22 


Register to memory mapping:

EAX=0x00000000 is an unknown value
EBX=0x00f6d400 is a thread
ECX=0x00000000 is an unknown value
EDX=0x00000001 is an unknown value
ESP=0x00f2d85c is pointing into the stack for thread: 0x00f6d400
EBP=0x00f2d878 is pointing into the stack for thread: 0x00f6d400
ESI=0x00f6d540 is an unknown value
EDI=0x00000000 is an unknown value


Stack: [0x00ee0000,0x00f30000],  sp=0x00f2d85c,  free space=310k
Native frames: (J=compiled Java code, j=interpreted, Vv=VM code, C=native code)
V  [jvm.dll+0xd7c5b]
C  [bwapi_bridge2_5.dll+0x3554d]
j  bwapi.Unit.getDistance_native(JLbwapi/Position;)I+0
J 447 C1 UnitControl_Zergling.update()V (637 bytes) @ 0x02d8a94c [0x02d8a3a0+0x5ac]
J 366 C1 UnitControl_MASTER.update()V (206 bytes) @ 0x02d507bc [0x02d50700+0xbc]
J 392 C1 StrategyManager.update()V (42 bytes) @ 0x02d54d80 [0x02d54cf0+0x90]
J 423 C1 GameCommander.onFrame()V (239 bytes) @ 0x02d7d16c [0x02d7cdd0+0x39c]
J 359 C1 MyBotModule.onFrame()V (277 bytes) @ 0x02d4da48 [0x02d4d6a0+0x3a8]
J 358 C1 bwapi.AIModule.onFrame()V (17 bytes) @ 0x02d4cb84 [0x02d4cb50+0x34]
v  ~StubRoutines::call_stub
V  [jvm.dll+0x15c065]
V  [jvm.dll+0x223ade]
V  [jvm.dll+0x15c0fe]
V  [jvm.dll+0xddbfb]
V  [jvm.dll+0xe0b8c]
C  [bwapi_bridge2_5.dll+0x1b20d]
C  [bwapi_bridge2_5.dll+0x75101]
j  bwapi.Mirror.startGame()V+0
j  MyBotModule.run()V+15
j  Main.main([Ljava/lang/String;)V+7
v  ~StubRoutines::call_stub
V  [jvm.dll+0x15c065]
V  [jvm.dll+0x223ade]
V  [jvm.dll+0x15c0fe]
V  [jvm.dll+0xdd9c7]
V  [jvm.dll+0xe5f5f]
C  [javaw.exe+0x2373]
C  [javaw.exe+0xb05f]
C  [javaw.exe+0xb0e9]
C  [KERNEL32.DLL+0x18484]
C  [ntdll.dll+0x62fea]
C  [ntdll.dll+0x62fba]
C  0x00000000

Java frames: (J=compiled Java code, j=interpreted, Vv=VM code)
j  bwapi.Unit.getDistance_native(JLbwapi/Position;)I+0
J 447 C1 UnitControl_Zergling.update()V (637 bytes) @ 0x02d8a94c [0x02d8a3a0+0x5ac]
J 366 C1 UnitControl_MASTER.update()V (206 bytes) @ 0x02d507bc [0x02d50700+0xbc]
J 392 C1 StrategyManager.update()V (42 bytes) @ 0x02d54d80 [0x02d54cf0+0x90]
J 423 C1 GameCommander.onFrame()V (239 bytes) @ 0x02d7d16c [0x02d7cdd0+0x39c]
J 359 C1 MyBotModule.onFrame()V (277 bytes) @ 0x02d4da48 [0x02d4d6a0+0x3a8]
J 358 C1 bwapi.AIModule.onFrame()V (17 bytes) @ 0x02d4cb84 [0x02d4cb50+0x34]
v  ~StubRoutines::call_stub
j  bwapi.Mirror.startGame()V+0
j  MyBotModule.run()V+15
j  Main.main([Ljava/lang/String;)V+7
v  ~StubRoutines::call_stub

---------------  P R O C E S S  ---------------

Java Threads: ( => current thread )
  0x02828c00 JavaThread "Service Thread" daemon [_thread_blocked, id=14680, stack(0x161b0000,0x16200000)]
  0x02822400 JavaThread "C1 CompilerThread0" daemon [_thread_blocked, id=13364, stack(0x15b40000,0x15b90000)]
  0x0281e800 JavaThread "Attach Listener" daemon [_thread_blocked, id=10532, stack(0x15ab0000,0x15b00000)]
  0x0281cc00 JavaThread "Signal Dispatcher" daemon [_thread_blocked, id=12028, stack(0x15a20000,0x15a70000)]
  0x02804c00 JavaThread "Finalizer" daemon [_thread_blocked, id=11720, stack(0x14ed0000,0x14f20000)]
  0x027a6c00 JavaThread "Reference Handler" daemon [_thread_blocked, id=11164, stack(0x14e40000,0x14e90000)]
=>0x00f6d400 JavaThread "main" [_thread_in_vm, id=14868, stack(0x00ee0000,0x00f30000)]

Other Threads:
  0x027a4000 VMThread [stack: 0x04d80000,0x04dd0000] [id=9456]
  0x02865400 WatcherThread [stack: 0x16240000,0x16290000] [id=4340]

VM state:not at safepoint (normal execution)

VM Mutex/Monitor currently owned by a thread: None

Heap:
 def new generation   total 4992K, used 1856K [0x04e00000, 0x05360000, 0x0a350000)
  eden space 4480K,  30% used [0x04e00000, 0x04f50058, 0x05260000)
  from space 512K, 100% used [0x052e0000, 0x05360000, 0x05360000)
  to   space 512K,   0% used [0x05260000, 0x05260000, 0x052e0000)
 tenured generation   total 10944K, used 6450K [0x0a350000, 0x0ae00000, 0x14e00000)
   the space 10944K,  58% used [0x0a350000, 0x0a99c838, 0x0a99ca00, 0x0ae00000)
 Metaspace       used 804K, capacity 2946K, committed 3008K, reserved 4480K

Card table byte_map: [0x04c90000,0x04d20000] byte_map_base: 0x04c69000

Polling page: 0x00f30000

CodeCache: size=32768Kb used=1580Kb max_used=1580Kb free=31187Kb
 bounds [0x02c10000, 0x02da0000, 0x04c10000]
 total_blobs=615 nmethods=466 adapters=80
 compilation: enabled

Compilation events (10 events):
Event: 99.821 Thread 0x02822400  462             InformationManager::updateBaseLocationInfo (1105 bytes)
Event: 99.823 Thread 0x02822400 nmethod 462 0x02d936c8 code [0x02d93e00, 0x02d95578]
Event: 100.112 Thread 0x02822400  463             ConstructionManager::validateWorkersAndBuildings (146 bytes)
Event: 100.113 Thread 0x02822400 nmethod 463 0x02d97108 code [0x02d97300, 0x02d97b64]
Event: 100.113 Thread 0x02822400  464             ConstructionManager::assignWorkersToUnassignedBuildings (162 bytes)
Event: 100.114 Thread 0x02822400 nmethod 464 0x02d98448 code [0x02d985f0, 0x02d98b58]
Event: 100.114 Thread 0x02822400  465             ConstructionManager::constructAssignedBuildings (350 bytes)
Event: 100.115 Thread 0x02822400 nmethod 465 0x02d99108 code [0x02d99380, 0x02d99c98]
Event: 100.115 Thread 0x02822400  466             ConstructionManager::checkForCompletedBuildings (101 bytes)
Event: 100.115 Thread 0x02822400 nmethod 466 0x02d9a708 code [0x02d9a890, 0x02d9ad20]

GC Heap History (10 events):
Event: 101.937 GC heap before
{Heap before GC invocations=997 (full 37):
 def new generation   total 4992K, used 4991K [0x04e00000, 0x05360000, 0x0a350000)
  eden space 4480K, 100% used [0x04e00000, 0x05260000, 0x05260000)
  from space 512K,  99% used [0x05260000, 0x052dfff8, 0x052e0000)
  to   space 512K,   0% used [0x052e0000, 0x052e0000, 0x05360000)
 tenured generation   total 10944K, used 5156K [0x0a350000, 0x0ae00000, 0x14e00000)
   the space 10944K,  47% used [0x0a350000, 0x0a8593e8, 0x0a859400, 0x0ae00000)
 Metaspace       used 803K, capacity 2946K, committed 3008K, reserved 4480K
Event: 101.938 GC heap after
Heap after GC invocations=998 (full 37):
 def new generation   total 4992K, used 511K [0x04e00000, 0x05360000, 0x0a350000)
  eden space 4480K,   0% used [0x04e00000, 0x04e00000, 0x05260000)
  from space 512K,  99% used [0x052e0000, 0x0535fff8, 0x05360000)
  to   space 512K,   0% used [0x05260000, 0x05260000, 0x052e0000)
 tenured generation   total 10944K, used 5415K [0x0a350000, 0x0ae00000, 0x14e00000)
   the space 10944K,  49% used [0x0a350000, 0x0a899f08, 0x0a89a000, 0x0ae00000)
 Metaspace       used 803K, capacity 2946K, committed 3008K, reserved 4480K
}
Event: 101.986 GC heap before
{Heap before GC invocations=998 (full 37):
 def new generation   total 4992K, used 4991K [0x04e00000, 0x05360000, 0x0a350000)
  eden space 4480K, 100% used [0x04e00000, 0x05260000, 0x05260000)
  from space 512K,  99% used [0x052e0000, 0x0535fff8, 0x05360000)
  to   space 512K,   0% used [0x05260000, 0x05260000, 0x052e0000)
 tenured generation   total 10944K, used 5415K [0x0a350000, 0x0ae00000, 0x14e00000)
   the space 10944K,  49% used [0x0a350000, 0x0a899f08, 0x0a89a000, 0x0ae00000)
 Metaspace       used 803K, capacity 2946K, committed 3008K, reserved 4480K
Event: 101.988 GC heap after
Heap after GC invocations=999 (full 37):
 def new generation   total 4992K, used 511K [0x04e00000, 0x05360000, 0x0a350000)
  eden space 4480K,   0% used [0x04e00000, 0x04e00000, 0x05260000)
  from space 512K,  99% used [0x05260000, 0x052dfff8, 0x052e0000)
  to   space 512K,   0% used [0x052e0000, 0x052e0000, 0x05360000)
 tenured generation   total 10944K, used 5674K [0x0a350000, 0x0ae00000, 0x14e00000)
   the space 10944K,  51% used [0x0a350000, 0x0a8da930, 0x0a8daa00, 0x0ae00000)
 Metaspace       used 803K, capacity 2946K, committed 3008K, reserved 4480K
}
Event: 102.040 GC heap before
{Heap before GC invocations=999 (full 37):
 def new generation   total 4992K, used 4991K [0x04e00000, 0x05360000, 0x0a350000)
  eden space 4480K, 100% used [0x04e00000, 0x05260000, 0x05260000)
  from space 512K,  99% used [0x05260000, 0x052dfff8, 0x052e0000)
  to   space 512K,   0% used [0x052e0000, 0x052e0000, 0x05360000)
 tenured generation   total 10944K, used 5674K [0x0a350000, 0x0ae00000, 0x14e00000)
   the space 10944K,  51% used [0x0a350000, 0x0a8da930, 0x0a8daa00, 0x0ae00000)
 Metaspace       used 803K, capacity 2946K, committed 3008K, reserved 4480K
Event: 102.041 GC heap after
Heap after GC invocations=1000 (full 37):
 def new generation   total 4992K, used 512K [0x04e00000, 0x05360000, 0x0a350000)
  eden space 4480K,   0% used [0x04e00000, 0x04e00000, 0x05260000)
  from space 512K, 100% used [0x052e0000, 0x05360000, 0x05360000)
  to   space 512K,   0% used [0x05260000, 0x05260000, 0x052e0000)
 tenured generation   total 10944K, used 5932K [0x0a350000, 0x0ae00000, 0x14e00000)
   the space 10944K,  54% used [0x0a350000, 0x0a91b350, 0x0a91b400, 0x0ae00000)
 Metaspace       used 803K, capacity 2946K, committed 3008K, reserved 4480K
}
Event: 102.089 GC heap before
{Heap before GC invocations=1000 (full 37):
 def new generation   total 4992K, used 4992K [0x04e00000, 0x05360000, 0x0a350000)
  eden space 4480K, 100% used [0x04e00000, 0x05260000, 0x05260000)
  from space 512K, 100% used [0x052e0000, 0x05360000, 0x05360000)
  to   space 512K,   0% used [0x05260000, 0x05260000, 0x052e0000)
 tenured generation   total 10944K, used 5932K [0x0a350000, 0x0ae00000, 0x14e00000)
   the space 10944K,  54% used [0x0a350000, 0x0a91b350, 0x0a91b400, 0x0ae00000)
 Metaspace       used 803K, capacity 2946K, committed 3008K, reserved 4480K
Event: 102.091 GC heap after
Heap after GC invocations=1001 (full 37):
 def new generation   total 4992K, used 512K [0x04e00000, 0x05360000, 0x0a350000)
  eden space 4480K,   0% used [0x04e00000, 0x04e00000, 0x05260000)
  from space 512K, 100% used [0x05260000, 0x052e0000, 0x052e0000)
  to   space 512K,   0% used [0x052e0000, 0x052e0000, 0x05360000)
 tenured generation   total 10944K, used 6191K [0x0a350000, 0x0ae00000, 0x14e00000)
   the space 10944K,  56% used [0x0a350000, 0x0a95bda8, 0x0a95be00, 0x0ae00000)
 Metaspace       used 803K, capacity 2946K, committed 3008K, reserved 4480K
}
Event: 102.142 GC heap before
{Heap before GC invocations=1001 (full 37):
 def new generation   total 4992K, used 4992K [0x04e00000, 0x05360000, 0x0a350000)
  eden space 4480K, 100% used [0x04e00000, 0x05260000, 0x05260000)
  from space 512K, 100% used [0x05260000, 0x052e0000, 0x052e0000)
  to   space 512K,   0% used [0x052e0000, 0x052e0000, 0x05360000)
 tenured generation   total 10944K, used 6191K [0x0a350000, 0x0ae00000, 0x14e00000)
   the space 10944K,  56% used [0x0a350000, 0x0a95bda8, 0x0a95be00, 0x0ae00000)
 Metaspace       used 803K, capacity 2946K, committed 3008K, reserved 4480K
Event: 102.144 GC heap after
Heap after GC invocations=1002 (full 37):
 def new generation   total 4992K, used 512K [0x04e00000, 0x05360000, 0x0a350000)
  eden space 4480K,   0% used [0x04e00000, 0x04e00000, 0x05260000)
  from space 512K, 100% used [0x052e0000, 0x05360000, 0x05360000)
  to   space 512K,   0% used [0x05260000, 0x05260000, 0x052e0000)
 tenured generation   total 10944K, used 6450K [0x0a350000, 0x0ae00000, 0x14e00000)
   the space 10944K,  58% used [0x0a350000, 0x0a99c838, 0x0a99ca00, 0x0ae00000)
 Metaspace       used 803K, capacity 2946K, committed 3008K, reserved 4480K
}

Deoptimization events (0 events):
No events

Classes redefined (0 events):
No events

Internal exceptions (2 events):
Event: 0.024 Thread 0x00f6d400 Exception <a 'java/lang/NoSuchMethodError': Method sun.misc.Unsafe.defineClass(Ljava/lang/String;[BII)Ljava/lang/Class; name or signature does not match> (0x04e079d0) thrown at [C:\workspace\8-2-build-windows-i586-cygwin\jdk8u181\11358\hotspot\src\share\v
Event: 0.024 Thread 0x00f6d400 Exception <a 'java/lang/NoSuchMethodError': Method sun.misc.Unsafe.prefetchRead(Ljava/lang/Object;J)V name or signature does not match> (0x04e07ca0) thrown at [C:\workspace\8-2-build-windows-i586-cygwin\jdk8u181\11358\hotspot\src\share\vm\prims\jni.cpp, l

Events (10 events):
Event: 101.986 Executing VM operation: GenCollectForAllocation
Event: 101.988 Executing VM operation: GenCollectForAllocation done
Event: 102.040 Executing VM operation: GenCollectForAllocation
Event: 102.041 Executing VM operation: GenCollectForAllocation done
Event: 102.089 Executing VM operation: GenCollectForAllocation
Event: 102.091 Executing VM operation: GenCollectForAllocation done
Event: 102.142 Executing VM operation: GenCollectForAllocation
Event: 102.144 Executing VM operation: GenCollectForAllocation done
Event: 102.153 loading class InformationManager$ShortestPath
Event: 102.153 loading class InformationManager$ShortestPath done


Dynamic libraries:
0x00290000 - 0x002c3000 	C:\Program Files (x86)\Java\jre1.8.0_181\bin\javaw.exe
0x770c0000 - 0x77250000 	C:\WINDOWS\SYSTEM32\ntdll.dll
0x766a0000 - 0x76780000 	C:\WINDOWS\System32\KERNEL32.DLL
0x76c40000 - 0x76e24000 	C:\WINDOWS\System32\KERNELBASE.dll
0x738d0000 - 0x7396d000 	C:\WINDOWS\SYSTEM32\apphelp.dll
0x75ed0000 - 0x75f48000 	C:\WINDOWS\System32\ADVAPI32.dll
0x75f50000 - 0x7600f000 	C:\WINDOWS\System32\msvcrt.dll
0x753a0000 - 0x753e4000 	C:\WINDOWS\System32\sechost.dll
0x76f10000 - 0x76fd0000 	C:\WINDOWS\System32\RPCRT4.dll
0x73980000 - 0x739a0000 	C:\WINDOWS\System32\SspiCli.dll
0x73970000 - 0x7397a000 	C:\WINDOWS\System32\CRYPTBASE.dll
0x76bd0000 - 0x76c28000 	C:\WINDOWS\System32\bcryptPrimitives.dll
0x75070000 - 0x751fd000 	C:\WINDOWS\System32\USER32.dll
0x75a40000 - 0x75a57000 	C:\WINDOWS\System32\win32u.dll
0x76670000 - 0x76692000 	C:\WINDOWS\System32\GDI32.dll
0x75b10000 - 0x75c74000 	C:\WINDOWS\System32\gdi32full.dll
0x75320000 - 0x7539d000 	C:\WINDOWS\System32\msvcp_win.dll
0x75200000 - 0x7531e000 	C:\WINDOWS\System32\ucrtbase.dll
0x6d2f0000 - 0x6d4f4000 	C:\WINDOWS\WinSxS\x86_microsoft.windows.common-controls_6595b64144ccf1df_6.0.17134.228_none_42f2d07044deda9a\COMCTL32.dll
0x74d50000 - 0x74fac000 	C:\WINDOWS\System32\combase.dll
0x74fb0000 - 0x74fd6000 	C:\WINDOWS\System32\IMM32.DLL
0x68910000 - 0x689cf000 	C:\Program Files (x86)\Java\jre1.8.0_181\bin\msvcr100.dll
0x67e70000 - 0x68243000 	C:\Program Files (x86)\Java\jre1.8.0_181\bin\client\jvm.dll
0x76e90000 - 0x76e96000 	C:\WINDOWS\System32\PSAPI.DLL
0x728b0000 - 0x728b8000 	C:\WINDOWS\SYSTEM32\WSOCK32.dll
0x735a0000 - 0x735a8000 	C:\WINDOWS\SYSTEM32\VERSION.dll
0x72ec0000 - 0x72ee4000 	C:\WINDOWS\SYSTEM32\WINMM.dll
0x75d90000 - 0x75df7000 	C:\WINDOWS\System32\WS2_32.dll
0x72dd0000 - 0x72df3000 	C:\WINDOWS\SYSTEM32\WINMMBASE.dll
0x75e00000 - 0x75e39000 	C:\WINDOWS\System32\cfgmgr32.dll
0x69a10000 - 0x69a1c000 	C:\Program Files (x86)\Java\jre1.8.0_181\bin\verify.dll
0x67e40000 - 0x67e62000 	C:\Program Files (x86)\Java\jre1.8.0_181\bin\java.dll
0x67e20000 - 0x67e34000 	C:\Program Files (x86)\Java\jre1.8.0_181\bin\zip.dll
0x73a00000 - 0x74d4a000 	C:\WINDOWS\System32\SHELL32.dll
0x759b0000 - 0x75a38000 	C:\WINDOWS\System32\shcore.dll
0x753f0000 - 0x759aa000 	C:\WINDOWS\System32\windows.storage.dll
0x75ac0000 - 0x75b05000 	C:\WINDOWS\System32\shlwapi.dll
0x76e30000 - 0x76e3f000 	C:\WINDOWS\System32\kernel.appcore.dll
0x76ef0000 - 0x76f08000 	C:\WINDOWS\System32\profapi.dll
0x76ea0000 - 0x76ee5000 	C:\WINDOWS\System32\powrprof.dll
0x76660000 - 0x76668000 	C:\WINDOWS\System32\FLTLIB.DLL
0x63f10000 - 0x64196000 	C:\Algorithm2018\Guide-master\Guide-master\JAVA\BasicBot\bwapi_bridge2_5.dll
0x6d140000 - 0x6d1b1000 	C:\WINDOWS\SYSTEM32\MSVCP120.dll
0x6acc0000 - 0x6ad27000 	C:\WINDOWS\libgmp-10.dll
0x69280000 - 0x6936e000 	C:\WINDOWS\SYSTEM32\MSVCR120.dll
0x6f540000 - 0x6f59e000 	C:\WINDOWS\libmpfr-4.dll
0x6f7f0000 - 0x6f972000 	C:\WINDOWS\SYSTEM32\dbghelp.dll

VM Arguments:
jvm_args: -Dfile.encoding=UTF-8 
java_command: Main
java_class_path (initial): C:\Program Files (x86)\Java\jre1.8.0_181\lib\resources.jar;C:\Program Files (x86)\Java\jre1.8.0_181\lib\rt.jar;C:\Program Files (x86)\Java\jre1.8.0_181\lib\jsse.jar;C:\Program Files (x86)\Java\jre1.8.0_181\lib\jce.jar;C:\Program Files (x86)\Java\jre1.8.0_181\lib\charsets.jar;C:\Program Files (x86)\Java\jre1.8.0_181\lib\jfr.jar;C:\Program Files (x86)\Java\jre1.8.0_181\lib\ext\access-bridge-32.jar;C:\Program Files (x86)\Java\jre1.8.0_181\lib\ext\cldrdata.jar;C:\Program Files (x86)\Java\jre1.8.0_181\lib\ext\dnsns.jar;C:\Program Files (x86)\Java\jre1.8.0_181\lib\ext\jaccess.jar;C:\Program Files (x86)\Java\jre1.8.0_181\lib\ext\jfxrt.jar;C:\Program Files (x86)\Java\jre1.8.0_181\lib\ext\localedata.jar;C:\Program Files (x86)\Java\jre1.8.0_181\lib\ext\nashorn.jar;C:\Program Files (x86)\Java\jre1.8.0_181\lib\ext\sunec.jar;C:\Program Files (x86)\Java\jre1.8.0_181\lib\ext\sunjce_provider.jar;C:\Program Files (x86)\Java\jre1.8.0_181\lib\ext\sunmscapi.jar;C:\Program Files (x86)\Java\jre1.8.0_181\lib\ext\sunpkcs11.jar;C:\Program Files (x86)\Java\jre1.8.0_181\lib\ext\zipfs.jar;C:\Algorithm2018\Guide-master\Guide-master\JAVA\BasicBot\bin;C:\Algorithm2018\Guide-master\Guide-master\JAVA\BasicBot\lib\bwmirror_v2_5.jar
Launcher Type: SUN_STANDARD

Environment Variables:
PATH=C:/Program Files (x86)/Java/jre1.8.0_181/bin/client;C:/Program Files (x86)/Java/jre1.8.0_181/bin;C:/Program Files (x86)/Java/jre1.8.0_181/lib/i386;C:\Program Files (x86)\Common Files\Oracle\Java\javapath;C:\Python27\;C:\Python27\Scripts;C:\ProgramData\Oracle\Java\javapath;C:\Windows\system32;C:\Windows;C:\Windows\System32\Wbem;C:\Windows\System32\WindowsPowerShell\v1.0\;C:\Program Files (x86)\NVIDIA Corporation\PhysX\Common;C:\WINDOWS\system32;C:\WINDOWS;C:\WINDOWS\System32\Wbem;C:\WINDOWS\System32\WindowsPowerShell\v1.0\;C:\WINDOWS\System32\OpenSSH\;C:\Users\권순우\AppData\Local\Microsoft\WindowsApps;C:\Users\권순우\Desktop\스타 개발\eclipse-java-oxygen-R-win32\eclipse;
USERNAME=권순우
OS=Windows_NT
PROCESSOR_IDENTIFIER=Intel64 Family 6 Model 94 Stepping 3, GenuineIntel



---------------  S Y S T E M  ---------------

OS: Windows 10.0 , 64 bit Build 17134 (10.0.17134.1)

CPU:total 8 (initial active 8) (4 cores per cpu, 2 threads per core) family 6 model 94 stepping 3, cmov, cx8, fxsr, mmx, sse, sse2, sse3, ssse3, sse4.1, sse4.2, popcnt, avx, avx2, aes, clmul, erms, rtm, 3dnowpref, lzcnt, ht, tsc, tscinvbit, bmi1, bmi2, adx

Memory: 4k page, physical 16709136k(12574128k free), swap 19199504k(13176596k free)

vm_info: Java HotSpot(TM) Client VM (25.181-b13) for windows-x86 JRE (1.8.0_181-b13), built on Jul  7 2018 03:18:20 by "java_re" with MS VC++ 10.0 (VS2010)

time: Sun Aug 19 15:26:42 2018
elapsed time: 102 seconds (0d 0h 1m 42s)

