#
# A fatal error has been detected by the Java Runtime Environment:
#
#  EXCEPTION_ACCESS_VIOLATION (0xc0000005) at pc=0x6d52767b, pid=928, tid=0x00002830
#
# JRE version: Java(TM) SE Runtime Environment (8.0_171-b11) (build 1.8.0_171-b11)
# Java VM: Java HotSpot(TM) Client VM (25.171-b11 mixed mode, sharing windows-x86 )
# Problematic frame:
# V  [jvm.dll+0xd767b]
#
# Failed to write core dump. Minidumps are not enabled by default on client versions of Windows
#
# If you would like to submit a bug report, please visit:
#   http://bugreport.java.com/bugreport/crash.jsp
#

---------------  T H R E A D  ---------------

Current thread (0x00fdd400):  JavaThread "main" [_thread_in_vm, id=10288, stack(0x00f70000,0x00fc0000)]

siginfo: ExceptionCode=0xc0000005, reading address 0x00000000

Registers:
EAX=0x00000000, EBX=0x00fdd400, ECX=0x00000000, EDX=0x00000007
ESP=0x00fbe0a4, EBP=0x00fbe0c0, ESI=0x00fdd540, EDI=0x00fdd540
EIP=0x6d52767b, EFLAGS=0x00010246

Top of Stack: (sp=0x00fbe0a4)
0x00fbe0a4:   00fdd540 15081d68 15081d68 00fdd400
0x00fbe0b4:   00000000 15081d68 15081d68 00fbe108
0x00fbe0c4:   6a171d97 00fdd540 00000000 6e696f70
0x00fbe0d4:   00726574 00fbe108 6a171d67 00000007
0x00fbe0e4:   0000000f 0000004a 02c73208 15788d38
0x00fbe0f4:   00fbe10c 00000001 0000000f 00fdd400
0x00fbe104:   00fdd540 00fbe148 02d5daf1 00fdd540
0x00fbe114:   00fbe164 00e1d0e4 00000000 00000000 

Instructions: (pc=0x6d52767b)
0x6d52765b:   f2 ff 83 c4 08 83 7b 04 00 89 5d f0 c7 45 f4 00
0x6d52766b:   00 00 00 74 08 8d 4d f0 e8 d8 1c 0d 00 8b 45 0c
0x6d52767b:   8b 08 8b 51 04 8b 42 38 50 56 e8 46 52 08 00 83
0x6d52768b:   c4 08 83 7d f4 00 89 45 08 74 08 8d 4d f0 e8 f2 


Register to memory mapping:

EAX=0x00000000 is an unknown value
EBX=0x00fdd400 is a thread
ECX=0x00000000 is an unknown value
EDX=0x00000007 is an unknown value
ESP=0x00fbe0a4 is pointing into the stack for thread: 0x00fdd400
EBP=0x00fbe0c0 is pointing into the stack for thread: 0x00fdd400
ESI=0x00fdd540 is an unknown value
EDI=0x00fdd540 is an unknown value


Stack: [0x00f70000,0x00fc0000],  sp=0x00fbe0a4,  free space=312k
Native frames: (J=compiled Java code, j=interpreted, Vv=VM code, C=native code)
V  [jvm.dll+0xd767b]
C  [bwapi_bridge2_5.dll+0x31d97]
j  bwapi.Player.allUnitCount_native(JLbwapi/UnitType;)I+0
j  bwapi.Player.allUnitCount(Lbwapi/UnitType;)I+6
j  StrategyManager.executeBuildingConstruction()V+198
j  StrategyManager.update()V+13
j  GameCommander.onFrame()V+220
j  MyBotModule.onFrame()V+127
j  bwapi.AIModule.onFrame()V+11
v  ~StubRoutines::call_stub
V  [jvm.dll+0x15b985]
V  [jvm.dll+0x22262e]
V  [jvm.dll+0x15ba1e]
V  [jvm.dll+0xdd5db]
V  [jvm.dll+0xe056c]
C  [bwapi_bridge2_5.dll+0x1b20d]
C  [bwapi_bridge2_5.dll+0x75101]
j  bwapi.Mirror.startGame()V+0
j  MyBotModule.run()V+15
j  Main.main([Ljava/lang/String;)V+7
v  ~StubRoutines::call_stub
V  [jvm.dll+0x15b985]
V  [jvm.dll+0x22262e]
V  [jvm.dll+0x15ba1e]
V  [jvm.dll+0xdd3a7]
V  [jvm.dll+0xe593f]
C  [javaw.exe+0x233a]
C  [javaw.exe+0xb020]
C  [javaw.exe+0xb0aa]
C  [KERNEL32.DLL+0x18484]
C  [ntdll.dll+0x62fea]
C  [ntdll.dll+0x62fba]
C  0x00000000

Java frames: (J=compiled Java code, j=interpreted, Vv=VM code)
j  bwapi.Player.allUnitCount_native(JLbwapi/UnitType;)I+0
j  bwapi.Player.allUnitCount(Lbwapi/UnitType;)I+6
j  StrategyManager.executeBuildingConstruction()V+198
j  StrategyManager.update()V+13
j  GameCommander.onFrame()V+220
j  MyBotModule.onFrame()V+127
j  bwapi.AIModule.onFrame()V+11
v  ~StubRoutines::call_stub
j  bwapi.Mirror.startGame()V+0
j  MyBotModule.run()V+15
j  Main.main([Ljava/lang/String;)V+7
v  ~StubRoutines::call_stub

---------------  P R O C E S S  ---------------

Java Threads: ( => current thread )
  0x02cf6000 JavaThread "Service Thread" daemon [_thread_blocked, id=5312, stack(0x15690000,0x156e0000)]
  0x02cf1000 JavaThread "C1 CompilerThread0" daemon [_thread_blocked, id=6176, stack(0x15600000,0x15650000)]
  0x02ced800 JavaThread "Attach Listener" daemon [_thread_blocked, id=9196, stack(0x15570000,0x155c0000)]
  0x02cebc00 JavaThread "Signal Dispatcher" daemon [_thread_blocked, id=11820, stack(0x154e0000,0x15530000)]
  0x02cd4c00 JavaThread "Finalizer" daemon [_thread_blocked, id=13244, stack(0x153c0000,0x15410000)]
  0x02c76c00 JavaThread "Reference Handler" daemon [_thread_blocked, id=12808, stack(0x15330000,0x15380000)]
=>0x00fdd400 JavaThread "main" [_thread_in_vm, id=10288, stack(0x00f70000,0x00fc0000)]

Other Threads:
  0x02c74000 VMThread [stack: 0x152a0000,0x152f0000] [id=7084]
  0x02d37400 WatcherThread [stack: 0x15720000,0x15770000] [id=11116]

VM state:not at safepoint (normal execution)

VM Mutex/Monitor currently owned by a thread: None

Heap:
 def new generation   total 4928K, used 2639K [0x04e00000, 0x05350000, 0x0a350000)
  eden space 4416K,  48% used [0x04e00000, 0x05013f08, 0x05250000)
  from space 512K, 100% used [0x052d0000, 0x05350000, 0x05350000)
  to   space 512K,   0% used [0x05250000, 0x05250000, 0x052d0000)
 tenured generation   total 10944K, used 2530K [0x0a350000, 0x0ae00000, 0x14e00000)
   the space 10944K,  23% used [0x0a350000, 0x0a5c8830, 0x0a5c8a00, 0x0ae00000)
 Metaspace       used 642K, capacity 2786K, committed 2880K, reserved 4480K

Card table byte_map: [0x04d50000,0x04de0000] byte_map_base: 0x04d29000

Polling page: 0x00fc0000

CodeCache: size=32768Kb used=761Kb max_used=761Kb free=32006Kb
 bounds [0x02d50000, 0x02e10000, 0x04d50000]
 total_blobs=217 nmethods=70 adapters=78
 compilation: enabled

Compilation events (10 events):
Event: 49.566 Thread 0x02cf1000   66             java.util.ArrayList::ensureCapacityInternal (13 bytes)
Event: 49.566 Thread 0x02cf1000 nmethod 66 0x02e0d508 code [0x02e0d610, 0x02e0d6dc]
Event: 49.566 Thread 0x02cf1000   67             java.util.ArrayList::calculateCapacity (16 bytes)
Event: 49.566 Thread 0x02cf1000 nmethod 67 0x02e0d788 code [0x02e0d880, 0x02e0d910]
Event: 49.566 Thread 0x02cf1000   68             java.util.ArrayList::ensureExplicitCapacity (26 bytes)
Event: 49.566 Thread 0x02cf1000 nmethod 68 0x02e0d948 code [0x02e0da50, 0x02e0dafc]
Event: 49.567 Thread 0x02cf1000   69   !         sun.misc.URLClassPath$JarLoader::getResource (85 bytes)
Event: 49.567 Thread 0x02cf1000 nmethod 69 0x02e0db88 code [0x02e0dcf0, 0x02e0e064]
Event: 49.568 Thread 0x02cf1000   70             java.util.ArrayList$Itr::hasNext (20 bytes)
Event: 49.569 Thread 0x02cf1000 nmethod 70 0x02e0e388 code [0x02e0e480, 0x02e0e520]

GC Heap History (2 events):
Event: 49.557 GC heap before
{Heap before GC invocations=0 (full 0):
 def new generation   total 4928K, used 4416K [0x04e00000, 0x05350000, 0x0a350000)
  eden space 4416K, 100% used [0x04e00000, 0x05250000, 0x05250000)
  from space 512K,   0% used [0x05250000, 0x05250000, 0x052d0000)
  to   space 512K,   0% used [0x052d0000, 0x052d0000, 0x05350000)
 tenured generation   total 10944K, used 0K [0x0a350000, 0x0ae00000, 0x14e00000)
   the space 10944K,   0% used [0x0a350000, 0x0a350000, 0x0a350200, 0x0ae00000)
 Metaspace       used 572K, capacity 2722K, committed 2752K, reserved 4480K
Event: 49.559 GC heap after
Heap after GC invocations=1 (full 0):
 def new generation   total 4928K, used 512K [0x04e00000, 0x05350000, 0x0a350000)
  eden space 4416K,   0% used [0x04e00000, 0x04e00000, 0x05250000)
  from space 512K, 100% used [0x052d0000, 0x05350000, 0x05350000)
  to   space 512K,   0% used [0x05250000, 0x05250000, 0x052d0000)
 tenured generation   total 10944K, used 2530K [0x0a350000, 0x0ae00000, 0x14e00000)
   the space 10944K,  23% used [0x0a350000, 0x0a5c8830, 0x0a5c8a00, 0x0ae00000)
 Metaspace       used 572K, capacity 2722K, committed 2752K, reserved 4480K
}

Deoptimization events (0 events):
No events

Classes redefined (0 events):
No events

Internal exceptions (2 events):
Event: 0.024 Thread 0x00fdd400 Exception <a 'java/lang/NoSuchMethodError': Method sun.misc.Unsafe.defineClass(Ljava/lang/String;[BII)Ljava/lang/Class; name or signature does not match> (0x04e079d0) thrown at [C:\re\workspace\8-2-build-windows-i586-cygwin\jdk8u171\10807\hotspot\src\shar
Event: 0.024 Thread 0x00fdd400 Exception <a 'java/lang/NoSuchMethodError': Method sun.misc.Unsafe.prefetchRead(Ljava/lang/Object;J)V name or signature does not match> (0x04e07ca0) thrown at [C:\re\workspace\8-2-build-windows-i586-cygwin\jdk8u171\10807\hotspot\src\share\vm\prims\jni.cpp

Events (10 events):
Event: 49.569 loading class ScoutManager$ScoutStatus
Event: 49.569 loading class ScoutManager$ScoutStatus done
Event: 49.570 loading class MetaType
Event: 49.570 loading class MetaType done
Event: 49.570 loading class MetaType$MetaTypes
Event: 49.570 loading class MetaType$MetaTypes done
Event: 49.571 loading class BuildOrderItem
Event: 49.571 loading class BuildOrderItem done
Event: 49.571 loading class BuildOrderItem$SeedPositionStrategy
Event: 49.571 loading class BuildOrderItem$SeedPositionStrategy done


Dynamic libraries:
0x00a00000 - 0x00a33000 	C:\Program Files (x86)\Java\jre1.8.0_171\bin\javaw.exe
0x77680000 - 0x77810000 	C:\WINDOWS\SYSTEM32\ntdll.dll
0x74650000 - 0x74730000 	C:\WINDOWS\System32\KERNEL32.DLL
0x74460000 - 0x74644000 	C:\WINDOWS\System32\KERNELBASE.dll
0x73e90000 - 0x73f2d000 	C:\WINDOWS\SYSTEM32\apphelp.dll
0x75aa0000 - 0x75b18000 	C:\WINDOWS\System32\ADVAPI32.dll
0x75b20000 - 0x75bdf000 	C:\WINDOWS\System32\msvcrt.dll
0x75440000 - 0x75484000 	C:\WINDOWS\System32\sechost.dll
0x742c0000 - 0x74380000 	C:\WINDOWS\System32\RPCRT4.dll
0x73f40000 - 0x73f60000 	C:\WINDOWS\System32\SspiCli.dll
0x73f30000 - 0x73f3a000 	C:\WINDOWS\System32\CRYPTBASE.dll
0x75490000 - 0x754e8000 	C:\WINDOWS\System32\bcryptPrimitives.dll
0x75080000 - 0x7520d000 	C:\WINDOWS\System32\USER32.dll
0x75060000 - 0x75077000 	C:\WINDOWS\System32\win32u.dll
0x74290000 - 0x742b2000 	C:\WINDOWS\System32\GDI32.dll
0x75ca0000 - 0x75e04000 	C:\WINDOWS\System32\gdi32full.dll
0x73f60000 - 0x73fdd000 	C:\WINDOWS\System32\msvcp_win.dll
0x73fe0000 - 0x740fe000 	C:\WINDOWS\System32\ucrtbase.dll
0x722a0000 - 0x724a4000 	C:\WINDOWS\WinSxS\x86_microsoft.windows.common-controls_6595b64144ccf1df_6.0.17134.112_none_42ecccf244e44518\COMCTL32.dll
0x77310000 - 0x7756c000 	C:\WINDOWS\System32\combase.dll
0x75550000 - 0x75576000 	C:\WINDOWS\System32\IMM32.DLL
0x729b0000 - 0x72a6f000 	C:\Program Files (x86)\Java\jre1.8.0_171\bin\msvcr100.dll
0x6d450000 - 0x6d821000 	C:\Program Files (x86)\Java\jre1.8.0_171\bin\client\jvm.dll
0x77300000 - 0x77306000 	C:\WINDOWS\System32\PSAPI.DLL
0x72eb0000 - 0x72eb8000 	C:\WINDOWS\SYSTEM32\WSOCK32.dll
0x73480000 - 0x734a4000 	C:\WINDOWS\SYSTEM32\WINMM.dll
0x74100000 - 0x74167000 	C:\WINDOWS\System32\WS2_32.dll
0x73e80000 - 0x73e88000 	C:\WINDOWS\SYSTEM32\VERSION.dll
0x73450000 - 0x73473000 	C:\WINDOWS\SYSTEM32\WINMMBASE.dll
0x75a50000 - 0x75a89000 	C:\WINDOWS\System32\cfgmgr32.dll
0x6e380000 - 0x6e38c000 	C:\Program Files (x86)\Java\jre1.8.0_171\bin\verify.dll
0x6e2c0000 - 0x6e2e2000 	C:\Program Files (x86)\Java\jre1.8.0_171\bin\java.dll
0x6e2a0000 - 0x6e2b4000 	C:\Program Files (x86)\Java\jre1.8.0_171\bin\zip.dll
0x75e10000 - 0x7715a000 	C:\WINDOWS\System32\SHELL32.dll
0x75210000 - 0x75298000 	C:\WINDOWS\System32\shcore.dll
0x747d0000 - 0x74d8a000 	C:\WINDOWS\System32\windows.storage.dll
0x74d90000 - 0x74dd5000 	C:\WINDOWS\System32\shlwapi.dll
0x75580000 - 0x7558f000 	C:\WINDOWS\System32\kernel.appcore.dll
0x77570000 - 0x77588000 	C:\WINDOWS\System32\profapi.dll
0x74380000 - 0x743c5000 	C:\WINDOWS\System32\powrprof.dll
0x75a90000 - 0x75a98000 	C:\WINDOWS\System32\FLTLIB.DLL
0x6a140000 - 0x6a3c6000 	C:\Algorithm2018\Guide-master\Guide-master\JAVA\BasicBot\bwapi_bridge2_5.dll
0x6a880000 - 0x6a96e000 	C:\WINDOWS\SYSTEM32\MSVCR120.dll
0x6acc0000 - 0x6ad27000 	C:\WINDOWS\libgmp-10.dll
0x6a970000 - 0x6a9e1000 	C:\WINDOWS\SYSTEM32\MSVCP120.dll
0x6f540000 - 0x6f59e000 	C:\WINDOWS\libmpfr-4.dll
0x71280000 - 0x71402000 	C:\WINDOWS\SYSTEM32\dbghelp.dll

VM Arguments:
jvm_args: -Dfile.encoding=UTF-8 
java_command: Main
java_class_path (initial): C:\Program Files (x86)\Java\jre1.8.0_171\lib\resources.jar;C:\Program Files (x86)\Java\jre1.8.0_171\lib\rt.jar;C:\Program Files (x86)\Java\jre1.8.0_171\lib\jsse.jar;C:\Program Files (x86)\Java\jre1.8.0_171\lib\jce.jar;C:\Program Files (x86)\Java\jre1.8.0_171\lib\charsets.jar;C:\Program Files (x86)\Java\jre1.8.0_171\lib\jfr.jar;C:\Program Files (x86)\Java\jre1.8.0_171\lib\ext\access-bridge-32.jar;C:\Program Files (x86)\Java\jre1.8.0_171\lib\ext\cldrdata.jar;C:\Program Files (x86)\Java\jre1.8.0_171\lib\ext\dnsns.jar;C:\Program Files (x86)\Java\jre1.8.0_171\lib\ext\jaccess.jar;C:\Program Files (x86)\Java\jre1.8.0_171\lib\ext\jfxrt.jar;C:\Program Files (x86)\Java\jre1.8.0_171\lib\ext\localedata.jar;C:\Program Files (x86)\Java\jre1.8.0_171\lib\ext\nashorn.jar;C:\Program Files (x86)\Java\jre1.8.0_171\lib\ext\sunec.jar;C:\Program Files (x86)\Java\jre1.8.0_171\lib\ext\sunjce_provider.jar;C:\Program Files (x86)\Java\jre1.8.0_171\lib\ext\sunmscapi.jar;C:\Program Files (x86)\Java\jre1.8.0_171\lib\ext\sunpkcs11.jar;C:\Program Files (x86)\Java\jre1.8.0_171\lib\ext\zipfs.jar;C:\Algorithm2018\Guide-master\Guide-master\JAVA\BasicBot\bin;C:\Algorithm2018\Guide-master\Guide-master\JAVA\BasicBot\lib\bwmirror_v2_5.jar
Launcher Type: SUN_STANDARD

Environment Variables:
PATH=C:/Program Files (x86)/Java/jre1.8.0_171/bin/client;C:/Program Files (x86)/Java/jre1.8.0_171/bin;C:/Program Files (x86)/Java/jre1.8.0_171/lib/i386;C:\Program Files (x86)\Common Files\Oracle\Java\javapath;C:\Python27\;C:\Python27\Scripts;C:\ProgramData\Oracle\Java\javapath;C:\Windows\system32;C:\Windows;C:\Windows\System32\Wbem;C:\Windows\System32\WindowsPowerShell\v1.0\;C:\Program Files (x86)\NVIDIA Corporation\PhysX\Common;C:\WINDOWS\system32;C:\WINDOWS;C:\WINDOWS\System32\Wbem;C:\WINDOWS\System32\WindowsPowerShell\v1.0\;C:\WINDOWS\System32\OpenSSH\;C:\Users\권순우\AppData\Local\Microsoft\WindowsApps;C:\Users\권순우\Desktop\스타 개발\eclipse-java-oxygen-R-win32\eclipse;
USERNAME=권순우
OS=Windows_NT
PROCESSOR_IDENTIFIER=Intel64 Family 6 Model 94 Stepping 3, GenuineIntel



---------------  S Y S T E M  ---------------

OS: Windows 10.0 , 64 bit Build 17134 (10.0.17134.1)

CPU:total 8 (initial active 8) (4 cores per cpu, 2 threads per core) family 6 model 94 stepping 3, cmov, cx8, fxsr, mmx, sse, sse2, sse3, ssse3, sse4.1, sse4.2, popcnt, avx, avx2, aes, clmul, erms, rtm, 3dnowpref, lzcnt, ht, tsc, tscinvbit, bmi1, bmi2, adx

Memory: 4k page, physical 16709136k(13204596k free), swap 19199504k(13952440k free)

vm_info: Java HotSpot(TM) Client VM (25.171-b11) for windows-x86 JRE (1.8.0_171-b11), built on Mar 28 2018 14:51:22 by "java_re" with MS VC++ 10.0 (VS2010)

time: Mon Jun 18 20:24:31 2018
elapsed time: 49 seconds (0d 0h 0m 49s)

