#
# A fatal error has been detected by the Java Runtime Environment:
#
#  EXCEPTION_UNCAUGHT_CXX_EXCEPTION (0xe06d7363) at pc=0x7456db52, pid=7380, tid=0x00000f00
#
# JRE version: Java(TM) SE Runtime Environment (8.0_171-b11) (build 1.8.0_171-b11)
# Java VM: Java HotSpot(TM) Client VM (25.171-b11 mixed mode, sharing windows-x86 )
# Problematic frame:
# C  [KERNELBASE.dll+0x10db52]
#
# Failed to write core dump. Minidumps are not enabled by default on client versions of Windows
#
# If you would like to submit a bug report, please visit:
#   http://bugreport.java.com/bugreport/crash.jsp
# The crash happened outside the Java Virtual Machine in native code.
# See problematic frame for where to report the bug.
#

---------------  T H R E A D  ---------------

Current thread (0x007dd400):  JavaThread "main" [_thread_in_native, id=3840, stack(0x00820000,0x00870000)]

siginfo: ExceptionCode=0xe06d7363, ExceptionInformation=0x19930520 0x0086dbdc 0x6ba10d38 

Registers:
EAX=0x0086db30, EBX=0x15b1e3cc, ECX=0x00000003, EDX=0x00000000
ESP=0x0086db30, EBP=0x0086db8c, ESI=0x6ba10d38, EDI=0x0086dbdc
EIP=0x7456db52, EFLAGS=0x00000216

Top of Stack: (sp=0x0086db30)
0x0086db30:   e06d7363 00000001 00000000 7456db52
0x0086db40:   00000003 19930520 0086dbdc 6ba10d38
0x0086db50:   001a0890 00000000 0086db98 776c48da
0x0086db60:   00000010 00000000 0000008f 00580000
0x0086db70:   00000000 00000018 00000003 00000000
0x0086db80:   00000002 a44c2898 00000010 0086dbcc
0x0086db90:   6ba69339 e06d7363 00000001 00000003
0x0086dba0:   0086dbc0 00000099 1541df3c e06d7363 

Instructions: (pc=0x7456db52)
0x7456db32:   89 44 24 10 c1 e0 02 50 51 8d 44 24 1c 50 e8 6f
0x7456db42:   84 00 00 83 c4 0c 8d 04 24 50 ff 15 9c 33 61 74
0x7456db52:   8b 4c 24 54 33 cc e8 f3 43 00 00 8b e5 5d c2 10
0x7456db62:   00 83 64 24 10 00 eb de 6a 0f 58 eb c3 cc cc cc 


Register to memory mapping:

EAX=0x0086db30 is pointing into the stack for thread: 0x007dd400
EBX=0x15b1e3cc is an unknown value
ECX=0x00000003 is an unknown value
EDX=0x00000000 is an unknown value
ESP=0x0086db30 is pointing into the stack for thread: 0x007dd400
EBP=0x0086db8c is pointing into the stack for thread: 0x007dd400
ESI=0x6ba10d38 is an unknown value
EDI=0x0086dbdc is pointing into the stack for thread: 0x007dd400


Stack: [0x00820000,0x00870000],  sp=0x0086db30,  free space=310k
Native frames: (J=compiled Java code, j=interpreted, Vv=VM code, C=native code)
C  [KERNELBASE.dll+0x10db52]
C  [MSVCR120.dll+0x19339]
C  [MSVCP120.dll+0x139ad]
C  [bwapi_bridge2_5.dll+0x88d85]
C  [bwapi_bridge2_5.dll+0x8df0e]
C  [bwapi_bridge2_5.dll+0x92ab7]

Java frames: (J=compiled Java code, j=interpreted, Vv=VM code)
j  bwapi.Unit.getUnitsInWeaponRange_native(JLbwapi/WeaponType;)Ljava/util/List;+0
j  bwapi.Unit.getUnitsInWeaponRange(Lbwapi/WeaponType;)Ljava/util/List;+6
j  Mutalisk.getNextTargetOf(Lbwapi/Unit;)Lbwapi/Unit;+157
J 359 C1 Mutalisk.myMutal()V (533 bytes) @ 0x02713f94 [0x02713bf0+0x3a4]
J 298 C1 StrategyManager.update()V (144 bytes) @ 0x026ebcdc [0x026ebac0+0x21c]
J 354 C1 GameCommander.onFrame()V (239 bytes) @ 0x027114ac [0x027110e0+0x3cc]
J 349 C1 MyBotModule.onFrame()V (277 bytes) @ 0x0270c30c [0x0270c110+0x1fc]
J 365 C1 bwapi.AIModule.onFrame()V (17 bytes) @ 0x0271ed44 [0x0271ed10+0x34]
v  ~StubRoutines::call_stub
j  bwapi.Mirror.startGame()V+0
j  MyBotModule.run()V+15
j  Main.main([Ljava/lang/String;)V+7
v  ~StubRoutines::call_stub

---------------  P R O C E S S  ---------------

Java Threads: ( => current thread )
  0x00d29800 JavaThread "Service Thread" daemon [_thread_blocked, id=14832, stack(0x14f40000,0x14f90000)]
  0x00d23800 JavaThread "C1 CompilerThread0" daemon [_thread_blocked, id=5204, stack(0x14eb0000,0x14f00000)]
  0x00d20400 JavaThread "Attach Listener" daemon [_thread_blocked, id=8840, stack(0x14e20000,0x14e70000)]
  0x00d0dc00 JavaThread "Signal Dispatcher" daemon [_thread_blocked, id=6136, stack(0x14d90000,0x14de0000)]
  0x00d04c00 JavaThread "Finalizer" daemon [_thread_blocked, id=4516, stack(0x14c70000,0x14cc0000)]
  0x00ca6c00 JavaThread "Reference Handler" daemon [_thread_blocked, id=4964, stack(0x14be0000,0x14c30000)]
=>0x007dd400 JavaThread "main" [_thread_in_native, id=3840, stack(0x00820000,0x00870000)]

Other Threads:
  0x00ca4000 VMThread [stack: 0x14b50000,0x14ba0000] [id=2784]
  0x00d67000 WatcherThread [stack: 0x14fd0000,0x15020000] [id=16332]

VM state:not at safepoint (normal execution)

VM Mutex/Monitor currently owned by a thread: None

Heap:
 def new generation   total 4992K, used 3200K [0x04600000, 0x04b60000, 0x09b50000)
  eden space 4480K,  60% used [0x04600000, 0x048a0048, 0x04a60000)
  from space 512K,  99% used [0x04a60000, 0x04adfff8, 0x04ae0000)
  to   space 512K,   0% used [0x04ae0000, 0x04ae0000, 0x04b60000)
 tenured generation   total 10944K, used 5154K [0x09b50000, 0x0a600000, 0x14600000)
   the space 10944K,  47% used [0x09b50000, 0x0a058970, 0x0a058a00, 0x0a600000)
 Metaspace       used 739K, capacity 2882K, committed 3008K, reserved 4480K

Card table byte_map: [0x14600000,0x14690000] byte_map_base: 0x145dd000

Polling page: 0x007a0000

CodeCache: size=32768Kb used=1488Kb max_used=1488Kb free=31279Kb
 bounds [0x025c0000, 0x02738000, 0x045c0000]
 total_blobs=571 nmethods=423 adapters=79
 compilation: enabled

Compilation events (10 events):
Event: 150.523 Thread 0x00d23800  418             ConstructionManager::checkForDeadlockConstruction (570 bytes)
Event: 150.525 Thread 0x00d23800 nmethod 418 0x0272f048 code [0x0272f4a0, 0x02730a74]
Event: 158.803 Thread 0x00d23800  419             java.util.HashMap::clear (50 bytes)
Event: 158.803 Thread 0x00d23800 nmethod 419 0x02732988 code [0x02732a80, 0x02732b50]
Event: 163.665 Thread 0x00d23800  420             MetaType::getUnitType (5 bytes)
Event: 163.665 Thread 0x00d23800 nmethod 420 0x02732c08 code [0x02732d00, 0x02732d80]
Event: 163.962 Thread 0x00d23800  421             BuildOrderQueue::getItemCount (277 bytes)
Event: 163.963 Thread 0x00d23800 nmethod 421 0x02732dc8 code [0x02732f90, 0x02733550]
Event: 167.430 Thread 0x00d23800  423             InformationManager::getBasicCombatBuildingType (37 bytes)
Event: 167.431 Thread 0x00d23800 nmethod 423 0x02733f48 code [0x02734050, 0x02734130]

GC Heap History (10 events):
Event: 167.166 GC heap before
{Heap before GC invocations=1475 (full 54):
 def new generation   total 4992K, used 4991K [0x04600000, 0x04b60000, 0x09b50000)
  eden space 4480K, 100% used [0x04600000, 0x04a60000, 0x04a60000)
  from space 512K,  99% used [0x04ae0000, 0x04b5fff8, 0x04b60000)
  to   space 512K,   0% used [0x04a60000, 0x04a60000, 0x04ae0000)
 tenured generation   total 10944K, used 10869K [0x09b50000, 0x0a600000, 0x14600000)
   the space 10944K,  99% used [0x09b50000, 0x0a5ed740, 0x0a5ed800, 0x0a600000)
 Metaspace       used 739K, capacity 2882K, committed 3008K, reserved 4480K
Event: 167.182 GC heap after
Heap after GC invocations=1476 (full 55):
 def new generation   total 4992K, used 0K [0x04600000, 0x04b60000, 0x09b50000)
  eden space 4480K,   0% used [0x04600000, 0x04600000, 0x04a60000)
  from space 512K,   0% used [0x04a60000, 0x04a60000, 0x04ae0000)
  to   space 512K,   0% used [0x04ae0000, 0x04ae0000, 0x04b60000)
 tenured generation   total 10944K, used 4118K [0x09b50000, 0x0a600000, 0x14600000)
   the space 10944K,  37% used [0x09b50000, 0x09f55a80, 0x09f55c00, 0x0a600000)
 Metaspace       used 739K, capacity 2882K, committed 3008K, reserved 4480K
}
Event: 167.265 GC heap before
{Heap before GC invocations=1476 (full 55):
 def new generation   total 4992K, used 4480K [0x04600000, 0x04b60000, 0x09b50000)
  eden space 4480K, 100% used [0x04600000, 0x04a60000, 0x04a60000)
  from space 512K,   0% used [0x04a60000, 0x04a60000, 0x04ae0000)
  to   space 512K,   0% used [0x04ae0000, 0x04ae0000, 0x04b60000)
 tenured generation   total 10944K, used 4118K [0x09b50000, 0x0a600000, 0x14600000)
   the space 10944K,  37% used [0x09b50000, 0x09f55a80, 0x09f55c00, 0x0a600000)
 Metaspace       used 739K, capacity 2882K, committed 3008K, reserved 4480K
Event: 167.267 GC heap after
Heap after GC invocations=1477 (full 55):
 def new generation   total 4992K, used 512K [0x04600000, 0x04b60000, 0x09b50000)
  eden space 4480K,   0% used [0x04600000, 0x04600000, 0x04a60000)
  from space 512K, 100% used [0x04ae0000, 0x04b60000, 0x04b60000)
  to   space 512K,   0% used [0x04a60000, 0x04a60000, 0x04ae0000)
 tenured generation   total 10944K, used 4377K [0x09b50000, 0x0a600000, 0x14600000)
   the space 10944K,  39% used [0x09b50000, 0x09f96638, 0x09f96800, 0x0a600000)
 Metaspace       used 739K, capacity 2882K, committed 3008K, reserved 4480K
}
Event: 167.355 GC heap before
{Heap before GC invocations=1477 (full 55):
 def new generation   total 4992K, used 4992K [0x04600000, 0x04b60000, 0x09b50000)
  eden space 4480K, 100% used [0x04600000, 0x04a60000, 0x04a60000)
  from space 512K, 100% used [0x04ae0000, 0x04b60000, 0x04b60000)
  to   space 512K,   0% used [0x04a60000, 0x04a60000, 0x04ae0000)
 tenured generation   total 10944K, used 4377K [0x09b50000, 0x0a600000, 0x14600000)
   the space 10944K,  39% used [0x09b50000, 0x09f96638, 0x09f96800, 0x0a600000)
 Metaspace       used 739K, capacity 2882K, committed 3008K, reserved 4480K
Event: 167.357 GC heap after
Heap after GC invocations=1478 (full 55):
 def new generation   total 4992K, used 511K [0x04600000, 0x04b60000, 0x09b50000)
  eden space 4480K,   0% used [0x04600000, 0x04600000, 0x04a60000)
  from space 512K,  99% used [0x04a60000, 0x04adfff8, 0x04ae0000)
  to   space 512K,   0% used [0x04ae0000, 0x04ae0000, 0x04b60000)
 tenured generation   total 10944K, used 4636K [0x09b50000, 0x0a600000, 0x14600000)
   the space 10944K,  42% used [0x09b50000, 0x09fd7210, 0x09fd7400, 0x0a600000)
 Metaspace       used 739K, capacity 2882K, committed 3008K, reserved 4480K
}
Event: 167.465 GC heap before
{Heap before GC invocations=1478 (full 55):
 def new generation   total 4992K, used 4991K [0x04600000, 0x04b60000, 0x09b50000)
  eden space 4480K, 100% used [0x04600000, 0x04a60000, 0x04a60000)
  from space 512K,  99% used [0x04a60000, 0x04adfff8, 0x04ae0000)
  to   space 512K,   0% used [0x04ae0000, 0x04ae0000, 0x04b60000)
 tenured generation   total 10944K, used 4636K [0x09b50000, 0x0a600000, 0x14600000)
   the space 10944K,  42% used [0x09b50000, 0x09fd7210, 0x09fd7400, 0x0a600000)
 Metaspace       used 739K, capacity 2882K, committed 3008K, reserved 4480K
Event: 167.466 GC heap after
Heap after GC invocations=1479 (full 55):
 def new generation   total 4992K, used 511K [0x04600000, 0x04b60000, 0x09b50000)
  eden space 4480K,   0% used [0x04600000, 0x04600000, 0x04a60000)
  from space 512K,  99% used [0x04ae0000, 0x04b5fff8, 0x04b60000)
  to   space 512K,   0% used [0x04a60000, 0x04a60000, 0x04ae0000)
 tenured generation   total 10944K, used 4895K [0x09b50000, 0x0a600000, 0x14600000)
   the space 10944K,  44% used [0x09b50000, 0x0a017dc0, 0x0a017e00, 0x0a600000)
 Metaspace       used 739K, capacity 2882K, committed 3008K, reserved 4480K
}
Event: 167.559 GC heap before
{Heap before GC invocations=1479 (full 55):
 def new generation   total 4992K, used 4991K [0x04600000, 0x04b60000, 0x09b50000)
  eden space 4480K, 100% used [0x04600000, 0x04a60000, 0x04a60000)
  from space 512K,  99% used [0x04ae0000, 0x04b5fff8, 0x04b60000)
  to   space 512K,   0% used [0x04a60000, 0x04a60000, 0x04ae0000)
 tenured generation   total 10944K, used 4895K [0x09b50000, 0x0a600000, 0x14600000)
   the space 10944K,  44% used [0x09b50000, 0x0a017dc0, 0x0a017e00, 0x0a600000)
 Metaspace       used 739K, capacity 2882K, committed 3008K, reserved 4480K
Event: 167.560 GC heap after
Heap after GC invocations=1480 (full 55):
 def new generation   total 4992K, used 511K [0x04600000, 0x04b60000, 0x09b50000)
  eden space 4480K,   0% used [0x04600000, 0x04600000, 0x04a60000)
  from space 512K,  99% used [0x04a60000, 0x04adfff8, 0x04ae0000)
  to   space 512K,   0% used [0x04ae0000, 0x04ae0000, 0x04b60000)
 tenured generation   total 10944K, used 5154K [0x09b50000, 0x0a600000, 0x14600000)
   the space 10944K,  47% used [0x09b50000, 0x0a058970, 0x0a058a00, 0x0a600000)
 Metaspace       used 739K, capacity 2882K, committed 3008K, reserved 4480K
}

Deoptimization events (0 events):
No events

Classes redefined (0 events):
No events

Internal exceptions (2 events):
Event: 0.025 Thread 0x007dd400 Exception <a 'java/lang/NoSuchMethodError': Method sun.misc.Unsafe.defineClass(Ljava/lang/String;[BII)Ljava/lang/Class; name or signature does not match> (0x046079d0) thrown at [C:\re\workspace\8-2-build-windows-i586-cygwin\jdk8u171\10807\hotspot\src\shar
Event: 0.025 Thread 0x007dd400 Exception <a 'java/lang/NoSuchMethodError': Method sun.misc.Unsafe.prefetchRead(Ljava/lang/Object;J)V name or signature does not match> (0x04607ca0) thrown at [C:\re\workspace\8-2-build-windows-i586-cygwin\jdk8u171\10807\hotspot\src\share\vm\prims\jni.cpp

Events (10 events):
Event: 167.166 Executing VM operation: GenCollectForAllocation
Event: 167.182 Executing VM operation: GenCollectForAllocation done
Event: 167.265 Executing VM operation: GenCollectForAllocation
Event: 167.267 Executing VM operation: GenCollectForAllocation done
Event: 167.355 Executing VM operation: GenCollectForAllocation
Event: 167.357 Executing VM operation: GenCollectForAllocation done
Event: 167.465 Executing VM operation: GenCollectForAllocation
Event: 167.466 Executing VM operation: GenCollectForAllocation done
Event: 167.559 Executing VM operation: GenCollectForAllocation
Event: 167.560 Executing VM operation: GenCollectForAllocation done


Dynamic libraries:
0x00e30000 - 0x00e63000 	C:\Program Files (x86)\Java\jre1.8.0_171\bin\javaw.exe
0x77680000 - 0x77810000 	C:\WINDOWS\SYSTEM32\ntdll.dll
0x74650000 - 0x74730000 	C:\WINDOWS\System32\KERNEL32.DLL
0x74460000 - 0x74644000 	C:\WINDOWS\System32\KERNELBASE.dll
0x73e90000 - 0x73f2d000 	C:\WINDOWS\SYSTEM32\apphelp.dll
0x75aa0000 - 0x75b18000 	C:\WINDOWS\System32\ADVAPI32.dll
0x75b20000 - 0x75bdf000 	C:\WINDOWS\System32\msvcrt.dll
0x75440000 - 0x75484000 	C:\WINDOWS\System32\sechost.dll
0x742c0000 - 0x74380000 	C:\WINDOWS\System32\RPCRT4.dll
0x73f40000 - 0x73f60000 	C:\WINDOWS\System32\SspiCli.dll
0x73f30000 - 0x73f3a000 	C:\WINDOWS\System32\CRYPTBASE.dll
0x75490000 - 0x754e8000 	C:\WINDOWS\System32\bcryptPrimitives.dll
0x75080000 - 0x7520d000 	C:\WINDOWS\System32\USER32.dll
0x75060000 - 0x75077000 	C:\WINDOWS\System32\win32u.dll
0x74290000 - 0x742b2000 	C:\WINDOWS\System32\GDI32.dll
0x75ca0000 - 0x75e04000 	C:\WINDOWS\System32\gdi32full.dll
0x73f60000 - 0x73fdd000 	C:\WINDOWS\System32\msvcp_win.dll
0x73fe0000 - 0x740fe000 	C:\WINDOWS\System32\ucrtbase.dll
0x72710000 - 0x72914000 	C:\WINDOWS\WinSxS\x86_microsoft.windows.common-controls_6595b64144ccf1df_6.0.17134.112_none_42ecccf244e44518\COMCTL32.dll
0x77310000 - 0x7756c000 	C:\WINDOWS\System32\combase.dll
0x75550000 - 0x75576000 	C:\WINDOWS\System32\IMM32.DLL
0x6b060000 - 0x6b11f000 	C:\Program Files (x86)\Java\jre1.8.0_171\bin\msvcr100.dll
0x6ca00000 - 0x6cdd1000 	C:\Program Files (x86)\Java\jre1.8.0_171\bin\client\jvm.dll
0x77300000 - 0x77306000 	C:\WINDOWS\System32\PSAPI.DLL
0x73480000 - 0x734a4000 	C:\WINDOWS\SYSTEM32\WINMM.dll
0x72eb0000 - 0x72eb8000 	C:\WINDOWS\SYSTEM32\WSOCK32.dll
0x73e80000 - 0x73e88000 	C:\WINDOWS\SYSTEM32\VERSION.dll
0x74100000 - 0x74167000 	C:\WINDOWS\System32\WS2_32.dll
0x73450000 - 0x73473000 	C:\WINDOWS\SYSTEM32\WINMMBASE.dll
0x75a50000 - 0x75a89000 	C:\WINDOWS\System32\cfgmgr32.dll
0x6d470000 - 0x6d47c000 	C:\Program Files (x86)\Java\jre1.8.0_171\bin\verify.dll
0x6ce40000 - 0x6ce62000 	C:\Program Files (x86)\Java\jre1.8.0_171\bin\java.dll
0x6ce20000 - 0x6ce34000 	C:\Program Files (x86)\Java\jre1.8.0_171\bin\zip.dll
0x75e10000 - 0x7715a000 	C:\WINDOWS\System32\SHELL32.dll
0x75210000 - 0x75298000 	C:\WINDOWS\System32\shcore.dll
0x747d0000 - 0x74d8a000 	C:\WINDOWS\System32\windows.storage.dll
0x74d90000 - 0x74dd5000 	C:\WINDOWS\System32\shlwapi.dll
0x75580000 - 0x7558f000 	C:\WINDOWS\System32\kernel.appcore.dll
0x77570000 - 0x77588000 	C:\WINDOWS\System32\profapi.dll
0x74380000 - 0x743c5000 	C:\WINDOWS\System32\powrprof.dll
0x75a90000 - 0x75a98000 	C:\WINDOWS\System32\FLTLIB.DLL
0x6add0000 - 0x6b056000 	C:\Algorithm2018\Guide-master\Guide-master\JAVA\BasicBot\bwapi_bridge2_5.dll
0x6b9d0000 - 0x6ba41000 	C:\WINDOWS\SYSTEM32\MSVCP120.dll
0x6ba50000 - 0x6bb3e000 	C:\WINDOWS\SYSTEM32\MSVCR120.dll
0x6acc0000 - 0x6ad27000 	C:\WINDOWS\libgmp-10.dll
0x6f540000 - 0x6f59e000 	C:\WINDOWS\libmpfr-4.dll
0x71280000 - 0x71402000 	C:\WINDOWS\SYSTEM32\dbghelp.dll

VM Arguments:
jvm_args: -Dfile.encoding=UTF-8 
java_command: Main
java_class_path (initial): C:\Program Files (x86)\Java\jre1.8.0_171\lib\resources.jar;C:\Program Files (x86)\Java\jre1.8.0_171\lib\rt.jar;C:\Program Files (x86)\Java\jre1.8.0_171\lib\jsse.jar;C:\Program Files (x86)\Java\jre1.8.0_171\lib\jce.jar;C:\Program Files (x86)\Java\jre1.8.0_171\lib\charsets.jar;C:\Program Files (x86)\Java\jre1.8.0_171\lib\jfr.jar;C:\Program Files (x86)\Java\jre1.8.0_171\lib\ext\access-bridge-32.jar;C:\Program Files (x86)\Java\jre1.8.0_171\lib\ext\cldrdata.jar;C:\Program Files (x86)\Java\jre1.8.0_171\lib\ext\dnsns.jar;C:\Program Files (x86)\Java\jre1.8.0_171\lib\ext\jaccess.jar;C:\Program Files (x86)\Java\jre1.8.0_171\lib\ext\jfxrt.jar;C:\Program Files (x86)\Java\jre1.8.0_171\lib\ext\localedata.jar;C:\Program Files (x86)\Java\jre1.8.0_171\lib\ext\nashorn.jar;C:\Program Files (x86)\Java\jre1.8.0_171\lib\ext\sunec.jar;C:\Program Files (x86)\Java\jre1.8.0_171\lib\ext\sunjce_provider.jar;C:\Program Files (x86)\Java\jre1.8.0_171\lib\ext\sunmscapi.jar;C:\Program Files (x86)\Java\jre1.8.0_171\lib\ext\sunpkcs11.jar;C:\Program Files (x86)\Java\jre1.8.0_171\lib\ext\zipfs.jar;C:\Algorithm2018\Guide-master\Guide-master\JAVA\BasicBot\bin;C:\Algorithm2018\Guide-master\Guide-master\JAVA\BasicBot\lib\bwmirror_v2_5.jar
Launcher Type: SUN_STANDARD

Environment Variables:
PATH=C:/Program Files (x86)/Java/jre1.8.0_171/bin/client;C:/Program Files (x86)/Java/jre1.8.0_171/bin;C:/Program Files (x86)/Java/jre1.8.0_171/lib/i386;C:\Program Files (x86)\Common Files\Oracle\Java\javapath;C:\Python27\;C:\Python27\Scripts;C:\ProgramData\Oracle\Java\javapath;C:\Windows\system32;C:\Windows;C:\Windows\System32\Wbem;C:\Windows\System32\WindowsPowerShell\v1.0\;C:\Program Files (x86)\NVIDIA Corporation\PhysX\Common;C:\WINDOWS\system32;C:\WINDOWS;C:\WINDOWS\System32\Wbem;C:\WINDOWS\System32\WindowsPowerShell\v1.0\;C:\WINDOWS\System32\OpenSSH\;C:\Users\권순우\AppData\Local\Microsoft\WindowsApps;C:\Users\권순우\Desktop\스타 개발\eclipse-java-oxygen-R-win32\eclipse;
USERNAME=권순우
OS=Windows_NT
PROCESSOR_IDENTIFIER=Intel64 Family 6 Model 94 Stepping 3, GenuineIntel



---------------  S Y S T E M  ---------------

OS: Windows 10.0 , 64 bit Build 17134 (10.0.17134.1)

CPU:total 8 (initial active 8) (4 cores per cpu, 2 threads per core) family 6 model 94 stepping 3, cmov, cx8, fxsr, mmx, sse, sse2, sse3, ssse3, sse4.1, sse4.2, popcnt, avx, avx2, aes, clmul, erms, rtm, 3dnowpref, lzcnt, ht, tsc, tscinvbit, bmi1, bmi2, adx

Memory: 4k page, physical 16709136k(12239060k free), swap 19199504k(12715152k free)

vm_info: Java HotSpot(TM) Client VM (25.171-b11) for windows-x86 JRE (1.8.0_171-b11), built on Mar 28 2018 14:51:22 by "java_re" with MS VC++ 10.0 (VS2010)

time: Mon Jul 02 01:26:45 2018
elapsed time: 167 seconds (0d 0h 2m 47s)

