#
# A fatal error has been detected by the Java Runtime Environment:
#
#  EXCEPTION_ACCESS_VIOLATION (0xc0000005) at pc=0x67f47c5b, pid=5632, tid=0x00001e38
#
# JRE version: Java(TM) SE Runtime Environment (8.0_181-b13) (build 1.8.0_181-b13)
# Java VM: Java HotSpot(TM) Client VM (25.181-b13 mixed mode windows-x86 )
# Problematic frame:
# V  [jvm.dll+0xd7c5b]
#
# Failed to write core dump. Minidumps are not enabled by default on client versions of Windows
#
# If you would like to submit a bug report, please visit:
#   http://bugreport.java.com/bugreport/crash.jsp
#

---------------  T H R E A D  ---------------

Current thread (0x030fd400):  JavaThread "main" [_thread_in_vm, id=7736, stack(0x01300000,0x01350000)]

siginfo: ExceptionCode=0xc0000005, reading address 0x00000000

Registers:
EAX=0x00000000, EBX=0x030fd400, ECX=0x00000000, EDX=0x00000001
ESP=0x0134d9ec, EBP=0x0134da08, ESI=0x030fd540, EDI=0x00000000
EIP=0x67f47c5b, EFLAGS=0x00010246

Top of Stack: (sp=0x0134d9ec)
0x0134d9ec:   00000000 18596178 030fd540 030fd400
0x0134d9fc:   00000000 18596178 00000000 0134da58
0x0134da0c:   63f4554d 030fd540 00000000 18590079
0x0134da1c:   00000000 0134da58 63f4551c 00000001
0x0134da2c:   0000000f 00000049 00000000 00000000
0x0134da3c:   00000000 00000001 0000000f 030fd400
0x0134da4c:   18596178 00000000 05501650 0134da88
0x0134da5c:   03289f78 030fd540 0134da74 18596178 

Instructions: (pc=0x67f47c5b)
0x67f47c3b:   f2 ff 83 c4 08 83 7b 04 00 89 5d f0 c7 45 f4 00
0x67f47c4b:   00 00 00 74 08 8d 4d f0 e8 08 2b 0d 00 8b 45 0c
0x67f47c5b:   8b 08 8b 51 04 8b 42 38 50 56 e8 46 53 08 00 83
0x67f47c6b:   c4 08 83 7d f4 00 89 45 08 74 08 8d 4d f0 e8 22 


Register to memory mapping:

EAX=0x00000000 is an unknown value
EBX=0x030fd400 is a thread
ECX=0x00000000 is an unknown value
EDX=0x00000001 is an unknown value
ESP=0x0134d9ec is pointing into the stack for thread: 0x030fd400
EBP=0x0134da08 is pointing into the stack for thread: 0x030fd400
ESI=0x030fd540 is an unknown value
EDI=0x00000000 is an unknown value


Stack: [0x01300000,0x01350000],  sp=0x0134d9ec,  free space=310k
Native frames: (J=compiled Java code, j=interpreted, Vv=VM code, C=native code)
V  [jvm.dll+0xd7c5b]
C  [bwapi_bridge2_5.dll+0x3554d]
J 464  bwapi.Unit.getDistance_native(JLbwapi/Position;)I (0 bytes) @ 0x03289f78 [0x03289ed0+0xa8]
J 456 C1 UnitControl_Zergling.update()V (637 bytes) @ 0x03280acc [0x03280520+0x5ac]
J 363 C1 UnitControl_MASTER.update()V (206 bytes) @ 0x0324fffc [0x0324ff40+0xbc]
J 346 C1 StrategyManager.update()V (42 bytes) @ 0x03234680 [0x032345f0+0x90]
J 395 C1 GameCommander.onFrame()V (239 bytes) @ 0x0326df6c [0x0326dbd0+0x39c]
J 419 C1 MyBotModule.onFrame()V (277 bytes) @ 0x03274588 [0x032741e0+0x3a8]
J 406 C1 bwapi.AIModule.onFrame()V (17 bytes) @ 0x03271104 [0x032710d0+0x34]
v  ~StubRoutines::call_stub
V  [jvm.dll+0x15c065]
V  [jvm.dll+0x223ade]
V  [jvm.dll+0x15c0fe]
V  [jvm.dll+0xddbfb]
V  [jvm.dll+0xe0b8c]
C  [bwapi_bridge2_5.dll+0x1b20d]
C  [bwapi_bridge2_5.dll+0x75101]
j  bwapi.Mirror.startGame()V+0
j  MyBotModule.run()V+15
j  Main.main([Ljava/lang/String;)V+7
v  ~StubRoutines::call_stub
V  [jvm.dll+0x15c065]
V  [jvm.dll+0x223ade]
V  [jvm.dll+0x15c0fe]
V  [jvm.dll+0xdd9c7]
V  [jvm.dll+0xe5f5f]
C  [javaw.exe+0x2373]
C  [javaw.exe+0xb05f]
C  [javaw.exe+0xb0e9]
C  [KERNEL32.DLL+0x18484]
C  [ntdll.dll+0x62fea]
C  [ntdll.dll+0x62fba]
C  0x00000000

Java frames: (J=compiled Java code, j=interpreted, Vv=VM code)
J 464  bwapi.Unit.getDistance_native(JLbwapi/Position;)I (0 bytes) @ 0x03289f34 [0x03289ed0+0x64]
J 456 C1 UnitControl_Zergling.update()V (637 bytes) @ 0x03280acc [0x03280520+0x5ac]
J 363 C1 UnitControl_MASTER.update()V (206 bytes) @ 0x0324fffc [0x0324ff40+0xbc]
J 346 C1 StrategyManager.update()V (42 bytes) @ 0x03234680 [0x032345f0+0x90]
J 395 C1 GameCommander.onFrame()V (239 bytes) @ 0x0326df6c [0x0326dbd0+0x39c]
J 419 C1 MyBotModule.onFrame()V (277 bytes) @ 0x03274588 [0x032741e0+0x3a8]
J 406 C1 bwapi.AIModule.onFrame()V (17 bytes) @ 0x03271104 [0x032710d0+0x34]
v  ~StubRoutines::call_stub
j  bwapi.Mirror.startGame()V+0
j  MyBotModule.run()V+15
j  Main.main([Ljava/lang/String;)V+7
v  ~StubRoutines::call_stub

---------------  P R O C E S S  ---------------

Java Threads: ( => current thread )
  0x1573ac00 JavaThread "Service Thread" daemon [_thread_blocked, id=14184, stack(0x15c50000,0x15ca0000)]
  0x1570c400 JavaThread "C1 CompilerThread0" daemon [_thread_blocked, id=4800, stack(0x15bc0000,0x15c10000)]
  0x1570ac00 JavaThread "Attach Listener" daemon [_thread_blocked, id=7056, stack(0x15b30000,0x15b80000)]
  0x15708c00 JavaThread "Signal Dispatcher" daemon [_thread_blocked, id=11660, stack(0x15aa0000,0x15af0000)]
  0x156cb000 JavaThread "Finalizer" daemon [_thread_blocked, id=4572, stack(0x15980000,0x159d0000)]
  0x156b5000 JavaThread "Reference Handler" daemon [_thread_blocked, id=10976, stack(0x158f0000,0x15940000)]
=>0x030fd400 JavaThread "main" [_thread_in_vm, id=7736, stack(0x01300000,0x01350000)]

Other Threads:
  0x02ffd800 VMThread [stack: 0x15660000,0x156b0000] [id=2132]
  0x15746800 WatcherThread [stack: 0x15ce0000,0x15d30000] [id=14576]

VM state:not at safepoint (normal execution)

VM Mutex/Monitor currently owned by a thread: None

Heap:
 def new generation   total 4992K, used 4454K [0x05200000, 0x05760000, 0x0a750000)
  eden space 4480K,  88% used [0x05200000, 0x055d99f8, 0x05660000)
  from space 512K, 100% used [0x056e0000, 0x05760000, 0x05760000)
  to   space 512K,   0% used [0x05660000, 0x05660000, 0x056e0000)
 tenured generation   total 10944K, used 5948K [0x0a750000, 0x0b200000, 0x15200000)
   the space 10944K,  54% used [0x0a750000, 0x0ad1f278, 0x0ad1f400, 0x0b200000)
 Metaspace       used 2579K, capacity 2978K, committed 3008K, reserved 4480K

Card table byte_map: [0x05100000,0x05190000] byte_map_base: 0x050d7000

Polling page: 0x01370000

CodeCache: size=32768Kb used=1585Kb max_used=1585Kb free=31182Kb
 bounds [0x03100000, 0x03290000, 0x05100000]
 total_blobs=623 nmethods=474 adapters=80
 compilation: enabled

Compilation events (10 events):
Event: 69.566 Thread 0x1570c400  468             java.util.Vector::<init> (7 bytes)
Event: 69.566 Thread 0x1570c400 nmethod 468 0x0328b588 code [0x0328b680, 0x0328b71c]
Event: 69.566 Thread 0x1570c400  469             java.util.Vector::<init> (7 bytes)
Event: 69.566 Thread 0x1570c400 nmethod 469 0x0328b788 code [0x0328b880, 0x0328b91c]
Event: 70.562 Thread 0x1570c400  470             CommandUtil::<init> (5 bytes)
Event: 70.562 Thread 0x1570c400 nmethod 470 0x0328b988 code [0x0328ba80, 0x0328bb00]
Event: 71.044 Thread 0x1570c400  471             java.nio.Buffer::position (43 bytes)
Event: 71.044 Thread 0x1570c400 nmethod 471 0x0328bb48 code [0x0328bc50, 0x0328bd5c]
Event: 71.335 Thread 0x1570c400  472             java.nio.ByteBuffer::arrayOffset (35 bytes)
Event: 71.335 Thread 0x1570c400 nmethod 472 0x0328bdc8 code [0x0328bee0, 0x0328c048]

GC Heap History (10 events):
Event: 71.740 GC heap before
{Heap before GC invocations=909 (full 34):
 def new generation   total 4992K, used 4992K [0x05200000, 0x05760000, 0x0a750000)
  eden space 4480K, 100% used [0x05200000, 0x05660000, 0x05660000)
  from space 512K, 100% used [0x05660000, 0x056e0000, 0x056e0000)
  to   space 512K,   0% used [0x056e0000, 0x056e0000, 0x05760000)
 tenured generation   total 10944K, used 4646K [0x0a750000, 0x0b200000, 0x15200000)
   the space 10944K,  42% used [0x0a750000, 0x0abd9a50, 0x0abd9c00, 0x0b200000)
 Metaspace       used 2579K, capacity 2978K, committed 3008K, reserved 4480K
Event: 71.741 GC heap after
Heap after GC invocations=910 (full 34):
 def new generation   total 4992K, used 512K [0x05200000, 0x05760000, 0x0a750000)
  eden space 4480K,   0% used [0x05200000, 0x05200000, 0x05660000)
  from space 512K, 100% used [0x056e0000, 0x05760000, 0x05760000)
  to   space 512K,   0% used [0x05660000, 0x05660000, 0x056e0000)
 tenured generation   total 10944K, used 4905K [0x0a750000, 0x0b200000, 0x15200000)
   the space 10944K,  44% used [0x0a750000, 0x0ac1a6c0, 0x0ac1a800, 0x0b200000)
 Metaspace       used 2579K, capacity 2978K, committed 3008K, reserved 4480K
}
Event: 71.802 GC heap before
{Heap before GC invocations=910 (full 34):
 def new generation   total 4992K, used 4992K [0x05200000, 0x05760000, 0x0a750000)
  eden space 4480K, 100% used [0x05200000, 0x05660000, 0x05660000)
  from space 512K, 100% used [0x056e0000, 0x05760000, 0x05760000)
  to   space 512K,   0% used [0x05660000, 0x05660000, 0x056e0000)
 tenured generation   total 10944K, used 4905K [0x0a750000, 0x0b200000, 0x15200000)
   the space 10944K,  44% used [0x0a750000, 0x0ac1a6c0, 0x0ac1a800, 0x0b200000)
 Metaspace       used 2579K, capacity 2978K, committed 3008K, reserved 4480K
Event: 71.803 GC heap after
Heap after GC invocations=911 (full 34):
 def new generation   total 4992K, used 512K [0x05200000, 0x05760000, 0x0a750000)
  eden space 4480K,   0% used [0x05200000, 0x05200000, 0x05660000)
  from space 512K, 100% used [0x05660000, 0x056e0000, 0x056e0000)
  to   space 512K,   0% used [0x056e0000, 0x056e0000, 0x05760000)
 tenured generation   total 10944K, used 5165K [0x0a750000, 0x0b200000, 0x15200000)
   the space 10944K,  47% used [0x0a750000, 0x0ac5b618, 0x0ac5b800, 0x0b200000)
 Metaspace       used 2579K, capacity 2978K, committed 3008K, reserved 4480K
}
Event: 71.867 GC heap before
{Heap before GC invocations=911 (full 34):
 def new generation   total 4992K, used 4992K [0x05200000, 0x05760000, 0x0a750000)
  eden space 4480K, 100% used [0x05200000, 0x05660000, 0x05660000)
  from space 512K, 100% used [0x05660000, 0x056e0000, 0x056e0000)
  to   space 512K,   0% used [0x056e0000, 0x056e0000, 0x05760000)
 tenured generation   total 10944K, used 5165K [0x0a750000, 0x0b200000, 0x15200000)
   the space 10944K,  47% used [0x0a750000, 0x0ac5b618, 0x0ac5b800, 0x0b200000)
 Metaspace       used 2579K, capacity 2978K, committed 3008K, reserved 4480K
Event: 71.868 GC heap after
Heap after GC invocations=912 (full 34):
 def new generation   total 4992K, used 512K [0x05200000, 0x05760000, 0x0a750000)
  eden space 4480K,   0% used [0x05200000, 0x05200000, 0x05660000)
  from space 512K, 100% used [0x056e0000, 0x05760000, 0x05760000)
  to   space 512K,   0% used [0x05660000, 0x05660000, 0x056e0000)
 tenured generation   total 10944K, used 5425K [0x0a750000, 0x0b200000, 0x15200000)
   the space 10944K,  49% used [0x0a750000, 0x0ac9c460, 0x0ac9c600, 0x0b200000)
 Metaspace       used 2579K, capacity 2978K, committed 3008K, reserved 4480K
}
Event: 71.935 GC heap before
{Heap before GC invocations=912 (full 34):
 def new generation   total 4992K, used 4992K [0x05200000, 0x05760000, 0x0a750000)
  eden space 4480K, 100% used [0x05200000, 0x05660000, 0x05660000)
  from space 512K, 100% used [0x056e0000, 0x05760000, 0x05760000)
  to   space 512K,   0% used [0x05660000, 0x05660000, 0x056e0000)
 tenured generation   total 10944K, used 5425K [0x0a750000, 0x0b200000, 0x15200000)
   the space 10944K,  49% used [0x0a750000, 0x0ac9c460, 0x0ac9c600, 0x0b200000)
 Metaspace       used 2579K, capacity 2978K, committed 3008K, reserved 4480K
Event: 71.937 GC heap after
Heap after GC invocations=913 (full 34):
 def new generation   total 4992K, used 512K [0x05200000, 0x05760000, 0x0a750000)
  eden space 4480K,   0% used [0x05200000, 0x05200000, 0x05660000)
  from space 512K, 100% used [0x05660000, 0x056e0000, 0x056e0000)
  to   space 512K,   0% used [0x056e0000, 0x056e0000, 0x05760000)
 tenured generation   total 10944K, used 5687K [0x0a750000, 0x0b200000, 0x15200000)
   the space 10944K,  51% used [0x0a750000, 0x0acddd70, 0x0acdde00, 0x0b200000)
 Metaspace       used 2579K, capacity 2978K, committed 3008K, reserved 4480K
}
Event: 71.996 GC heap before
{Heap before GC invocations=913 (full 34):
 def new generation   total 4992K, used 4992K [0x05200000, 0x05760000, 0x0a750000)
  eden space 4480K, 100% used [0x05200000, 0x05660000, 0x05660000)
  from space 512K, 100% used [0x05660000, 0x056e0000, 0x056e0000)
  to   space 512K,   0% used [0x056e0000, 0x056e0000, 0x05760000)
 tenured generation   total 10944K, used 5687K [0x0a750000, 0x0b200000, 0x15200000)
   the space 10944K,  51% used [0x0a750000, 0x0acddd70, 0x0acdde00, 0x0b200000)
 Metaspace       used 2579K, capacity 2978K, committed 3008K, reserved 4480K
Event: 71.997 GC heap after
Heap after GC invocations=914 (full 34):
 def new generation   total 4992K, used 512K [0x05200000, 0x05760000, 0x0a750000)
  eden space 4480K,   0% used [0x05200000, 0x05200000, 0x05660000)
  from space 512K, 100% used [0x056e0000, 0x05760000, 0x05760000)
  to   space 512K,   0% used [0x05660000, 0x05660000, 0x056e0000)
 tenured generation   total 10944K, used 5948K [0x0a750000, 0x0b200000, 0x15200000)
   the space 10944K,  54% used [0x0a750000, 0x0ad1f278, 0x0ad1f400, 0x0b200000)
 Metaspace       used 2579K, capacity 2978K, committed 3008K, reserved 4480K
}

Deoptimization events (0 events):
No events

Classes redefined (0 events):
No events

Internal exceptions (2 events):
Event: 0.030 Thread 0x030fd400 Exception <a 'java/lang/NoSuchMethodError': Method sun.misc.Unsafe.defineClass(Ljava/lang/String;[BII)Ljava/lang/Class; name or signature does not match> (0x05206ea8) thrown at [C:\workspace\8-2-build-windows-i586-cygwin\jdk8u181\11358\hotspot\src\share\v
Event: 0.030 Thread 0x030fd400 Exception <a 'java/lang/NoSuchMethodError': Method sun.misc.Unsafe.prefetchRead(Ljava/lang/Object;J)V name or signature does not match> (0x05207178) thrown at [C:\workspace\8-2-build-windows-i586-cygwin\jdk8u181\11358\hotspot\src\share\vm\prims\jni.cpp, l

Events (10 events):
Event: 71.740 Executing VM operation: GenCollectForAllocation
Event: 71.741 Executing VM operation: GenCollectForAllocation done
Event: 71.802 Executing VM operation: GenCollectForAllocation
Event: 71.803 Executing VM operation: GenCollectForAllocation done
Event: 71.867 Executing VM operation: GenCollectForAllocation
Event: 71.868 Executing VM operation: GenCollectForAllocation done
Event: 71.935 Executing VM operation: GenCollectForAllocation
Event: 71.937 Executing VM operation: GenCollectForAllocation done
Event: 71.995 Executing VM operation: GenCollectForAllocation
Event: 71.997 Executing VM operation: GenCollectForAllocation done


Dynamic libraries:
0x00290000 - 0x002c3000 	C:\Program Files (x86)\Java\jre1.8.0_181\bin\javaw.exe
0x770c0000 - 0x77250000 	C:\WINDOWS\SYSTEM32\ntdll.dll
0x766a0000 - 0x76780000 	C:\WINDOWS\System32\KERNEL32.DLL
0x76c40000 - 0x76e24000 	C:\WINDOWS\System32\KERNELBASE.dll
0x738d0000 - 0x7396d000 	C:\WINDOWS\SYSTEM32\apphelp.dll
0x75ed0000 - 0x75f48000 	C:\WINDOWS\System32\ADVAPI32.dll
0x75f50000 - 0x7600f000 	C:\WINDOWS\System32\msvcrt.dll
0x753a0000 - 0x753e4000 	C:\WINDOWS\System32\sechost.dll
0x76f10000 - 0x76fd0000 	C:\WINDOWS\System32\RPCRT4.dll
0x73980000 - 0x739a0000 	C:\WINDOWS\System32\SspiCli.dll
0x73970000 - 0x7397a000 	C:\WINDOWS\System32\CRYPTBASE.dll
0x76bd0000 - 0x76c28000 	C:\WINDOWS\System32\bcryptPrimitives.dll
0x75070000 - 0x751fd000 	C:\WINDOWS\System32\USER32.dll
0x75a40000 - 0x75a57000 	C:\WINDOWS\System32\win32u.dll
0x76670000 - 0x76692000 	C:\WINDOWS\System32\GDI32.dll
0x75b10000 - 0x75c74000 	C:\WINDOWS\System32\gdi32full.dll
0x75320000 - 0x7539d000 	C:\WINDOWS\System32\msvcp_win.dll
0x75200000 - 0x7531e000 	C:\WINDOWS\System32\ucrtbase.dll
0x6d2f0000 - 0x6d4f4000 	C:\WINDOWS\WinSxS\x86_microsoft.windows.common-controls_6595b64144ccf1df_6.0.17134.228_none_42f2d07044deda9a\COMCTL32.dll
0x74d50000 - 0x74fac000 	C:\WINDOWS\System32\combase.dll
0x74fb0000 - 0x74fd6000 	C:\WINDOWS\System32\IMM32.DLL
0x649c0000 - 0x64a7f000 	C:\Program Files (x86)\Java\jre1.8.0_181\bin\msvcr100.dll
0x67e70000 - 0x68243000 	C:\Program Files (x86)\Java\jre1.8.0_181\bin\client\jvm.dll
0x76e90000 - 0x76e96000 	C:\WINDOWS\System32\PSAPI.DLL
0x72ec0000 - 0x72ee4000 	C:\WINDOWS\SYSTEM32\WINMM.dll
0x735a0000 - 0x735a8000 	C:\WINDOWS\SYSTEM32\VERSION.dll
0x728b0000 - 0x728b8000 	C:\WINDOWS\SYSTEM32\WSOCK32.dll
0x75d90000 - 0x75df7000 	C:\WINDOWS\System32\WS2_32.dll
0x72dd0000 - 0x72df3000 	C:\WINDOWS\SYSTEM32\WINMMBASE.dll
0x75e00000 - 0x75e39000 	C:\WINDOWS\System32\cfgmgr32.dll
0x69a10000 - 0x69a1c000 	C:\Program Files (x86)\Java\jre1.8.0_181\bin\verify.dll
0x67e40000 - 0x67e62000 	C:\Program Files (x86)\Java\jre1.8.0_181\bin\java.dll
0x67e20000 - 0x67e34000 	C:\Program Files (x86)\Java\jre1.8.0_181\bin\zip.dll
0x73a00000 - 0x74d4a000 	C:\WINDOWS\System32\SHELL32.dll
0x759b0000 - 0x75a38000 	C:\WINDOWS\System32\shcore.dll
0x753f0000 - 0x759aa000 	C:\WINDOWS\System32\windows.storage.dll
0x75ac0000 - 0x75b05000 	C:\WINDOWS\System32\shlwapi.dll
0x76e30000 - 0x76e3f000 	C:\WINDOWS\System32\kernel.appcore.dll
0x76ef0000 - 0x76f08000 	C:\WINDOWS\System32\profapi.dll
0x76ea0000 - 0x76ee5000 	C:\WINDOWS\System32\powrprof.dll
0x76660000 - 0x76668000 	C:\WINDOWS\System32\FLTLIB.DLL
0x63f10000 - 0x64196000 	C:\Algorithm2018\Guide-master\Guide-master\JAVA\BasicBot\bwapi_bridge2_5.dll
0x69280000 - 0x6936e000 	C:\WINDOWS\SYSTEM32\MSVCR120.dll
0x6d140000 - 0x6d1b1000 	C:\WINDOWS\SYSTEM32\MSVCP120.dll
0x6acc0000 - 0x6ad27000 	C:\WINDOWS\libgmp-10.dll
0x6f540000 - 0x6f59e000 	C:\WINDOWS\libmpfr-4.dll
0x6f7f0000 - 0x6f972000 	C:\WINDOWS\SYSTEM32\dbghelp.dll

VM Arguments:
jvm_args: -Dfile.encoding=UTF-8 
java_command: Main
java_class_path (initial): C:\Program Files (x86)\Java\jre1.8.0_181\lib\resources.jar;C:\Program Files (x86)\Java\jre1.8.0_181\lib\rt.jar;C:\Program Files (x86)\Java\jre1.8.0_181\lib\jsse.jar;C:\Program Files (x86)\Java\jre1.8.0_181\lib\jce.jar;C:\Program Files (x86)\Java\jre1.8.0_181\lib\charsets.jar;C:\Program Files (x86)\Java\jre1.8.0_181\lib\jfr.jar;C:\Program Files (x86)\Java\jre1.8.0_181\lib\ext\access-bridge-32.jar;C:\Program Files (x86)\Java\jre1.8.0_181\lib\ext\cldrdata.jar;C:\Program Files (x86)\Java\jre1.8.0_181\lib\ext\dnsns.jar;C:\Program Files (x86)\Java\jre1.8.0_181\lib\ext\jaccess.jar;C:\Program Files (x86)\Java\jre1.8.0_181\lib\ext\jfxrt.jar;C:\Program Files (x86)\Java\jre1.8.0_181\lib\ext\localedata.jar;C:\Program Files (x86)\Java\jre1.8.0_181\lib\ext\nashorn.jar;C:\Program Files (x86)\Java\jre1.8.0_181\lib\ext\sunec.jar;C:\Program Files (x86)\Java\jre1.8.0_181\lib\ext\sunjce_provider.jar;C:\Program Files (x86)\Java\jre1.8.0_181\lib\ext\sunmscapi.jar;C:\Program Files (x86)\Java\jre1.8.0_181\lib\ext\sunpkcs11.jar;C:\Program Files (x86)\Java\jre1.8.0_181\lib\ext\zipfs.jar;C:\Algorithm2018\Guide-master\Guide-master\JAVA\BasicBot\bin;C:\Algorithm2018\Guide-master\Guide-master\JAVA\BasicBot\lib\bwmirror_v2_5.jar
Launcher Type: SUN_STANDARD

Environment Variables:
PATH=C:/Program Files (x86)/Java/jre1.8.0_181/bin/client;C:/Program Files (x86)/Java/jre1.8.0_181/bin;C:/Program Files (x86)/Java/jre1.8.0_181/lib/i386;C:\Program Files (x86)\Common Files\Oracle\Java\javapath;C:\Python27\;C:\Python27\Scripts;C:\ProgramData\Oracle\Java\javapath;C:\Windows\system32;C:\Windows;C:\Windows\System32\Wbem;C:\Windows\System32\WindowsPowerShell\v1.0\;C:\Program Files (x86)\NVIDIA Corporation\PhysX\Common;C:\WINDOWS\system32;C:\WINDOWS;C:\WINDOWS\System32\Wbem;C:\WINDOWS\System32\WindowsPowerShell\v1.0\;C:\WINDOWS\System32\OpenSSH\;C:\Users\권순우\AppData\Local\Microsoft\WindowsApps;C:\Users\권순우\Desktop\스타 개발\eclipse-java-oxygen-R-win32\eclipse;
USERNAME=권순우
OS=Windows_NT
PROCESSOR_IDENTIFIER=Intel64 Family 6 Model 94 Stepping 3, GenuineIntel



---------------  S Y S T E M  ---------------

OS: Windows 10.0 , 64 bit Build 17134 (10.0.17134.1)

CPU:total 8 (initial active 8) (4 cores per cpu, 2 threads per core) family 6 model 94 stepping 3, cmov, cx8, fxsr, mmx, sse, sse2, sse3, ssse3, sse4.1, sse4.2, popcnt, avx, avx2, aes, clmul, erms, rtm, 3dnowpref, lzcnt, ht, tsc, tscinvbit, bmi1, bmi2, adx

Memory: 4k page, physical 16709136k(12551036k free), swap 19199504k(13118604k free)

vm_info: Java HotSpot(TM) Client VM (25.181-b13) for windows-x86 JRE (1.8.0_181-b13), built on Jul  7 2018 03:18:20 by "java_re" with MS VC++ 10.0 (VS2010)

time: Sun Aug 19 15:16:49 2018
elapsed time: 72 seconds (0d 0h 1m 12s)

