#
# A fatal error has been detected by the Java Runtime Environment:
#
#  EXCEPTION_ACCESS_VIOLATION (0xc0000005) at pc=0x5d037c5b, pid=7652, tid=0x000007f4
#
# JRE version: Java(TM) SE Runtime Environment (8.0_181-b13) (build 1.8.0_181-b13)
# Java VM: Java HotSpot(TM) Client VM (25.181-b13 mixed mode, sharing windows-x86 )
# Problematic frame:
# V  [jvm.dll+0xd7c5b]
#
# Failed to write core dump. Minidumps are not enabled by default on client versions of Windows
#
# If you would like to submit a bug report, please visit:
#   http://bugreport.java.com/bugreport/crash.jsp
#

---------------  T H R E A D  ---------------

Current thread (0x010ad400):  JavaThread "main" [_thread_in_vm, id=2036, stack(0x02890000,0x028e0000)]

siginfo: ExceptionCode=0xc0000005, reading address 0x00000000

Registers:
EAX=0x00000000, EBX=0x010ad400, ECX=0x00000000, EDX=0x00000001
ESP=0x028dde24, EBP=0x028dde40, ESI=0x010ad540, EDI=0x010ad540
EIP=0x5d037c5b, EFLAGS=0x00010246

Top of Stack: (sp=0x028dde24)
0x028dde24:   010ad540 00000000 010ad400 010ad400
0x028dde34:   00000000 00000000 010ad400 028ddea8
0x028dde44:   6a36a538 010ad540 00000000 00000079
0x028dde54:   010ad400 028ddea8 6a36a50d 00000001
0x028dde64:   0000000f 028d0049 028ddf48 02dc3bd1
0x028dde74:   02db2bc8 00000001 0000000f 010ad400
0x028dde84:   0a749b40 010ad400 010ad540 000000b2
0x028dde94:   010ad400 157f78d8 028ddefc 028ddf34 

Instructions: (pc=0x5d037c5b)
0x5d037c3b:   f2 ff 83 c4 08 83 7b 04 00 89 5d f0 c7 45 f4 00
0x5d037c4b:   00 00 00 74 08 8d 4d f0 e8 08 2b 0d 00 8b 45 0c
0x5d037c5b:   8b 08 8b 51 04 8b 42 38 50 56 e8 46 53 08 00 83
0x5d037c6b:   c4 08 83 7d f4 00 89 45 08 74 08 8d 4d f0 e8 22 


Register to memory mapping:

EAX=0x00000000 is an unknown value
EBX=0x010ad400 is a thread
ECX=0x00000000 is an unknown value
EDX=0x00000001 is an unknown value
ESP=0x028dde24 is pointing into the stack for thread: 0x010ad400
EBP=0x028dde40 is pointing into the stack for thread: 0x010ad400
ESI=0x010ad540 is an unknown value
EDI=0x010ad540 is an unknown value


Stack: [0x02890000,0x028e0000],  sp=0x028dde24,  free space=311k
Native frames: (J=compiled Java code, j=interpreted, Vv=VM code, C=native code)
V  [jvm.dll+0xd7c5b]
C  [bwapi_bridge2_5.dll+0x2a538]
J 404  bwapi.Game.drawCircleMap_native(JLbwapi/Position;ILbwapi/Color;)V (0 bytes) @ 0x02f06fd5 [0x02f06f10+0xc5]
j  bwapi.Game.drawCircleMap(Lbwapi/Position;ILbwapi/Color;)V+8
j  InformationManager.tmptmptmptmp()V+46
J 331 C1 InformationManager.update()V (48 bytes) @ 0x02ee3170 [0x02ee3020+0x150]
J 330 C1 GameCommander.onFrame()V (239 bytes) @ 0x02ee223c [0x02ee2080+0x1bc]
J 329 C1 MyBotModule.onFrame()V (277 bytes) @ 0x02ee07c8 [0x02ee0420+0x3a8]
J 328 C1 bwapi.AIModule.onFrame()V (17 bytes) @ 0x02edfdc4 [0x02edfd90+0x34]
v  ~StubRoutines::call_stub
V  [jvm.dll+0x15c065]
V  [jvm.dll+0x223ade]
V  [jvm.dll+0x15c0fe]
V  [jvm.dll+0xddbfb]
V  [jvm.dll+0xe0b8c]
C  [bwapi_bridge2_5.dll+0x1b20d]
C  [bwapi_bridge2_5.dll+0x75101]
j  bwapi.Mirror.startGame()V+0
j  MyBotModule.run()V+15
j  Main.main([Ljava/lang/String;)V+7
v  ~StubRoutines::call_stub
V  [jvm.dll+0x15c065]
V  [jvm.dll+0x223ade]
V  [jvm.dll+0x15c0fe]
V  [jvm.dll+0xdd9c7]
V  [jvm.dll+0xe5f5f]
C  [javaw.exe+0x2373]
C  [javaw.exe+0xb05f]
C  [javaw.exe+0xb0e9]
C  [KERNEL32.DLL+0x18484]
C  [ntdll.dll+0x62fea]
C  [ntdll.dll+0x62fba]
C  0x00000000

Java frames: (J=compiled Java code, j=interpreted, Vv=VM code)
J 404  bwapi.Game.drawCircleMap_native(JLbwapi/Position;ILbwapi/Color;)V (0 bytes) @ 0x02f06f91 [0x02f06f10+0x81]
j  bwapi.Game.drawCircleMap(Lbwapi/Position;ILbwapi/Color;)V+8
j  InformationManager.tmptmptmptmp()V+46
J 331 C1 InformationManager.update()V (48 bytes) @ 0x02ee3170 [0x02ee3020+0x150]
J 330 C1 GameCommander.onFrame()V (239 bytes) @ 0x02ee223c [0x02ee2080+0x1bc]
J 329 C1 MyBotModule.onFrame()V (277 bytes) @ 0x02ee07c8 [0x02ee0420+0x3a8]
J 328 C1 bwapi.AIModule.onFrame()V (17 bytes) @ 0x02edfdc4 [0x02edfd90+0x34]
v  ~StubRoutines::call_stub
j  bwapi.Mirror.startGame()V+0
j  MyBotModule.run()V+15
j  Main.main([Ljava/lang/String;)V+7
v  ~StubRoutines::call_stub

---------------  P R O C E S S  ---------------

Java Threads: ( => current thread )
  0x02d84000 JavaThread "Service Thread" daemon [_thread_blocked, id=6336, stack(0x16310000,0x16360000)]
  0x02d52c00 JavaThread "C1 CompilerThread0" daemon [_thread_blocked, id=13696, stack(0x16280000,0x162d0000)]
  0x02d4f000 JavaThread "Attach Listener" daemon [_thread_blocked, id=13676, stack(0x161f0000,0x16240000)]
  0x02d6b800 JavaThread "Signal Dispatcher" daemon [_thread_blocked, id=7640, stack(0x15b80000,0x15bd0000)]
  0x02d34c00 JavaThread "Finalizer" daemon [_thread_blocked, id=2952, stack(0x15a60000,0x15ab0000)]
  0x02cd6c00 JavaThread "Reference Handler" daemon [_thread_blocked, id=1372, stack(0x04fb0000,0x05000000)]
=>0x010ad400 JavaThread "main" [_thread_in_vm, id=2036, stack(0x02890000,0x028e0000)]

Other Threads:
  0x02cd4000 VMThread [stack: 0x04f20000,0x04f70000] [id=12160]
  0x02d97800 WatcherThread [stack: 0x163a0000,0x163f0000] [id=10952]

VM state:not at safepoint (normal execution)

VM Mutex/Monitor currently owned by a thread: None

Heap:
 def new generation   total 4992K, used 1877K [0x05000000, 0x05560000, 0x0a550000)
  eden space 4480K,  30% used [0x05000000, 0x051555f8, 0x05460000)
  from space 512K, 100% used [0x05460000, 0x054e0000, 0x054e0000)
  to   space 512K,   0% used [0x054e0000, 0x054e0000, 0x05560000)
 tenured generation   total 10944K, used 4749K [0x0a550000, 0x0b000000, 0x15000000)
   the space 10944K,  43% used [0x0a550000, 0x0a9f3548, 0x0a9f3600, 0x0b000000)
 Metaspace       used 801K, capacity 2946K, committed 3008K, reserved 4480K

Card table byte_map: [0x04e30000,0x04ec0000] byte_map_base: 0x04e08000

Polling page: 0x01080000

CodeCache: size=32768Kb used=1595Kb max_used=1595Kb free=31172Kb
 bounds [0x02db0000, 0x02f40000, 0x04db0000]
 total_blobs=651 nmethods=502 adapters=80
 compilation: enabled

Compilation events (10 events):
Event: 51.229 Thread 0x02d52c00  498   !         java.io.PrintStream::println (24 bytes)
Event: 51.229 Thread 0x02d52c00 nmethod 498 0x02f3e148 code [0x02f3e260, 0x02f3e488]
Event: 51.229 Thread 0x02d52c00  499             java.io.PrintStream::print (13 bytes)
Event: 51.229 Thread 0x02d52c00 nmethod 499 0x02f3e588 code [0x02f3e690, 0x02f3e72c]
Event: 51.229 Thread 0x02d52c00  500             java.util.AbstractCollection::isEmpty (13 bytes)
Event: 51.229 Thread 0x02d52c00 nmethod 500 0x02f3e788 code [0x02f3e890, 0x02f3e93c]
Event: 51.229 Thread 0x02d52c00  501             java.util.LinkedList::poll (19 bytes)
Event: 51.229 Thread 0x02d52c00 nmethod 501 0x02f3e988 code [0x02f3ea90, 0x02f3eb3c]
Event: 51.229 Thread 0x02d52c00  502             java.util.LinkedList::unlinkFirst (64 bytes)
Event: 51.229 Thread 0x02d52c00 nmethod 502 0x02f3ebc8 code [0x02f3ecc0, 0x02f3edc0]

GC Heap History (10 events):
Event: 51.055 GC heap before
{Heap before GC invocations=991 (full 36):
 def new generation   total 4992K, used 4992K [0x05000000, 0x05560000, 0x0a550000)
  eden space 4480K, 100% used [0x05000000, 0x05460000, 0x05460000)
  from space 512K, 100% used [0x054e0000, 0x05560000, 0x05560000)
  to   space 512K,   0% used [0x05460000, 0x05460000, 0x054e0000)
 tenured generation   total 10944K, used 10387K [0x0a550000, 0x0b000000, 0x15000000)
   the space 10944K,  94% used [0x0a550000, 0x0af74fa0, 0x0af75000, 0x0b000000)
 Metaspace       used 759K, capacity 2914K, committed 3008K, reserved 4480K
Event: 51.056 GC heap after
Heap after GC invocations=992 (full 36):
 def new generation   total 4992K, used 512K [0x05000000, 0x05560000, 0x0a550000)
  eden space 4480K,   0% used [0x05000000, 0x05000000, 0x05460000)
  from space 512K, 100% used [0x05460000, 0x054e0000, 0x054e0000)
  to   space 512K,   0% used [0x054e0000, 0x054e0000, 0x05560000)
 tenured generation   total 10944K, used 10646K [0x0a550000, 0x0b000000, 0x15000000)
   the space 10944K,  97% used [0x0a550000, 0x0afb5890, 0x0afb5a00, 0x0b000000)
 Metaspace       used 759K, capacity 2914K, committed 3008K, reserved 4480K
}
Event: 51.102 GC heap before
{Heap before GC invocations=992 (full 36):
 def new generation   total 4992K, used 4992K [0x05000000, 0x05560000, 0x0a550000)
  eden space 4480K, 100% used [0x05000000, 0x05460000, 0x05460000)
  from space 512K, 100% used [0x05460000, 0x054e0000, 0x054e0000)
  to   space 512K,   0% used [0x054e0000, 0x054e0000, 0x05560000)
 tenured generation   total 10944K, used 10646K [0x0a550000, 0x0b000000, 0x15000000)
   the space 10944K,  97% used [0x0a550000, 0x0afb5890, 0x0afb5a00, 0x0b000000)
 Metaspace       used 759K, capacity 2914K, committed 3008K, reserved 4480K
Event: 51.103 GC heap after
Heap after GC invocations=993 (full 36):
 def new generation   total 4992K, used 512K [0x05000000, 0x05560000, 0x0a550000)
  eden space 4480K,   0% used [0x05000000, 0x05000000, 0x05460000)
  from space 512K, 100% used [0x054e0000, 0x05560000, 0x05560000)
  to   space 512K,   0% used [0x05460000, 0x05460000, 0x054e0000)
 tenured generation   total 10944K, used 10903K [0x0a550000, 0x0b000000, 0x15000000)
   the space 10944K,  99% used [0x0a550000, 0x0aff5f10, 0x0aff6000, 0x0b000000)
 Metaspace       used 759K, capacity 2914K, committed 3008K, reserved 4480K
}
Event: 51.148 GC heap before
{Heap before GC invocations=993 (full 36):
 def new generation   total 4992K, used 4992K [0x05000000, 0x05560000, 0x0a550000)
  eden space 4480K, 100% used [0x05000000, 0x05460000, 0x05460000)
  from space 512K, 100% used [0x054e0000, 0x05560000, 0x05560000)
  to   space 512K,   0% used [0x05460000, 0x05460000, 0x054e0000)
 tenured generation   total 10944K, used 10903K [0x0a550000, 0x0b000000, 0x15000000)
   the space 10944K,  99% used [0x0a550000, 0x0aff5f10, 0x0aff6000, 0x0b000000)
 Metaspace       used 759K, capacity 2914K, committed 3008K, reserved 4480K
Event: 51.154 GC heap after
Heap after GC invocations=994 (full 37):
 def new generation   total 4992K, used 0K [0x05000000, 0x05560000, 0x0a550000)
  eden space 4480K,   0% used [0x05000000, 0x05000000, 0x05460000)
  from space 512K,   0% used [0x05460000, 0x05460000, 0x054e0000)
  to   space 512K,   0% used [0x054e0000, 0x054e0000, 0x05560000)
 tenured generation   total 10944K, used 4180K [0x0a550000, 0x0b000000, 0x15000000)
   the space 10944K,  38% used [0x0a550000, 0x0a9651f8, 0x0a965200, 0x0b000000)
 Metaspace       used 759K, capacity 2914K, committed 3008K, reserved 4480K
}
Event: 51.205 GC heap before
{Heap before GC invocations=994 (full 37):
 def new generation   total 4992K, used 4480K [0x05000000, 0x05560000, 0x0a550000)
  eden space 4480K, 100% used [0x05000000, 0x05460000, 0x05460000)
  from space 512K,   0% used [0x05460000, 0x05460000, 0x054e0000)
  to   space 512K,   0% used [0x054e0000, 0x054e0000, 0x05560000)
 tenured generation   total 10944K, used 4180K [0x0a550000, 0x0b000000, 0x15000000)
   the space 10944K,  38% used [0x0a550000, 0x0a9651f8, 0x0a965200, 0x0b000000)
 Metaspace       used 759K, capacity 2914K, committed 3008K, reserved 4480K
Event: 51.207 GC heap after
Heap after GC invocations=995 (full 37):
 def new generation   total 4992K, used 512K [0x05000000, 0x05560000, 0x0a550000)
  eden space 4480K,   0% used [0x05000000, 0x05000000, 0x05460000)
  from space 512K, 100% used [0x054e0000, 0x05560000, 0x05560000)
  to   space 512K,   0% used [0x05460000, 0x05460000, 0x054e0000)
 tenured generation   total 10944K, used 4438K [0x0a550000, 0x0b000000, 0x15000000)
   the space 10944K,  40% used [0x0a550000, 0x0a9a5a18, 0x0a9a5c00, 0x0b000000)
 Metaspace       used 759K, capacity 2914K, committed 3008K, reserved 4480K
}
Event: 51.281 GC heap before
{Heap before GC invocations=995 (full 37):
 def new generation   total 4992K, used 4992K [0x05000000, 0x05560000, 0x0a550000)
  eden space 4480K, 100% used [0x05000000, 0x05460000, 0x05460000)
  from space 512K, 100% used [0x054e0000, 0x05560000, 0x05560000)
  to   space 512K,   0% used [0x05460000, 0x05460000, 0x054e0000)
 tenured generation   total 10944K, used 4438K [0x0a550000, 0x0b000000, 0x15000000)
   the space 10944K,  40% used [0x0a550000, 0x0a9a5a18, 0x0a9a5c00, 0x0b000000)
 Metaspace       used 759K, capacity 2914K, committed 3008K, reserved 4480K
Event: 51.283 GC heap after
Heap after GC invocations=996 (full 37):
 def new generation   total 4992K, used 512K [0x05000000, 0x05560000, 0x0a550000)
  eden space 4480K,   0% used [0x05000000, 0x05000000, 0x05460000)
  from space 512K, 100% used [0x05460000, 0x054e0000, 0x054e0000)
  to   space 512K,   0% used [0x054e0000, 0x054e0000, 0x05560000)
 tenured generation   total 10944K, used 4749K [0x0a550000, 0x0b000000, 0x15000000)
   the space 10944K,  43% used [0x0a550000, 0x0a9f3548, 0x0a9f3600, 0x0b000000)
 Metaspace       used 759K, capacity 2914K, committed 3008K, reserved 4480K
}

Deoptimization events (0 events):
No events

Classes redefined (0 events):
No events

Internal exceptions (2 events):
Event: 0.023 Thread 0x010ad400 Exception <a 'java/lang/NoSuchMethodError': Method sun.misc.Unsafe.defineClass(Ljava/lang/String;[BII)Ljava/lang/Class; name or signature does not match> (0x050079d0) thrown at [C:\workspace\8-2-build-windows-i586-cygwin\jdk8u181\11358\hotspot\src\share\v
Event: 0.023 Thread 0x010ad400 Exception <a 'java/lang/NoSuchMethodError': Method sun.misc.Unsafe.prefetchRead(Ljava/lang/Object;J)V name or signature does not match> (0x05007ca0) thrown at [C:\workspace\8-2-build-windows-i586-cygwin\jdk8u181\11358\hotspot\src\share\vm\prims\jni.cpp, l

Events (10 events):
Event: 51.574 loading class UnitControl_Mutalisk
Event: 51.574 loading class UnitControl_Mutalisk done
Event: 51.575 loading class UnitControl_Hydralisk
Event: 51.575 loading class UnitControl_Hydralisk done
Event: 51.576 loading class UnitControl_Lurker
Event: 51.576 loading class UnitControl_Lurker done
Event: 51.576 loading class UnitControl_Zergling
Event: 51.576 loading class UnitControl_Zergling done
Event: 51.577 loading class UnitControl_Defiler
Event: 51.577 loading class UnitControl_Defiler done


Dynamic libraries:
0x00130000 - 0x00163000 	C:\Program Files (x86)\Java\jre1.8.0_181\bin\javaw.exe
0x771d0000 - 0x77360000 	C:\WINDOWS\SYSTEM32\ntdll.dll
0x76490000 - 0x76570000 	C:\WINDOWS\System32\KERNEL32.DLL
0x75ff0000 - 0x761d4000 	C:\WINDOWS\System32\KERNELBASE.dll
0x739d0000 - 0x73a6d000 	C:\WINDOWS\SYSTEM32\apphelp.dll
0x76910000 - 0x76988000 	C:\WINDOWS\System32\ADVAPI32.dll
0x76390000 - 0x7644f000 	C:\WINDOWS\System32\msvcrt.dll
0x76570000 - 0x765b4000 	C:\WINDOWS\System32\sechost.dll
0x73b70000 - 0x73c30000 	C:\WINDOWS\System32\RPCRT4.dll
0x73a90000 - 0x73ab0000 	C:\WINDOWS\System32\SspiCli.dll
0x73a80000 - 0x73a8a000 	C:\WINDOWS\System32\CRYPTBASE.dll
0x765c0000 - 0x76618000 	C:\WINDOWS\System32\bcryptPrimitives.dll
0x76f50000 - 0x770dd000 	C:\WINDOWS\System32\USER32.dll
0x73ab0000 - 0x73ac7000 	C:\WINDOWS\System32\win32u.dll
0x76ca0000 - 0x76cc2000 	C:\WINDOWS\System32\GDI32.dll
0x75840000 - 0x759a4000 	C:\WINDOWS\System32\gdi32full.dll
0x75f70000 - 0x75fed000 	C:\WINDOWS\System32\msvcp_win.dll
0x761e0000 - 0x762fe000 	C:\WINDOWS\System32\ucrtbase.dll
0x71e00000 - 0x72004000 	C:\WINDOWS\WinSxS\x86_microsoft.windows.common-controls_6595b64144ccf1df_6.0.17134.165_none_42efcd1c44e192b2\COMCTL32.dll
0x76620000 - 0x7687c000 	C:\WINDOWS\System32\combase.dll
0x74170000 - 0x74196000 	C:\WINDOWS\System32\IMM32.DLL
0x6d1f0000 - 0x6d2af000 	C:\Program Files (x86)\Java\jre1.8.0_181\bin\msvcr100.dll
0x5cf60000 - 0x5d333000 	C:\Program Files (x86)\Java\jre1.8.0_181\bin\client\jvm.dll
0x76300000 - 0x76306000 	C:\WINDOWS\System32\PSAPI.DLL
0x72a90000 - 0x72a98000 	C:\WINDOWS\SYSTEM32\WSOCK32.dll
0x72fd0000 - 0x72ff4000 	C:\WINDOWS\SYSTEM32\WINMM.dll
0x76e80000 - 0x76ee7000 	C:\WINDOWS\System32\WS2_32.dll
0x73a70000 - 0x73a78000 	C:\WINDOWS\SYSTEM32\VERSION.dll
0x72fa0000 - 0x72fc3000 	C:\WINDOWS\SYSTEM32\winmmbase.dll
0x76450000 - 0x76489000 	C:\WINDOWS\System32\cfgmgr32.dll
0x60c80000 - 0x60c8c000 	C:\Program Files (x86)\Java\jre1.8.0_181\bin\verify.dll
0x60c50000 - 0x60c72000 	C:\Program Files (x86)\Java\jre1.8.0_181\bin\java.dll
0x5f1d0000 - 0x5f1e4000 	C:\Program Files (x86)\Java\jre1.8.0_181\bin\zip.dll
0x741f0000 - 0x7553a000 	C:\WINDOWS\System32\SHELL32.dll
0x76880000 - 0x76908000 	C:\WINDOWS\System32\shcore.dll
0x759b0000 - 0x75f6a000 	C:\WINDOWS\System32\windows.storage.dll
0x76cd0000 - 0x76d15000 	C:\WINDOWS\System32\shlwapi.dll
0x75830000 - 0x7583f000 	C:\WINDOWS\System32\kernel.appcore.dll
0x76310000 - 0x76328000 	C:\WINDOWS\System32\profapi.dll
0x76e30000 - 0x76e75000 	C:\WINDOWS\System32\powrprof.dll
0x76d20000 - 0x76d28000 	C:\WINDOWS\System32\FLTLIB.DLL
0x6a340000 - 0x6a5c6000 	C:\Algorithm2018\Guide-master\Guide-master\JAVA\BasicBot\bwapi_bridge2_5.dll
0x72080000 - 0x720f1000 	C:\WINDOWS\SYSTEM32\MSVCP120.dll
0x6d480000 - 0x6d56e000 	C:\WINDOWS\SYSTEM32\MSVCR120.dll
0x6acc0000 - 0x6ad27000 	C:\WINDOWS\libgmp-10.dll
0x6f540000 - 0x6f59e000 	C:\WINDOWS\libmpfr-4.dll
0x71000000 - 0x71182000 	C:\WINDOWS\SYSTEM32\dbghelp.dll

VM Arguments:
jvm_args: -Dfile.encoding=UTF-8 
java_command: Main
java_class_path (initial): C:\Program Files (x86)\Java\jre1.8.0_181\lib\resources.jar;C:\Program Files (x86)\Java\jre1.8.0_181\lib\rt.jar;C:\Program Files (x86)\Java\jre1.8.0_181\lib\jsse.jar;C:\Program Files (x86)\Java\jre1.8.0_181\lib\jce.jar;C:\Program Files (x86)\Java\jre1.8.0_181\lib\charsets.jar;C:\Program Files (x86)\Java\jre1.8.0_181\lib\jfr.jar;C:\Program Files (x86)\Java\jre1.8.0_181\lib\ext\access-bridge-32.jar;C:\Program Files (x86)\Java\jre1.8.0_181\lib\ext\cldrdata.jar;C:\Program Files (x86)\Java\jre1.8.0_181\lib\ext\dnsns.jar;C:\Program Files (x86)\Java\jre1.8.0_181\lib\ext\jaccess.jar;C:\Program Files (x86)\Java\jre1.8.0_181\lib\ext\jfxrt.jar;C:\Program Files (x86)\Java\jre1.8.0_181\lib\ext\localedata.jar;C:\Program Files (x86)\Java\jre1.8.0_181\lib\ext\nashorn.jar;C:\Program Files (x86)\Java\jre1.8.0_181\lib\ext\sunec.jar;C:\Program Files (x86)\Java\jre1.8.0_181\lib\ext\sunjce_provider.jar;C:\Program Files (x86)\Java\jre1.8.0_181\lib\ext\sunmscapi.jar;C:\Program Files (x86)\Java\jre1.8.0_181\lib\ext\sunpkcs11.jar;C:\Program Files (x86)\Java\jre1.8.0_181\lib\ext\zipfs.jar;C:\Algorithm2018\Guide-master\Guide-master\JAVA\BasicBot\bin;C:\Algorithm2018\Guide-master\Guide-master\JAVA\BasicBot\lib\bwmirror_v2_5.jar
Launcher Type: SUN_STANDARD

Environment Variables:
PATH=C:/Program Files (x86)/Java/jre1.8.0_181/bin/client;C:/Program Files (x86)/Java/jre1.8.0_181/bin;C:/Program Files (x86)/Java/jre1.8.0_181/lib/i386;C:\Program Files (x86)\Common Files\Oracle\Java\javapath;C:\Python27\;C:\Python27\Scripts;C:\ProgramData\Oracle\Java\javapath;C:\Windows\system32;C:\Windows;C:\Windows\System32\Wbem;C:\Windows\System32\WindowsPowerShell\v1.0\;C:\Program Files (x86)\NVIDIA Corporation\PhysX\Common;C:\WINDOWS\system32;C:\WINDOWS;C:\WINDOWS\System32\Wbem;C:\WINDOWS\System32\WindowsPowerShell\v1.0\;C:\WINDOWS\System32\OpenSSH\;C:\Users\권순우\AppData\Local\Microsoft\WindowsApps;C:\Users\권순우\Desktop\스타 개발\eclipse-java-oxygen-R-win32\eclipse;
USERNAME=권순우
OS=Windows_NT
PROCESSOR_IDENTIFIER=Intel64 Family 6 Model 94 Stepping 3, GenuineIntel



---------------  S Y S T E M  ---------------

OS: Windows 10.0 , 64 bit Build 17134 (10.0.17134.1)

CPU:total 8 (initial active 8) (4 cores per cpu, 2 threads per core) family 6 model 94 stepping 3, cmov, cx8, fxsr, mmx, sse, sse2, sse3, ssse3, sse4.1, sse4.2, popcnt, avx, avx2, aes, clmul, erms, rtm, 3dnowpref, lzcnt, ht, tsc, tscinvbit, bmi1, bmi2, adx

Memory: 4k page, physical 16709136k(11773612k free), swap 19199504k(12248236k free)

vm_info: Java HotSpot(TM) Client VM (25.181-b13) for windows-x86 JRE (1.8.0_181-b13), built on Jul  7 2018 03:18:20 by "java_re" with MS VC++ 10.0 (VS2010)

time: Sat Aug 11 17:26:29 2018
elapsed time: 51 seconds (0d 0h 0m 51s)

