#
# A fatal error has been detected by the Java Runtime Environment:
#
#  EXCEPTION_ACCESS_VIOLATION (0xc0000005) at pc=0x69ecb7f5, pid=2504, tid=0x000032cc
#
# JRE version: Java(TM) SE Runtime Environment (8.0_171-b11) (build 1.8.0_171-b11)
# Java VM: Java HotSpot(TM) Client VM (25.171-b11 mixed mode, sharing windows-x86 )
# Problematic frame:
# C  [bwapi_bridge2_5.dll+0x9b7f5]
#
# Failed to write core dump. Minidumps are not enabled by default on client versions of Windows
#
# If you would like to submit a bug report, please visit:
#   http://bugreport.java.com/bugreport/crash.jsp
# The crash happened outside the Java Virtual Machine in native code.
# See problematic frame for where to report the bug.
#

---------------  T H R E A D  ---------------

Current thread (0x0171d400):  JavaThread "main" [_thread_in_native, id=13004, stack(0x01610000,0x01660000)]

siginfo: ExceptionCode=0xc0000005, writing address 0x1a98d000

Registers:
EAX=0x00010554, EBX=0x0171d400, ECX=0x18a10000, EDX=0x01306910
ESP=0x0165dcbc, EBP=0x0165dd40, ESI=0x168d7870, EDI=0x0165ddb8
EIP=0x69ecb7f5, EFLAGS=0x00010206

Top of Stack: (sp=0x0165dcbc)
0x0165dcbc:   84f73ad9 0165ddb8 168d7870 0165dcb8
0x0165dccc:   00000000 0000000f 168d7870 17184093
0x0165dcdc:   1667f218 0000000a 000000dc ffffffff
0x0165dcec:   00000fff 00000000 00000000 00000000
0x0165dcfc:   0000000f 00000000 0165ddb8 6a00013c
0x0165dd0c:   168d7870 0000000a 00000000 00000fff
0x0165dd1c:   00000000 00000000 ffffffff ffffffff
0x0165dd2c:   0130dc3c 0171d400 0165e094 69fdc4c0 

Instructions: (pc=0x69ecb7f5)
0x69ecb7d5:   0f 6f 44 24 24 8b 4a 14 8b 81 48 a5 ef 01 8d 04
0x69ecb7e5:   40 f3 0f 7f 84 c1 4c a5 ef 01 f3 0f 7e 44 24 34
0x69ecb7f5:   66 0f d6 84 c1 5c a5 ef 01 8b ca 8b 42 14 ff 80
0x69ecb805:   48 a5 ef 01 8b 02 8b 40 50 ff d0 f3 0f 6f 45 08 


Register to memory mapping:

EAX=0x00010554 is an unknown value
EBX=0x0171d400 is a thread
ECX=0x18a10000 is an unknown value
EDX=0x01306910 is an unknown value
ESP=0x0165dcbc is pointing into the stack for thread: 0x0171d400
EBP=0x0165dd40 is pointing into the stack for thread: 0x0171d400
ESI=0x168d7870 is an unknown value
EDI=0x0165ddb8 is pointing into the stack for thread: 0x0171d400


Stack: [0x01610000,0x01660000],  sp=0x0165dcbc,  free space=311k
Native frames: (J=compiled Java code, j=interpreted, Vv=VM code, C=native code)
C  [bwapi_bridge2_5.dll+0x9b7f5]
C  [bwapi_bridge2_5.dll+0x397cd]
J 518  bwapi.Unit.move_native(JLbwapi/Position;)Z (0 bytes) @ 0x0354df78 [0x0354ded0+0xa8]
J 323 C1 Mutalisk.myMutal()V (519 bytes) @ 0x034f856c [0x034f8040+0x52c]
J 298 C1 StrategyManager.update()V (124 bytes) @ 0x034dc330 [0x034dc160+0x1d0]
J 360 C1 GameCommander.onFrame()V (239 bytes) @ 0x0350486c [0x035044a0+0x3cc]
J 355 C1 MyBotModule.onFrame()V (277 bytes) @ 0x034ff6cc [0x034ff4d0+0x1fc]
J 363 C1 bwapi.AIModule.onFrame()V (17 bytes) @ 0x03505c44 [0x03505c10+0x34]
v  ~StubRoutines::call_stub
V  [jvm.dll+0x15b985]
V  [jvm.dll+0x22262e]
V  [jvm.dll+0x15ba1e]
V  [jvm.dll+0xdd5db]
V  [jvm.dll+0xe056c]
C  [bwapi_bridge2_5.dll+0x1b20d]
C  [bwapi_bridge2_5.dll+0x75101]
j  bwapi.Mirror.startGame()V+0
j  MyBotModule.run()V+15
j  Main.main([Ljava/lang/String;)V+7
v  ~StubRoutines::call_stub
V  [jvm.dll+0x15b985]
V  [jvm.dll+0x22262e]
V  [jvm.dll+0x15ba1e]
V  [jvm.dll+0xdd3a7]
V  [jvm.dll+0xe593f]
C  [javaw.exe+0x233a]
C  [javaw.exe+0xb020]
C  [javaw.exe+0xb0aa]
C  [KERNEL32.DLL+0x18484]
C  [ntdll.dll+0x62fea]
C  [ntdll.dll+0x62fba]
C  0x00000000

Java frames: (J=compiled Java code, j=interpreted, Vv=VM code)
J 518  bwapi.Unit.move_native(JLbwapi/Position;)Z (0 bytes) @ 0x0354df34 [0x0354ded0+0x64]
J 323 C1 Mutalisk.myMutal()V (519 bytes) @ 0x034f856c [0x034f8040+0x52c]
J 298 C1 StrategyManager.update()V (124 bytes) @ 0x034dc330 [0x034dc160+0x1d0]
J 360 C1 GameCommander.onFrame()V (239 bytes) @ 0x0350486c [0x035044a0+0x3cc]
J 355 C1 MyBotModule.onFrame()V (277 bytes) @ 0x034ff6cc [0x034ff4d0+0x1fc]
J 363 C1 bwapi.AIModule.onFrame()V (17 bytes) @ 0x03505c44 [0x03505c10+0x34]
v  ~StubRoutines::call_stub
j  bwapi.Mirror.startGame()V+0
j  MyBotModule.run()V+15
j  Main.main([Ljava/lang/String;)V+7
v  ~StubRoutines::call_stub

---------------  P R O C E S S  ---------------

Java Threads: ( => current thread )
  0x02f88c00 JavaThread "Service Thread" daemon [_thread_blocked, id=13804, stack(0x15cf0000,0x15d40000)]
  0x02f82c00 JavaThread "C1 CompilerThread0" daemon [_thread_blocked, id=15620, stack(0x15c60000,0x15cb0000)]
  0x02f7f000 JavaThread "Attach Listener" daemon [_thread_blocked, id=7468, stack(0x15bd0000,0x15c20000)]
  0x02f9b800 JavaThread "Signal Dispatcher" daemon [_thread_blocked, id=6888, stack(0x15b40000,0x15b90000)]
  0x02f64c00 JavaThread "Finalizer" daemon [_thread_blocked, id=15436, stack(0x15a20000,0x15a70000)]
  0x02f06c00 JavaThread "Reference Handler" daemon [_thread_blocked, id=8480, stack(0x15990000,0x159e0000)]
=>0x0171d400 JavaThread "main" [_thread_in_native, id=13004, stack(0x01610000,0x01660000)]

Other Threads:
  0x02f04000 VMThread [stack: 0x053b0000,0x05400000] [id=12752]
  0x02f8a000 WatcherThread [stack: 0x15d80000,0x15dd0000] [id=13772]

VM state:not at safepoint (normal execution)

VM Mutex/Monitor currently owned by a thread: None

Heap:
 def new generation   total 4992K, used 3737K [0x05400000, 0x05960000, 0x0a950000)
  eden space 4480K,  72% used [0x05400000, 0x05726700, 0x05860000)
  from space 512K,  99% used [0x05860000, 0x058dfff8, 0x058e0000)
  to   space 512K,   0% used [0x058e0000, 0x058e0000, 0x05960000)
 tenured generation   total 10944K, used 9776K [0x0a950000, 0x0b400000, 0x15400000)
   the space 10944K,  89% used [0x0a950000, 0x0b2dc168, 0x0b2dc200, 0x0b400000)
 Metaspace       used 750K, capacity 2914K, committed 3008K, reserved 4480K

Card table byte_map: [0x15400000,0x15490000] byte_map_base: 0x153d6000

Polling page: 0x01220000

CodeCache: size=32768Kb used=1656Kb max_used=1656Kb free=31111Kb
 bounds [0x033b0000, 0x03550000, 0x053b0000]
 total_blobs=666 nmethods=518 adapters=79
 compilation: enabled

Compilation events (10 events):
Event: 180.472 Thread 0x02f82c00  509             java.lang.String::indexOf (7 bytes)
Event: 180.472 Thread 0x02f82c00 nmethod 509 0x0354b648 code [0x0354b740, 0x0354b7dc]
Event: 180.473 Thread 0x02f82c00  510   !         java.io.PrintStream::write (83 bytes)
Event: 180.473 Thread 0x02f82c00 nmethod 510 0x0354b848 code [0x0354b9c0, 0x0354bdc4]
Event: 180.473 Thread 0x02f82c00  511   !         java.io.PrintStream::newLine (73 bytes)
Event: 180.473 Thread 0x02f82c00 nmethod 511 0x0354c388 code [0x0354c4f0, 0x0354c8b8]
Event: 180.473 Thread 0x02f82c00  512             java.io.BufferedWriter::newLine (9 bytes)
Event: 180.473 Thread 0x02f82c00 nmethod 512 0x0354ce08 code [0x0354cf10, 0x0354cfbc]
Event: 182.859 Thread 0x02f82c00  516             java.util.HashMap::clear (50 bytes)
Event: 182.859 Thread 0x02f82c00 nmethod 516 0x0354d8c8 code [0x0354d9c0, 0x0354da90]

GC Heap History (10 events):
Event: 182.802 GC heap before
{Heap before GC invocations=1674 (full 65):
 def new generation   total 4992K, used 4991K [0x05400000, 0x05960000, 0x0a950000)
  eden space 4480K, 100% used [0x05400000, 0x05860000, 0x05860000)
  from space 512K,  99% used [0x058e0000, 0x0595fff8, 0x05960000)
  to   space 512K,   0% used [0x05860000, 0x05860000, 0x058e0000)
 tenured generation   total 10944K, used 8472K [0x0a950000, 0x0b400000, 0x15400000)
   the space 10944K,  77% used [0x0a950000, 0x0b1961e8, 0x0b196200, 0x0b400000)
 Metaspace       used 750K, capacity 2914K, committed 3008K, reserved 4480K
Event: 182.803 GC heap after
Heap after GC invocations=1675 (full 65):
 def new generation   total 4992K, used 511K [0x05400000, 0x05960000, 0x0a950000)
  eden space 4480K,   0% used [0x05400000, 0x05400000, 0x05860000)
  from space 512K,  99% used [0x05860000, 0x058dfff8, 0x058e0000)
  to   space 512K,   0% used [0x058e0000, 0x058e0000, 0x05960000)
 tenured generation   total 10944K, used 8732K [0x0a950000, 0x0b400000, 0x15400000)
   the space 10944K,  79% used [0x0a950000, 0x0b1d7010, 0x0b1d7200, 0x0b400000)
 Metaspace       used 750K, capacity 2914K, committed 3008K, reserved 4480K
}
Event: 182.913 GC heap before
{Heap before GC invocations=1675 (full 65):
 def new generation   total 4992K, used 4991K [0x05400000, 0x05960000, 0x0a950000)
  eden space 4480K, 100% used [0x05400000, 0x05860000, 0x05860000)
  from space 512K,  99% used [0x05860000, 0x058dfff8, 0x058e0000)
  to   space 512K,   0% used [0x058e0000, 0x058e0000, 0x05960000)
 tenured generation   total 10944K, used 8732K [0x0a950000, 0x0b400000, 0x15400000)
   the space 10944K,  79% used [0x0a950000, 0x0b1d7010, 0x0b1d7200, 0x0b400000)
 Metaspace       used 750K, capacity 2914K, committed 3008K, reserved 4480K
Event: 182.915 GC heap after
Heap after GC invocations=1676 (full 65):
 def new generation   total 4992K, used 512K [0x05400000, 0x05960000, 0x0a950000)
  eden space 4480K,   0% used [0x05400000, 0x05400000, 0x05860000)
  from space 512K, 100% used [0x058e0000, 0x05960000, 0x05960000)
  to   space 512K,   0% used [0x05860000, 0x05860000, 0x058e0000)
 tenured generation   total 10944K, used 8993K [0x0a950000, 0x0b400000, 0x15400000)
   the space 10944K,  82% used [0x0a950000, 0x0b2185d8, 0x0b218600, 0x0b400000)
 Metaspace       used 750K, capacity 2914K, committed 3008K, reserved 4480K
}
Event: 183.008 GC heap before
{Heap before GC invocations=1676 (full 65):
 def new generation   total 4992K, used 4992K [0x05400000, 0x05960000, 0x0a950000)
  eden space 4480K, 100% used [0x05400000, 0x05860000, 0x05860000)
  from space 512K, 100% used [0x058e0000, 0x05960000, 0x05960000)
  to   space 512K,   0% used [0x05860000, 0x05860000, 0x058e0000)
 tenured generation   total 10944K, used 8993K [0x0a950000, 0x0b400000, 0x15400000)
   the space 10944K,  82% used [0x0a950000, 0x0b2185d8, 0x0b218600, 0x0b400000)
 Metaspace       used 750K, capacity 2914K, committed 3008K, reserved 4480K
Event: 183.009 GC heap after
Heap after GC invocations=1677 (full 65):
 def new generation   total 4992K, used 512K [0x05400000, 0x05960000, 0x0a950000)
  eden space 4480K,   0% used [0x05400000, 0x05400000, 0x05860000)
  from space 512K, 100% used [0x05860000, 0x058e0000, 0x058e0000)
  to   space 512K,   0% used [0x058e0000, 0x058e0000, 0x05960000)
 tenured generation   total 10944K, used 9256K [0x0a950000, 0x0b400000, 0x15400000)
   the space 10944K,  84% used [0x0a950000, 0x0b25a020, 0x0b25a200, 0x0b400000)
 Metaspace       used 750K, capacity 2914K, committed 3008K, reserved 4480K
}
Event: 183.100 GC heap before
{Heap before GC invocations=1677 (full 65):
 def new generation   total 4992K, used 4992K [0x05400000, 0x05960000, 0x0a950000)
  eden space 4480K, 100% used [0x05400000, 0x05860000, 0x05860000)
  from space 512K, 100% used [0x05860000, 0x058e0000, 0x058e0000)
  to   space 512K,   0% used [0x058e0000, 0x058e0000, 0x05960000)
 tenured generation   total 10944K, used 9256K [0x0a950000, 0x0b400000, 0x15400000)
   the space 10944K,  84% used [0x0a950000, 0x0b25a020, 0x0b25a200, 0x0b400000)
 Metaspace       used 750K, capacity 2914K, committed 3008K, reserved 4480K
Event: 183.101 GC heap after
Heap after GC invocations=1678 (full 65):
 def new generation   total 4992K, used 511K [0x05400000, 0x05960000, 0x0a950000)
  eden space 4480K,   0% used [0x05400000, 0x05400000, 0x05860000)
  from space 512K,  99% used [0x058e0000, 0x0595fff8, 0x05960000)
  to   space 512K,   0% used [0x05860000, 0x05860000, 0x058e0000)
 tenured generation   total 10944K, used 9517K [0x0a950000, 0x0b400000, 0x15400000)
   the space 10944K,  86% used [0x0a950000, 0x0b29b600, 0x0b29b600, 0x0b400000)
 Metaspace       used 750K, capacity 2914K, committed 3008K, reserved 4480K
}
Event: 183.202 GC heap before
{Heap before GC invocations=1678 (full 65):
 def new generation   total 4992K, used 4991K [0x05400000, 0x05960000, 0x0a950000)
  eden space 4480K, 100% used [0x05400000, 0x05860000, 0x05860000)
  from space 512K,  99% used [0x058e0000, 0x0595fff8, 0x05960000)
  to   space 512K,   0% used [0x05860000, 0x05860000, 0x058e0000)
 tenured generation   total 10944K, used 9517K [0x0a950000, 0x0b400000, 0x15400000)
   the space 10944K,  86% used [0x0a950000, 0x0b29b600, 0x0b29b600, 0x0b400000)
 Metaspace       used 750K, capacity 2914K, committed 3008K, reserved 4480K
Event: 183.203 GC heap after
Heap after GC invocations=1679 (full 65):
 def new generation   total 4992K, used 511K [0x05400000, 0x05960000, 0x0a950000)
  eden space 4480K,   0% used [0x05400000, 0x05400000, 0x05860000)
  from space 512K,  99% used [0x05860000, 0x058dfff8, 0x058e0000)
  to   space 512K,   0% used [0x058e0000, 0x058e0000, 0x05960000)
 tenured generation   total 10944K, used 9776K [0x0a950000, 0x0b400000, 0x15400000)
   the space 10944K,  89% used [0x0a950000, 0x0b2dc168, 0x0b2dc200, 0x0b400000)
 Metaspace       used 750K, capacity 2914K, committed 3008K, reserved 4480K
}

Deoptimization events (0 events):
No events

Classes redefined (0 events):
No events

Internal exceptions (2 events):
Event: 0.021 Thread 0x0171d400 Exception <a 'java/lang/NoSuchMethodError': Method sun.misc.Unsafe.defineClass(Ljava/lang/String;[BII)Ljava/lang/Class; name or signature does not match> (0x054079d0) thrown at [C:\re\workspace\8-2-build-windows-i586-cygwin\jdk8u171\10807\hotspot\src\shar
Event: 0.021 Thread 0x0171d400 Exception <a 'java/lang/NoSuchMethodError': Method sun.misc.Unsafe.prefetchRead(Ljava/lang/Object;J)V name or signature does not match> (0x05407ca0) thrown at [C:\re\workspace\8-2-build-windows-i586-cygwin\jdk8u171\10807\hotspot\src\share\vm\prims\jni.cpp

Events (10 events):
Event: 182.802 Executing VM operation: GenCollectForAllocation
Event: 182.803 Executing VM operation: GenCollectForAllocation done
Event: 182.913 Executing VM operation: GenCollectForAllocation
Event: 182.915 Executing VM operation: GenCollectForAllocation done
Event: 183.008 Executing VM operation: GenCollectForAllocation
Event: 183.009 Executing VM operation: GenCollectForAllocation done
Event: 183.100 Executing VM operation: GenCollectForAllocation
Event: 183.101 Executing VM operation: GenCollectForAllocation done
Event: 183.202 Executing VM operation: GenCollectForAllocation
Event: 183.203 Executing VM operation: GenCollectForAllocation done


Dynamic libraries:
0x001f0000 - 0x00223000 	C:\Program Files (x86)\Java\jre1.8.0_171\bin\javaw.exe
0x77680000 - 0x77810000 	C:\WINDOWS\SYSTEM32\ntdll.dll
0x74650000 - 0x74730000 	C:\WINDOWS\System32\KERNEL32.DLL
0x74460000 - 0x74644000 	C:\WINDOWS\System32\KERNELBASE.dll
0x73e90000 - 0x73f2d000 	C:\WINDOWS\SYSTEM32\apphelp.dll
0x75aa0000 - 0x75b18000 	C:\WINDOWS\System32\ADVAPI32.dll
0x75b20000 - 0x75bdf000 	C:\WINDOWS\System32\msvcrt.dll
0x75440000 - 0x75484000 	C:\WINDOWS\System32\sechost.dll
0x742c0000 - 0x74380000 	C:\WINDOWS\System32\RPCRT4.dll
0x73f40000 - 0x73f60000 	C:\WINDOWS\System32\SspiCli.dll
0x73f30000 - 0x73f3a000 	C:\WINDOWS\System32\CRYPTBASE.dll
0x75490000 - 0x754e8000 	C:\WINDOWS\System32\bcryptPrimitives.dll
0x75080000 - 0x7520d000 	C:\WINDOWS\System32\USER32.dll
0x75060000 - 0x75077000 	C:\WINDOWS\System32\win32u.dll
0x74290000 - 0x742b2000 	C:\WINDOWS\System32\GDI32.dll
0x75ca0000 - 0x75e04000 	C:\WINDOWS\System32\gdi32full.dll
0x73f60000 - 0x73fdd000 	C:\WINDOWS\System32\msvcp_win.dll
0x73fe0000 - 0x740fe000 	C:\WINDOWS\System32\ucrtbase.dll
0x72710000 - 0x72914000 	C:\WINDOWS\WinSxS\x86_microsoft.windows.common-controls_6595b64144ccf1df_6.0.17134.112_none_42ecccf244e44518\COMCTL32.dll
0x77310000 - 0x7756c000 	C:\WINDOWS\System32\combase.dll
0x75550000 - 0x75576000 	C:\WINDOWS\System32\IMM32.DLL
0x6cbe0000 - 0x6cc9f000 	C:\Program Files (x86)\Java\jre1.8.0_171\bin\msvcr100.dll
0x6ad40000 - 0x6b111000 	C:\Program Files (x86)\Java\jre1.8.0_171\bin\client\jvm.dll
0x77300000 - 0x77306000 	C:\WINDOWS\System32\PSAPI.DLL
0x72eb0000 - 0x72eb8000 	C:\WINDOWS\SYSTEM32\WSOCK32.dll
0x73480000 - 0x734a4000 	C:\WINDOWS\SYSTEM32\WINMM.dll
0x73e80000 - 0x73e88000 	C:\WINDOWS\SYSTEM32\VERSION.dll
0x74100000 - 0x74167000 	C:\WINDOWS\System32\WS2_32.dll
0x73450000 - 0x73473000 	C:\WINDOWS\SYSTEM32\WINMMBASE.dll
0x75a50000 - 0x75a89000 	C:\WINDOWS\System32\cfgmgr32.dll
0x72980000 - 0x7298c000 	C:\Program Files (x86)\Java\jre1.8.0_171\bin\verify.dll
0x72950000 - 0x72972000 	C:\Program Files (x86)\Java\jre1.8.0_171\bin\java.dll
0x72400000 - 0x72414000 	C:\Program Files (x86)\Java\jre1.8.0_171\bin\zip.dll
0x75e10000 - 0x7715a000 	C:\WINDOWS\System32\SHELL32.dll
0x75210000 - 0x75298000 	C:\WINDOWS\System32\shcore.dll
0x747d0000 - 0x74d8a000 	C:\WINDOWS\System32\windows.storage.dll
0x74d90000 - 0x74dd5000 	C:\WINDOWS\System32\shlwapi.dll
0x75580000 - 0x7558f000 	C:\WINDOWS\System32\kernel.appcore.dll
0x77570000 - 0x77588000 	C:\WINDOWS\System32\profapi.dll
0x74380000 - 0x743c5000 	C:\WINDOWS\System32\powrprof.dll
0x75a90000 - 0x75a98000 	C:\WINDOWS\System32\FLTLIB.DLL
0x69e30000 - 0x6a0b6000 	C:\Algorithm2018\Guide-master\Guide-master\JAVA\BasicBot\bwapi_bridge2_5.dll
0x6bb40000 - 0x6bc2e000 	C:\WINDOWS\SYSTEM32\MSVCR120.dll
0x6cb40000 - 0x6cbb1000 	C:\WINDOWS\SYSTEM32\MSVCP120.dll
0x6acc0000 - 0x6ad27000 	C:\WINDOWS\libgmp-10.dll
0x6f540000 - 0x6f59e000 	C:\WINDOWS\libmpfr-4.dll
0x71280000 - 0x71402000 	C:\WINDOWS\SYSTEM32\dbghelp.dll

VM Arguments:
jvm_args: -Dfile.encoding=UTF-8 
java_command: Main
java_class_path (initial): C:\Program Files (x86)\Java\jre1.8.0_171\lib\resources.jar;C:\Program Files (x86)\Java\jre1.8.0_171\lib\rt.jar;C:\Program Files (x86)\Java\jre1.8.0_171\lib\jsse.jar;C:\Program Files (x86)\Java\jre1.8.0_171\lib\jce.jar;C:\Program Files (x86)\Java\jre1.8.0_171\lib\charsets.jar;C:\Program Files (x86)\Java\jre1.8.0_171\lib\jfr.jar;C:\Program Files (x86)\Java\jre1.8.0_171\lib\ext\access-bridge-32.jar;C:\Program Files (x86)\Java\jre1.8.0_171\lib\ext\cldrdata.jar;C:\Program Files (x86)\Java\jre1.8.0_171\lib\ext\dnsns.jar;C:\Program Files (x86)\Java\jre1.8.0_171\lib\ext\jaccess.jar;C:\Program Files (x86)\Java\jre1.8.0_171\lib\ext\jfxrt.jar;C:\Program Files (x86)\Java\jre1.8.0_171\lib\ext\localedata.jar;C:\Program Files (x86)\Java\jre1.8.0_171\lib\ext\nashorn.jar;C:\Program Files (x86)\Java\jre1.8.0_171\lib\ext\sunec.jar;C:\Program Files (x86)\Java\jre1.8.0_171\lib\ext\sunjce_provider.jar;C:\Program Files (x86)\Java\jre1.8.0_171\lib\ext\sunmscapi.jar;C:\Program Files (x86)\Java\jre1.8.0_171\lib\ext\sunpkcs11.jar;C:\Program Files (x86)\Java\jre1.8.0_171\lib\ext\zipfs.jar;C:\Algorithm2018\Guide-master\Guide-master\JAVA\BasicBot\bin;C:\Algorithm2018\Guide-master\Guide-master\JAVA\BasicBot\lib\bwmirror_v2_5.jar
Launcher Type: SUN_STANDARD

Environment Variables:
PATH=C:/Program Files (x86)/Java/jre1.8.0_171/bin/client;C:/Program Files (x86)/Java/jre1.8.0_171/bin;C:/Program Files (x86)/Java/jre1.8.0_171/lib/i386;C:\Program Files (x86)\Common Files\Oracle\Java\javapath;C:\Python27\;C:\Python27\Scripts;C:\ProgramData\Oracle\Java\javapath;C:\Windows\system32;C:\Windows;C:\Windows\System32\Wbem;C:\Windows\System32\WindowsPowerShell\v1.0\;C:\Program Files (x86)\NVIDIA Corporation\PhysX\Common;C:\WINDOWS\system32;C:\WINDOWS;C:\WINDOWS\System32\Wbem;C:\WINDOWS\System32\WindowsPowerShell\v1.0\;C:\WINDOWS\System32\OpenSSH\;C:\Users\권순우\AppData\Local\Microsoft\WindowsApps;C:\Users\권순우\Desktop\스타 개발\eclipse-java-oxygen-R-win32\eclipse;
USERNAME=권순우
OS=Windows_NT
PROCESSOR_IDENTIFIER=Intel64 Family 6 Model 94 Stepping 3, GenuineIntel



---------------  S Y S T E M  ---------------

OS: Windows 10.0 , 64 bit Build 17134 (10.0.17134.1)

CPU:total 8 (initial active 8) (4 cores per cpu, 2 threads per core) family 6 model 94 stepping 3, cmov, cx8, fxsr, mmx, sse, sse2, sse3, ssse3, sse4.1, sse4.2, popcnt, avx, avx2, aes, clmul, erms, rtm, 3dnowpref, lzcnt, ht, tsc, tscinvbit, bmi1, bmi2, adx

Memory: 4k page, physical 16709136k(12852316k free), swap 19199504k(13087816k free)

vm_info: Java HotSpot(TM) Client VM (25.171-b11) for windows-x86 JRE (1.8.0_171-b11), built on Mar 28 2018 14:51:22 by "java_re" with MS VC++ 10.0 (VS2010)

time: Sun Jul 01 01:03:05 2018
elapsed time: 183 seconds (0d 0h 3m 3s)

